--2026-03-12 17:23:11--  https://raw.githubusercontent.com/hrnr/m-explore-extra/master/map_merge/hector_maps/map00.pgm
Resolving raw.githubusercontent.com (raw.githubusercontent.com)... 185.199.111.133, 185.199.108.133, 185.199.109.133, ...
Connecting to raw.githubusercontent.com (raw.githubusercontent.com)|185.199.111.133|:443... connected.
HTTP request sent, awaiting response... 200 OK
Length: 4194362 (4.0M) [application/octet-stream]
Saving to: ‘/home/kky/cde2310_ws/build/multirobot_map_merge/map00.pgm’

     0K .......... .......... .......... .......... ..........  1% 1.38M 3s
    50K .......... .......... .......... .......... ..........  2% 2.92M 2s
   100K .......... .......... .......... .......... ..........  3% 2.36M 2s
   150K .......... .......... .......... .......... ..........  4% 3.25M 2s
   200K .......... .......... .......... .......... ..........  6% 5.66M 1s
   250K .......... .......... .......... .......... ..........  7% 4.34M 1s
   300K .......... .......... .......... .......... ..........  8% 5.54M 1s
   350K .......... .......... .......... .......... ..........  9% 5.53M 1s
   400K .......... .......... .......... .......... .......... 10% 2.63M 1s
   450K .......... .......... .......... .......... .......... 12% 8.92M 1s
   500K .......... .......... .......... .......... .......... 13% 4.23M 1s
   550K .......... .......... .......... .......... .......... 14% 4.11M 1s
   600K .......... .......... .......... .......... .......... 15% 5.91M 1s
   650K .......... .......... .......... .......... .......... 17% 3.42M 1s
   700K .......... .......... .......... .......... .......... 18% 3.33M 1s
   750K .......... .......... .......... .......... .......... 19% 3.28M 1s
   800K .......... .......... .......... .......... .......... 20% 3.89M 1s
   850K .......... .......... .......... .......... .......... 21% 3.42M 1s
   900K .......... .......... .......... .......... .......... 23% 2.77M 1s
   950K .......... .......... .......... .......... .......... 24% 6.53M 1s
  1000K .......... .......... .......... .......... .......... 25% 3.87M 1s
  1050K .......... .......... .......... .......... .......... 26% 2.60M 1s
  1100K .......... .......... .......... .......... .......... 28% 6.04M 1s
  1150K .......... .......... .......... .......... .......... 29% 2.66M 1s
  1200K .......... .......... .......... .......... .......... 30% 3.94M 1s
  1250K .......... .......... .......... .......... .......... 31% 2.27M 1s
  1300K .......... .......... .......... .......... .......... 32% 34.0M 1s
  1350K .......... .......... .......... .......... .......... 34% 4.65M 1s
  1400K .......... .......... .......... .......... .......... 35% 6.11M 1s
  1450K .......... .......... .......... .......... .......... 36% 2.19M 1s
  1500K .......... .......... .......... .......... .......... 37% 3.60M 1s
  1550K .......... .......... .......... .......... .......... 39% 4.70M 1s
  1600K .......... .......... .......... .......... .......... 40% 3.78M 1s
  1650K .......... .......... .......... .......... .......... 41% 3.30M 1s
  1700K .......... .......... .......... .......... .......... 42% 1.19M 1s
  1750K .......... .......... .......... .......... .......... 43% 2.06M 1s
  1800K .......... .......... .......... .......... .......... 45% 2.29M 1s
  1850K .......... .......... .......... .......... .......... 46% 2.25M 1s
  1900K .......... .......... .......... .......... .......... 47% 2.98M 1s
  1950K .......... .......... .......... .......... .......... 48%  988K 1s
  2000K .......... .......... .......... .......... .......... 50%  444K 1s
  2050K .......... .......... .......... .......... .......... 51% 2.69M 1s
  2100K .......... .......... .......... .......... .......... 52%  166K 1s
  2150K .......... .......... .......... .......... .......... 53% 1.48M 1s
  2200K .......... .......... .......... .......... .......... 54% 2.56M 1s
  2250K .......... .......... .......... .......... .......... 56% 1.73M 1s
  2300K .......... .......... .......... .......... .......... 57% 6.53M 1s
  2350K .......... .......... .......... .......... .......... 58%  675K 1s
  2400K .......... .......... .......... .......... .......... 59% 3.04M 1s
  2450K .......... .......... .......... .......... .......... 61% 2.02M 1s
  2500K .......... .......... .......... .......... .......... 62% 1.44M 1s
  2550K .......... .......... .......... .......... .......... 63% 3.23M 1s
  2600K .......... .......... .......... .......... .......... 64% 2.56M 1s
  2650K .......... .......... .......... .......... .......... 65% 1.12M 1s
  2700K .......... .......... .......... .......... .......... 67%  873K 1s
  2750K .......... .......... .......... .......... .......... 68% 2.26M 1s
  2800K .......... .......... .......... .......... .......... 69% 2.64M 1s
  2850K .......... .......... .......... .......... .......... 70% 9.55M 1s
  2900K .......... .......... .......... .......... .......... 72% 4.43M 1s
  2950K .......... .......... .......... .......... .......... 73% 6.43M 1s
  3000K .......... .......... .......... .......... .......... 74% 3.88M 1s
  3050K .......... .......... .......... .......... .......... 75% 10.4M 0s
  3100K .......... .......... .......... .......... .......... 76% 4.32M 0s
  3150K .......... .......... .......... .......... .......... 78% 2.92M 0s
  3200K .......... .......... .......... .......... .......... 79% 56.1M 0s
  3250K .......... .......... .......... .......... .......... 80% 2.15M 0s
  3300K .......... .......... .......... .......... .......... 81% 54.1M 0s
  3350K .......... .......... .......... .......... .......... 83% 13.7M 0s
  3400K .......... .......... .......... .......... .......... 84% 6.48M 0s
  3450K .......... .......... .......... .......... .......... 85% 3.81M 0s
  3500K .......... .......... .......... .......... .......... 86% 5.78M 0s
  3550K .......... .......... .......... .......... .......... 87% 3.18M 0s
  3600K .......... .......... .......... .......... .......... 89% 2.56M 0s
  3650K .......... .......... .......... .......... .......... 90% 1.60M 0s
  3700K .......... .......... .......... .......... .......... 91% 1.38M 0s
  3750K .......... .......... .......... .......... .......... 92% 2.37M 0s
  3800K .......... .......... .......... .......... .......... 93% 2.95M 0s
  3850K .......... .......... .......... .......... .......... 95% 2.24M 0s
  3900K .......... .......... .......... .......... .......... 96% 3.31M 0s
  3950K .......... .......... .......... .......... .......... 97% 1.71M 0s
  4000K .......... .......... .......... .......... .......... 98%  408K 0s
  4050K .......... .......... .......... .......... ......    100% 2.98M=1.9s

2026-03-12 17:23:13 (2.06 MB/s) - ‘/home/kky/cde2310_ws/build/multirobot_map_merge/map00.pgm’ saved [4194362/4194362]

--2026-03-12 17:23:13--  https://raw.githubusercontent.com/hrnr/m-explore-extra/master/map_merge/hector_maps/map05.pgm
Resolving raw.githubusercontent.com (raw.githubusercontent.com)... 185.199.109.133, 185.199.110.133, 185.199.108.133, ...
Connecting to raw.githubusercontent.com (raw.githubusercontent.com)|185.199.109.133|:443... connected.
HTTP request sent, awaiting response... 200 OK
Length: 4194362 (4.0M) [application/octet-stream]
Saving to: ‘/home/kky/cde2310_ws/build/multirobot_map_merge/map05.pgm’

     0K .......... .......... .......... .......... ..........  1%  955K 4s
    50K .......... .......... .......... .......... ..........  2% 1.02M 4s
   100K .......... .......... .......... .......... ..........  3% 5.21M 3s
   150K .......... .......... .......... .......... ..........  4% 1.60M 3s
   200K .......... .......... .......... .......... ..........  6% 1.83M 3s
   250K .......... .......... .......... .......... ..........  7% 6.64M 2s
   300K .......... .......... .......... .......... ..........  8% 4.68M 2s
   350K .......... .......... .......... .......... ..........  9% 1.29M 2s
   400K .......... .......... .......... .......... .......... 10% 30.7M 2s
   450K .......... .......... .......... .......... .......... 12% 1.32M 2s
   500K .......... .......... .......... .......... .......... 13% 3.36M 2s
   550K .......... .......... .......... .......... .......... 14% 3.86M 2s
   600K .......... .......... .......... .......... .......... 15% 4.41M 2s
   650K .......... .......... .......... .......... .......... 17% 2.20M 2s
   700K .......... .......... .......... .......... .......... 18% 9.63M 1s
   750K .......... .......... .......... .......... .......... 19% 4.43M 1s
   800K .......... .......... .......... .......... .......... 20% 3.28M 1s
   850K .......... .......... .......... .......... .......... 21% 4.08M 1s
   900K .......... .......... .......... .......... .......... 23% 4.99M 1s
   950K .......... .......... .......... .......... .......... 24% 2.67M 1s
  1000K .......... .......... .......... .......... .......... 25% 3.04M 1s
  1050K .......... .......... .......... .......... .......... 26% 3.60M 1s
  1100K .......... .......... .......... .......... .......... 28% 9.47M 1s
  1150K .......... .......... .......... .......... .......... 29% 3.71M 1s
  1200K .......... .......... .......... .......... .......... 30% 2.43M 1s
  1250K .......... .......... .......... .......... .......... 31% 4.06M 1s
  1300K .......... .......... .......... .......... .......... 32% 6.11M 1s
  1350K .......... .......... .......... .......... .......... 34% 4.09M 1s
  1400K .......... .......... .......... .......... .......... 35% 11.2M 1s
  1450K .......... .......... .......... .......... .......... 36% 5.12M 1s
  1500K .......... .......... .......... .......... .......... 37% 3.61M 1s
  1550K .......... .......... .......... .......... .......... 39% 4.08M 1s
  1600K .......... .......... .......... .......... .......... 40%  563K 1s
  1650K .......... .......... .......... .......... .......... 41% 3.26M 1s
  1700K .......... .......... .......... .......... .......... 42% 2.24M 1s
  1750K .......... .......... .......... .......... .......... 43% 10.0M 1s
  1800K .......... .......... .......... .......... .......... 45% 3.43M 1s
  1850K .......... .......... .......... .......... .......... 46% 15.2M 1s
  1900K .......... .......... .......... .......... .......... 47% 2.55M 1s
  1950K .......... .......... .......... .......... .......... 48% 3.55M 1s
  2000K .......... .......... .......... .......... .......... 50% 2.52M 1s
  2050K .......... .......... .......... .......... .......... 51% 27.7M 1s
  2100K .......... .......... .......... .......... .......... 52% 68.8M 1s
  2150K .......... .......... .......... .......... .......... 53% 2.24M 1s
  2200K .......... .......... .......... .......... .......... 54% 9.85M 1s
  2250K .......... .......... .......... .......... .......... 56% 4.03M 1s
  2300K .......... .......... .......... .......... .......... 57% 13.8M 1s
  2350K .......... .......... .......... .......... .......... 58% 6.32M 1s
  2400K .......... .......... .......... .......... .......... 59% 4.91M 1s
  2450K .......... .......... .......... .......... .......... 61% 3.27M 1s
  2500K .......... .......... .......... .......... .......... 62% 5.57M 0s
  2550K .......... .......... .......... .......... .......... 63% 6.39M 0s
  2600K .......... .......... .......... .......... .......... 64% 3.97M 0s
  2650K .......... .......... .......... .......... .......... 65% 10.3M 0s
  2700K .......... .......... .......... .......... .......... 67% 6.21M 0s
  2750K .......... .......... .......... .......... .......... 68% 2.04M 0s
  2800K .......... .......... .......... .......... .......... 69% 32.0M 0s
  2850K .......... .......... .......... .......... .......... 70% 4.84M 0s
  2900K .......... .......... .......... .......... .......... 72% 11.7M 0s
  2950K .......... .......... .......... .......... .......... 73% 38.2M 0s
  3000K .......... .......... .......... .......... .......... 74% 1.58M 0s
  3050K .......... .......... .......... .......... .......... 75% 7.25M 0s
  3100K .......... .......... .......... .......... .......... 76% 2.76M 0s
  3150K .......... .......... .......... .......... .......... 78% 7.90M 0s
  3200K .......... .......... .......... .......... .......... 79% 4.01M 0s
  3250K .......... .......... .......... .......... .......... 80% 10.5M 0s
  3300K .......... .......... .......... .......... .......... 81% 13.1M 0s
  3350K .......... .......... .......... .......... .......... 83% 6.68M 0s
  3400K .......... .......... .......... .......... .......... 84% 3.12M 0s
  3450K .......... .......... .......... .......... .......... 85% 18.9M 0s
  3500K .......... .......... .......... .......... .......... 86% 3.94M 0s
  3550K .......... .......... .......... .......... .......... 87% 3.75M 0s
  3600K .......... .......... .......... .......... .......... 89% 9.52M 0s
  3650K .......... .......... .......... .......... .......... 90% 4.24M 0s
  3700K .......... .......... .......... .......... .......... 91% 12.0M 0s
  3750K .......... .......... .......... .......... .......... 92% 5.73M 0s
  3800K .......... .......... .......... .......... .......... 93% 30.6M 0s
  3850K .......... .......... .......... .......... .......... 95% 3.51M 0s
  3900K .......... .......... .......... .......... .......... 96% 7.31M 0s
  3950K .......... .......... .......... .......... .......... 97% 9.61M 0s
  4000K .......... .......... .......... .......... .......... 98% 4.31M 0s
  4050K .......... .......... .......... .......... ......    100% 10.4M=1.1s

2026-03-12 17:23:14 (3.65 MB/s) - ‘/home/kky/cde2310_ws/build/multirobot_map_merge/map05.pgm’ saved [4194362/4194362]

--2026-03-12 17:23:14--  https://raw.githubusercontent.com/hrnr/m-explore-extra/master/map_merge/gmapping_maps/2011-08-09-12-22-52.pgm
Resolving raw.githubusercontent.com (raw.githubusercontent.com)... 185.199.109.133, 185.199.110.133, 185.199.111.133, ...
Connecting to raw.githubusercontent.com (raw.githubusercontent.com)|185.199.109.133|:443... connected.
HTTP request sent, awaiting response... 200 OK
Length: 16000058 (15M) [application/octet-stream]
Saving to: ‘/home/kky/cde2310_ws/build/multirobot_map_merge/2011-08-09-12-22-52.pgm’

     0K .......... .......... .......... .......... ..........  0% 1.08M 14s
    50K .......... .......... .......... .......... ..........  0% 3.67M 9s
   100K .......... .......... .......... .......... ..........  0% 2.98M 8s
   150K .......... .......... .......... .......... ..........  1% 3.65M 7s
   200K .......... .......... .......... .......... ..........  1% 4.73M 6s
   250K .......... .......... .......... .......... ..........  1% 17.7M 5s
   300K .......... .......... .......... .......... ..........  2% 4.75M 5s
   350K .......... .......... .......... .......... ..........  2% 3.79M 5s
   400K .......... .......... .......... .......... ..........  2% 6.31M 4s
   450K .......... .......... .......... .......... ..........  3% 5.33M 4s
   500K .......... .......... .......... .......... ..........  3% 13.1M 4s
   550K .......... .......... .......... .......... ..........  3% 6.28M 4s
   600K .......... .......... .......... .......... ..........  4% 3.16M 4s
   650K .......... .......... .......... .......... ..........  4% 4.68M 4s
   700K .......... .......... .......... .......... ..........  4% 2.05M 4s
   750K .......... .......... .......... .......... ..........  5%  127M 4s
   800K .......... .......... .......... .......... ..........  5% 9.73M 4s
   850K .......... .......... .......... .......... ..........  5% 10.5M 3s
   900K .......... .......... .......... .......... ..........  6% 15.1M 3s
   950K .......... .......... .......... .......... ..........  6% 4.15M 3s
  1000K .......... .......... .......... .......... ..........  6% 7.17M 3s
  1050K .......... .......... .......... .......... ..........  7% 4.90M 3s
  1100K .......... .......... .......... .......... ..........  7% 8.05M 3s
  1150K .......... .......... .......... .......... ..........  7% 2.90M 3s
  1200K .......... .......... .......... .......... ..........  7% 11.0M 3s
  1250K .......... .......... .......... .......... ..........  8% 12.5M 3s
  1300K .......... .......... .......... .......... ..........  8% 5.52M 3s
  1350K .......... .......... .......... .......... ..........  8% 6.87M 3s
  1400K .......... .......... .......... .......... ..........  9% 2.15M 3s
  1450K .......... .......... .......... .......... ..........  9% 4.65M 3s
  1500K .......... .......... .......... .......... ..........  9% 11.5M 3s
  1550K .......... .......... .......... .......... .......... 10% 4.47M 3s
  1600K .......... .......... .......... .......... .......... 10% 4.71M 3s
  1650K .......... .......... .......... .......... .......... 10% 6.52M 3s
  1700K .......... .......... .......... .......... .......... 11% 11.9M 3s
  1750K .......... .......... .......... .......... .......... 11% 2.42M 3s
  1800K .......... .......... .......... .......... .......... 11% 7.03M 3s
  1850K .......... .......... .......... .......... .......... 12% 6.36M 3s
  1900K .......... .......... .......... .......... .......... 12% 3.59M 3s
  1950K .......... .......... .......... .......... .......... 12%  127M 3s
  2000K .......... .......... .......... .......... .......... 13% 13.9M 3s
  2050K .......... .......... .......... .......... .......... 13% 7.03M 3s
  2100K .......... .......... .......... .......... .......... 13% 3.03M 3s
  2150K .......... .......... .......... .......... .......... 14% 4.93M 3s
  2200K .......... .......... .......... .......... .......... 14% 36.0M 3s
  2250K .......... .......... .......... .......... .......... 14% 3.78M 3s
  2300K .......... .......... .......... .......... .......... 15% 9.11M 3s
  2350K .......... .......... .......... .......... .......... 15% 1.86M 3s
  2400K .......... .......... .......... .......... .......... 15% 32.4M 3s
  2450K .......... .......... .......... .......... .......... 15% 9.61M 3s
  2500K .......... .......... .......... .......... .......... 16% 40.6M 3s
  2550K .......... .......... .......... .......... .......... 16% 2.88M 3s
  2600K .......... .......... .......... .......... .......... 16% 11.0M 3s
  2650K .......... .......... .......... .......... .......... 17% 15.0M 3s
  2700K .......... .......... .......... .......... .......... 17% 4.77M 3s
  2750K .......... .......... .......... .......... .......... 17% 5.41M 2s
  2800K .......... .......... .......... .......... .......... 18% 2.40M 3s
  2850K .......... .......... .......... .......... .......... 18% 1.33M 3s
  2900K .......... .......... .......... .......... .......... 18% 28.3M 3s
  2950K .......... .......... .......... .......... .......... 19% 3.82M 3s
  3000K .......... .......... .......... .......... .......... 19% 3.76M 3s
  3050K .......... .......... .......... .......... .......... 19% 7.97M 3s
  3100K .......... .......... .......... .......... .......... 20% 4.95M 3s
  3150K .......... .......... .......... .......... .......... 20% 7.91M 3s
  3200K .......... .......... .......... .......... .......... 20% 5.88M 3s
  3250K .......... .......... .......... .......... .......... 21% 5.28M 2s
  3300K .......... .......... .......... .......... .......... 21% 13.9M 2s
  3350K .......... .......... .......... .......... .......... 21% 4.59M 2s
  3400K .......... .......... .......... .......... .......... 22% 5.48M 2s
  3450K .......... .......... .......... .......... .......... 22% 4.59M 2s
  3500K .......... .......... .......... .......... .......... 22% 2.95M 2s
  3550K .......... .......... .......... .......... .......... 23% 34.4M 2s
  3600K .......... .......... .......... .......... .......... 23% 5.75M 2s
  3650K .......... .......... .......... .......... .......... 23% 6.54M 2s
  3700K .......... .......... .......... .......... .......... 23% 3.88M 2s
  3750K .......... .......... .......... .......... .......... 24% 25.5M 2s
  3800K .......... .......... .......... .......... .......... 24% 8.79M 2s
  3850K .......... .......... .......... .......... .......... 24% 4.49M 2s
  3900K .......... .......... .......... .......... .......... 25% 5.38M 2s
  3950K .......... .......... .......... .......... .......... 25% 3.61M 2s
  4000K .......... .......... .......... .......... .......... 25% 9.60M 2s
  4050K .......... .......... .......... .......... .......... 26% 5.39M 2s
  4100K .......... .......... .......... .......... .......... 26% 10.5M 2s
  4150K .......... .......... .......... .......... .......... 26% 3.46M 2s
  4200K .......... .......... .......... .......... .......... 27% 5.41M 2s
  4250K .......... .......... .......... .......... .......... 27% 2.92M 2s
  4300K .......... .......... .......... .......... .......... 27% 12.3M 2s
  4350K .......... .......... .......... .......... .......... 28% 25.4M 2s
  4400K .......... .......... .......... .......... .......... 28% 7.41M 2s
  4450K .......... .......... .......... .......... .......... 28% 9.82M 2s
  4500K .......... .......... .......... .......... .......... 29% 3.32M 2s
  4550K .......... .......... .......... .......... .......... 29% 18.7M 2s
  4600K .......... .......... .......... .......... .......... 29% 9.02M 2s
  4650K .......... .......... .......... .......... .......... 30% 5.36M 2s
  4700K .......... .......... .......... .......... .......... 30% 6.56M 2s
  4750K .......... .......... .......... .......... .......... 30% 4.50M 2s
  4800K .......... .......... .......... .......... .......... 31% 58.8M 2s
  4850K .......... .......... .......... .......... .......... 31% 9.13M 2s
  4900K .......... .......... .......... .......... .......... 31% 4.18M 2s
  4950K .......... .......... .......... .......... .......... 31% 6.96M 2s
  5000K .......... .......... .......... .......... .......... 32% 38.7M 2s
  5050K .......... .......... .......... .......... .......... 32% 3.27M 2s
  5100K .......... .......... .......... .......... .......... 32% 8.54M 2s
  5150K .......... .......... .......... .......... .......... 33%  122M 2s
  5200K .......... .......... .......... .......... .......... 33% 2.93M 2s
  5250K .......... .......... .......... .......... .......... 33% 6.73M 2s
  5300K .......... .......... .......... .......... .......... 34% 6.37M 2s
  5350K .......... .......... .......... .......... .......... 34% 5.65M 2s
  5400K .......... .......... .......... .......... .......... 34% 3.43M 2s
  5450K .......... .......... .......... .......... .......... 35% 7.82M 2s
  5500K .......... .......... .......... .......... .......... 35% 6.51M 2s
  5550K .......... .......... .......... .......... .......... 35% 6.35M 2s
  5600K .......... .......... .......... .......... .......... 36% 6.77M 2s
  5650K .......... .......... .......... .......... .......... 36% 6.27M 2s
  5700K .......... .......... .......... .......... .......... 36% 3.52M 2s
  5750K .......... .......... .......... .......... .......... 37% 6.10M 2s
  5800K .......... .......... .......... .......... .......... 37% 10.7M 2s
  5850K .......... .......... .......... .......... .......... 37% 5.51M 2s
  5900K .......... .......... .......... .......... .......... 38% 5.54M 2s
  5950K .......... .......... .......... .......... .......... 38% 5.74M 2s
  6000K .......... .......... .......... .......... .......... 38% 6.72M 2s
  6050K .......... .......... .......... .......... .......... 39% 3.75M 2s
  6100K .......... .......... .......... .......... .......... 39% 18.1M 2s
  6150K .......... .......... .......... .......... .......... 39% 4.90M 2s
  6200K .......... .......... .......... .......... .......... 39% 12.0M 2s
  6250K .......... .......... .......... .......... .......... 40% 9.46M 2s
  6300K .......... .......... .......... .......... .......... 40% 7.81M 2s
  6350K .......... .......... .......... .......... .......... 40% 6.34M 2s
  6400K .......... .......... .......... .......... .......... 41% 3.74M 2s
  6450K .......... .......... .......... .......... .......... 41% 10.4M 2s
  6500K .......... .......... .......... .......... .......... 41% 12.4M 2s
  6550K .......... .......... .......... .......... .......... 42% 6.23M 2s
  6600K .......... .......... .......... .......... .......... 42% 11.8M 2s
  6650K .......... .......... .......... .......... .......... 42% 3.66M 2s
  6700K .......... .......... .......... .......... .......... 43% 6.42M 2s
  6750K .......... .......... .......... .......... .......... 43% 10.5M 2s
  6800K .......... .......... .......... .......... .......... 43% 6.63M 2s
  6850K .......... .......... .......... .......... .......... 44% 20.6M 2s
  6900K .......... .......... .......... .......... .......... 44% 5.66M 2s
  6950K .......... .......... .......... .......... .......... 44% 6.52M 2s
  7000K .......... .......... .......... .......... .......... 45% 4.82M 2s
  7050K .......... .......... .......... .......... .......... 45% 5.05M 2s
  7100K .......... .......... .......... .......... .......... 45% 8.82M 2s
  7150K .......... .......... .......... .......... .......... 46% 10.9M 1s
  7200K .......... .......... .......... .......... .......... 46% 4.77M 1s
  7250K .......... .......... .......... .......... .......... 46% 5.41M 1s
  7300K .......... .......... .......... .......... .......... 47% 7.90M 1s
  7350K .......... .......... .......... .......... .......... 47% 10.8M 1s
  7400K .......... .......... .......... .......... .......... 47% 6.30M 1s
  7450K .......... .......... .......... .......... .......... 47% 3.27M 1s
  7500K .......... .......... .......... .......... .......... 48% 1.23M 1s
  7550K .......... .......... .......... .......... .......... 48% 4.72M 1s
  7600K .......... .......... .......... .......... .......... 48% 6.93M 1s
  7650K .......... .......... .......... .......... .......... 49% 6.25M 1s
  7700K .......... .......... .......... .......... .......... 49% 2.90M 1s
  7750K .......... .......... .......... .......... .......... 49% 5.61M 1s
  7800K .......... .......... .......... .......... .......... 50% 6.70M 1s
  7850K .......... .......... .......... .......... .......... 50% 4.38M 1s
  7900K .......... .......... .......... .......... .......... 50% 3.13M 1s
  7950K .......... .......... .......... .......... .......... 51% 3.80M 1s
  8000K .......... .......... .......... .......... .......... 51% 5.03M 1s
  8050K .......... .......... .......... .......... .......... 51% 4.88M 1s
  8100K .......... .......... .......... .......... .......... 52% 2.75M 1s
  8150K .......... .......... .......... .......... .......... 52% 9.78M 1s
  8200K .......... .......... .......... .......... .......... 52% 7.06M 1s
  8250K .......... .......... .......... .......... .......... 53% 3.44M 1s
  8300K .......... .......... .......... .......... .......... 53% 11.1M 1s
  8350K .......... .......... .......... .......... .......... 53% 4.29M 1s
  8400K .......... .......... .......... .......... .......... 54% 11.0M 1s
  8450K .......... .......... .......... .......... .......... 54% 4.25M 1s
  8500K .......... .......... .......... .......... .......... 54% 19.7M 1s
  8550K .......... .......... .......... .......... .......... 55% 3.80M 1s
  8600K .......... .......... .......... .......... .......... 55% 6.43M 1s
  8650K .......... .......... .......... .......... .......... 55% 13.1M 1s
  8700K .......... .......... .......... .......... .......... 55% 5.79M 1s
  8750K .......... .......... .......... .......... .......... 56% 3.81M 1s
  8800K .......... .......... .......... .......... .......... 56% 3.64M 1s
  8850K .......... .......... .......... .......... .......... 56% 13.8M 1s
  8900K .......... .......... .......... .......... .......... 57% 9.78M 1s
  8950K .......... .......... .......... .......... .......... 57% 3.74M 1s
  9000K .......... .......... .......... .......... .......... 57% 13.9M 1s
  9050K .......... .......... .......... .......... .......... 58% 4.26M 1s
  9100K .......... .......... .......... .......... .......... 58% 3.40M 1s
  9150K .......... .......... .......... .......... .......... 58% 11.5M 1s
  9200K .......... .......... .......... .......... .......... 59% 4.07M 1s
  9250K .......... .......... .......... .......... .......... 59% 2.16M 1s
  9300K .......... .......... .......... .......... .......... 59% 25.1M 1s
  9350K .......... .......... .......... .......... .......... 60% 2.03M 1s
  9400K .......... .......... .......... .......... .......... 60% 8.19M 1s
  9450K .......... .......... .......... .......... .......... 60% 1.47M 1s
  9500K .......... .......... .......... .......... .......... 61%  308M 1s
  9550K .......... .......... .......... .......... .......... 61% 3.40M 1s
  9600K .......... .......... .......... .......... .......... 61% 26.6M 1s
  9650K .......... .......... .......... .......... .......... 62% 15.1M 1s
  9700K .......... .......... .......... .......... .......... 62% 23.5M 1s
  9750K .......... .......... .......... .......... .......... 62% 13.4M 1s
  9800K .......... .......... .......... .......... .......... 63% 24.2M 1s
  9850K .......... .......... .......... .......... .......... 63% 44.8M 1s
  9900K .......... .......... .......... .......... .......... 63% 17.0M 1s
  9950K .......... .......... .......... .......... .......... 63% 3.92M 1s
 10000K .......... .......... .......... .......... .......... 64% 2.39M 1s
 10050K .......... .......... .......... .......... .......... 64% 40.2M 1s
 10100K .......... .......... .......... .......... .......... 64% 4.24M 1s
 10150K .......... .......... .......... .......... .......... 65% 3.46M 1s
 10200K .......... .......... .......... .......... .......... 65% 8.59M 1s
 10250K .......... .......... .......... .......... .......... 65% 6.63M 1s
 10300K .......... .......... .......... .......... .......... 66% 4.68M 1s
 10350K .......... .......... .......... .......... .......... 66% 4.42M 1s
 10400K .......... .......... .......... .......... .......... 66% 6.02M 1s
 10450K .......... .......... .......... .......... .......... 67% 4.27M 1s
 10500K .......... .......... .......... .......... .......... 67% 2.99M 1s
 10550K .......... .......... .......... .......... .......... 67%  733K 1s
 10600K .......... .......... .......... .......... .......... 68% 42.1M 1s
 10650K .......... .......... .......... .......... .......... 68% 10.2M 1s
 10700K .......... .......... .......... .......... .......... 68% 25.9M 1s
 10750K .......... .......... .......... .......... .......... 69% 41.2M 1s
 10800K .......... .......... .......... .......... .......... 69% 6.77M 1s
 10850K .......... .......... .......... .......... .......... 69% 43.2M 1s
 10900K .......... .......... .......... .......... .......... 70% 11.1M 1s
 10950K .......... .......... .......... .......... .......... 70% 17.5M 1s
 11000K .......... .......... .......... .......... .......... 70% 3.48M 1s
 11050K .......... .......... .......... .......... .......... 71% 3.78M 1s
 11100K .......... .......... .......... .......... .......... 71% 7.39M 1s
 11150K .......... .......... .......... .......... .......... 71% 2.89M 1s
 11200K .......... .......... .......... .......... .......... 71% 6.16M 1s
 11250K .......... .......... .......... .......... .......... 72% 6.52M 1s
 11300K .......... .......... .......... .......... .......... 72% 5.52M 1s
 11350K .......... .......... .......... .......... .......... 72% 5.57M 1s
 11400K .......... .......... .......... .......... .......... 73% 2.26M 1s
 11450K .......... .......... .......... .......... .......... 73% 8.93M 1s
 11500K .......... .......... .......... .......... .......... 73% 6.76M 1s
 11550K .......... .......... .......... .......... .......... 74% 5.66M 1s
 11600K .......... .......... .......... .......... .......... 74% 6.82M 1s
 11650K .......... .......... .......... .......... .......... 74% 6.89M 1s
 11700K .......... .......... .......... .......... .......... 75% 4.02M 1s
 11750K .......... .......... .......... .......... .......... 75% 6.40M 1s
 11800K .......... .......... .......... .......... .......... 75% 5.02M 1s
 11850K .......... .......... .......... .......... .......... 76% 6.03M 1s
 11900K .......... .......... .......... .......... .......... 76% 6.39M 1s
 11950K .......... .......... .......... .......... .......... 76% 3.72M 1s
 12000K .......... .......... .......... .......... .......... 77% 8.25M 1s
 12050K .......... .......... .......... .......... .......... 77% 3.52M 1s
 12100K .......... .......... .......... .......... .......... 77% 3.83M 1s
 12150K .......... .......... .......... .......... .......... 78% 4.63M 1s
 12200K .......... .......... .......... .......... .......... 78% 6.83M 1s
 12250K .......... .......... .......... .......... .......... 78% 8.45M 1s
 12300K .......... .......... .......... .......... .......... 79% 3.44M 1s
 12350K .......... .......... .......... .......... .......... 79% 7.86M 1s
 12400K .......... .......... .......... .......... .......... 79% 5.59M 1s
 12450K .......... .......... .......... .......... .......... 79% 3.51M 1s
 12500K .......... .......... .......... .......... .......... 80% 5.58M 1s
 12550K .......... .......... .......... .......... .......... 80% 4.65M 1s
 12600K .......... .......... .......... .......... .......... 80% 35.8M 1s
 12650K .......... .......... .......... .......... .......... 81% 7.47M 1s
 12700K .......... .......... .......... .......... .......... 81% 8.65M 1s
 12750K .......... .......... .......... .......... .......... 81% 3.16M 1s
 12800K .......... .......... .......... .......... .......... 82% 8.90M 1s
 12850K .......... .......... .......... .......... .......... 82% 6.38M 1s
 12900K .......... .......... .......... .......... .......... 82% 3.12M 0s
 12950K .......... .......... .......... .......... .......... 83% 6.24M 0s
 13000K .......... .......... .......... .......... .......... 83% 2.77M 0s
 13050K .......... .......... .......... .......... .......... 83% 8.36M 0s
 13100K .......... .......... .......... .......... .......... 84% 3.91M 0s
 13150K .......... .......... .......... .......... .......... 84% 6.97M 0s
 13200K .......... .......... .......... .......... .......... 84% 3.37M 0s
 13250K .......... .......... .......... .......... .......... 85% 6.33M 0s
 13300K .......... .......... .......... .......... .......... 85% 7.69M 0s
 13350K .......... .......... .......... .......... .......... 85% 2.50M 0s
 13400K .......... .......... .......... .......... .......... 86% 4.00M 0s
 13450K .......... .......... .......... .......... .......... 86% 10.0M 0s
 13500K .......... .......... .......... .......... .......... 86% 3.26M 0s
 13550K .......... .......... .......... .......... .......... 87% 4.80M 0s
 13600K .......... .......... .......... .......... .......... 87% 4.10M 0s
 13650K .......... .......... .......... .......... .......... 87% 20.0M 0s
 13700K .......... .......... .......... .......... .......... 87% 5.88M 0s
 13750K .......... .......... .......... .......... .......... 88% 6.65M 0s
 13800K .......... .......... .......... .......... .......... 88% 1.57M 0s
 13850K .......... .......... .......... .......... .......... 88% 15.4M 0s
 13900K .......... .......... .......... .......... .......... 89% 6.84M 0s
 13950K .......... .......... .......... .......... .......... 89% 7.94M 0s
 14000K .......... .......... .......... .......... .......... 89% 3.69M 0s
 14050K .......... .......... .......... .......... .......... 90% 4.64M 0s
 14100K .......... .......... .......... .......... .......... 90% 3.61M 0s
 14150K .......... .......... .......... .......... .......... 90% 5.52M 0s
 14200K .......... .......... .......... .......... .......... 91% 4.18M 0s
 14250K .......... .......... .......... .......... .......... 91% 4.26M 0s
 14300K .......... .......... .......... .......... .......... 91% 6.20M 0s
 14350K .......... .......... .......... .......... .......... 92% 7.86M 0s
 14400K .......... .......... .......... .......... .......... 92% 3.86M 0s
 14450K .......... .......... .......... .......... .......... 92% 2.41M 0s
 14500K .......... .......... .......... .......... .......... 93% 2.99M 0s
 14550K .......... .......... .......... .......... .......... 93% 1.04M 0s
 14600K .......... .......... .......... .......... .......... 93%  835K 0s
 14650K .......... .......... .......... .......... .......... 94% 4.94M 0s
 14700K .......... .......... .......... .......... .......... 94% 34.6M 0s
 14750K .......... .......... .......... .......... .......... 94% 3.17M 0s
 14800K .......... .......... .......... .......... .......... 95% 4.06M 0s
 14850K .......... .......... .......... .......... .......... 95% 4.59M 0s
 14900K .......... .......... .......... .......... .......... 95% 7.41M 0s
 14950K .......... .......... .......... .......... .......... 95% 4.46M 0s
 15000K .......... .......... .......... .......... .......... 96% 6.53M 0s
 15050K .......... .......... .......... .......... .......... 96% 9.51M 0s
 15100K .......... .......... .......... .......... .......... 96% 7.34M 0s
 15150K .......... .......... .......... .......... .......... 97% 3.92M 0s
 15200K .......... .......... .......... .......... .......... 97% 4.91M 0s
 15250K .......... .......... .......... .......... .......... 97% 11.7M 0s
 15300K .......... .......... .......... .......... .......... 98% 5.64M 0s
 15350K .......... .......... .......... .......... .......... 98% 3.22M 0s
 15400K .......... .......... .......... .......... .......... 98% 6.77M 0s
 15450K .......... .......... .......... .......... .......... 99% 4.14M 0s
 15500K .......... .......... .......... .......... .......... 99% 7.72M 0s
 15550K .......... .......... .......... .......... .......... 99% 6.75M 0s
 15600K .......... .......... .....                           100%  108M=3.0s

2026-03-12 17:23:17 (5.03 MB/s) - ‘/home/kky/cde2310_ws/build/multirobot_map_merge/2011-08-09-12-22-52.pgm’ saved [16000058/16000058]

--2026-03-12 17:23:17--  https://raw.githubusercontent.com/hrnr/m-explore-extra/master/map_merge/gmapping_maps/2012-01-28-11-12-01.pgm
Resolving raw.githubusercontent.com (raw.githubusercontent.com)... 185.199.110.133, 185.199.108.133, 185.199.111.133, ...
Connecting to raw.githubusercontent.com (raw.githubusercontent.com)|185.199.110.133|:443... connected.
HTTP request sent, awaiting response... 200 OK
Length: 16000058 (15M) [application/octet-stream]
Saving to: ‘/home/kky/cde2310_ws/build/multirobot_map_merge/2012-01-28-11-12-01.pgm’

     0K .......... .......... .......... .......... ..........  0% 1.79M 8s
    50K .......... .......... .......... .......... ..........  0% 2.84M 7s
   100K .......... .......... .......... .......... ..........  0% 3.60M 6s
   150K .......... .......... .......... .......... ..........  1% 3.56M 6s
   200K .......... .......... .......... .......... ..........  1% 2.18M 6s
   250K .......... .......... .......... .......... ..........  1% 18.8M 5s
   300K .......... .......... .......... .......... ..........  2% 3.31M 5s
   350K .......... .......... .......... .......... ..........  2% 3.46M 5s
   400K .......... .......... .......... .......... ..........  2% 6.53M 4s
   450K .......... .......... .......... .......... ..........  3% 4.58M 4s
   500K .......... .......... .......... .......... ..........  3% 5.43M 4s
   550K .......... .......... .......... .......... ..........  3% 4.31M 4s
   600K .......... .......... .......... .......... ..........  4% 6.05M 4s
   650K .......... .......... .......... .......... ..........  4% 31.6M 4s
   700K .......... .......... .......... .......... ..........  4% 10.3M 4s
   750K .......... .......... .......... .......... ..........  5% 3.27M 4s
   800K .......... .......... .......... .......... ..........  5% 2.52M 4s
   850K .......... .......... .......... .......... ..........  5% 3.47M 4s
   900K .......... .......... .......... .......... ..........  6% 2.71M 4s
   950K .......... .......... .......... .......... ..........  6% 3.25M 4s
  1000K .......... .......... .......... .......... ..........  6% 7.15M 4s
  1050K .......... .......... .......... .......... ..........  7% 3.90M 4s
  1100K .......... .......... .......... .......... ..........  7% 5.31M 4s
  1150K .......... .......... .......... .......... ..........  7% 2.09M 4s
  1200K .......... .......... .......... .......... ..........  7% 4.20M 4s
  1250K .......... .......... .......... .......... ..........  8% 5.75M 4s
  1300K .......... .......... .......... .......... ..........  8% 4.33M 4s
  1350K .......... .......... .......... .......... ..........  8% 3.54M 4s
  1400K .......... .......... .......... .......... ..........  9% 4.36M 4s
  1450K .......... .......... .......... .......... ..........  9% 4.81M 4s
  1500K .......... .......... .......... .......... ..........  9% 24.6M 3s
  1550K .......... .......... .......... .......... .......... 10% 4.35M 3s
  1600K .......... .......... .......... .......... .......... 10% 4.45M 3s
  1650K .......... .......... .......... .......... .......... 10% 7.13M 3s
  1700K .......... .......... .......... .......... .......... 11% 13.5M 3s
  1750K .......... .......... .......... .......... .......... 11% 5.39M 3s
  1800K .......... .......... .......... .......... .......... 11% 3.33M 3s
  1850K .......... .......... .......... .......... .......... 12% 13.5M 3s
  1900K .......... .......... .......... .......... .......... 12% 6.30M 3s
  1950K .......... .......... .......... .......... .......... 12% 2.65M 3s
  2000K .......... .......... .......... .......... .......... 13% 6.26M 3s
  2050K .......... .......... .......... .......... .......... 13% 8.45M 3s
  2100K .......... .......... .......... .......... .......... 13% 3.79M 3s
  2150K .......... .......... .......... .......... .......... 14% 12.1M 3s
  2200K .......... .......... .......... .......... .......... 14% 5.83M 3s
  2250K .......... .......... .......... .......... .......... 14% 3.73M 3s
  2300K .......... .......... .......... .......... .......... 15% 8.52M 3s
  2350K .......... .......... .......... .......... .......... 15% 6.46M 3s
  2400K .......... .......... .......... .......... .......... 15% 7.21M 3s
  2450K .......... .......... .......... .......... .......... 15% 6.35M 3s
  2500K .......... .......... .......... .......... .......... 16% 4.40M 3s
  2550K .......... .......... .......... .......... .......... 16% 3.05M 3s
  2600K .......... .......... .......... .......... .......... 16% 43.4M 3s
  2650K .......... .......... .......... .......... .......... 17% 4.21M 3s
  2700K .......... .......... .......... .......... .......... 17% 7.16M 3s
  2750K .......... .......... .......... .......... .......... 17% 11.6M 3s
  2800K .......... .......... .......... .......... .......... 18% 6.59M 3s
  2850K .......... .......... .......... .......... .......... 18% 12.2M 3s
  2900K .......... .......... .......... .......... .......... 18% 3.86M 3s
  2950K .......... .......... .......... .......... .......... 19% 8.06M 3s
  3000K .......... .......... .......... .......... .......... 19% 6.04M 3s
  3050K .......... .......... .......... .......... .......... 19% 4.76M 3s
  3100K .......... .......... .......... .......... .......... 20% 10.0M 3s
  3150K .......... .......... .......... .......... .......... 20% 8.57M 3s
  3200K .......... .......... .......... .......... .......... 20% 2.22M 3s
  3250K .......... .......... .......... .......... .......... 21% 32.3M 3s
  3300K .......... .......... .......... .......... .......... 21% 8.50M 3s
  3350K .......... .......... .......... .......... .......... 21% 6.73M 2s
  3400K .......... .......... .......... .......... .......... 22% 12.9M 2s
  3450K .......... .......... .......... .......... .......... 22% 6.26M 2s
  3500K .......... .......... .......... .......... .......... 22% 6.37M 2s
  3550K .......... .......... .......... .......... .......... 23% 5.83M 2s
  3600K .......... .......... .......... .......... .......... 23% 5.37M 2s
  3650K .......... .......... .......... .......... .......... 23% 12.1M 2s
  3700K .......... .......... .......... .......... .......... 23% 4.81M 2s
  3750K .......... .......... .......... .......... .......... 24% 6.65M 2s
  3800K .......... .......... .......... .......... .......... 24% 9.84M 2s
  3850K .......... .......... .......... .......... .......... 24% 4.94M 2s
  3900K .......... .......... .......... .......... .......... 25% 5.19M 2s
  3950K .......... .......... .......... .......... .......... 25% 8.73M 2s
  4000K .......... .......... .......... .......... .......... 25% 4.17M 2s
  4050K .......... .......... .......... .......... .......... 26% 13.1M 2s
  4100K .......... .......... .......... .......... .......... 26% 3.84M 2s
  4150K .......... .......... .......... .......... .......... 26% 12.1M 2s
  4200K .......... .......... .......... .......... .......... 27% 3.69M 2s
  4250K .......... .......... .......... .......... .......... 27% 11.6M 2s
  4300K .......... .......... .......... .......... .......... 27% 5.23M 2s
  4350K .......... .......... .......... .......... .......... 28% 2.47M 2s
  4400K .......... .......... .......... .......... .......... 28% 37.4M 2s
  4450K .......... .......... .......... .......... .......... 28% 9.53M 2s
  4500K .......... .......... .......... .......... .......... 29% 5.58M 2s
  4550K .......... .......... .......... .......... .......... 29% 6.27M 2s
  4600K .......... .......... .......... .......... .......... 29% 26.7M 2s
  4650K .......... .......... .......... .......... .......... 30% 2.63M 2s
  4700K .......... .......... .......... .......... .......... 30% 10.6M 2s
  4750K .......... .......... .......... .......... .......... 30% 2.11M 2s
  4800K .......... .......... .......... .......... .......... 31% 6.03M 2s
  4850K .......... .......... .......... .......... .......... 31% 6.99M 2s
  4900K .......... .......... .......... .......... .......... 31% 3.04M 2s
  4950K .......... .......... .......... .......... .......... 31% 6.48M 2s
  5000K .......... .......... .......... .......... .......... 32% 3.54M 2s
  5050K .......... .......... .......... .......... .......... 32% 3.42M 2s
  5100K .......... .......... .......... .......... .......... 32% 2.80M 2s
  5150K .......... .......... .......... .......... .......... 33% 11.2M 2s
  5200K .......... .......... .......... .......... .......... 33% 5.33M 2s
  5250K .......... .......... .......... .......... .......... 33% 6.20M 2s
  5300K .......... .......... .......... .......... .......... 34% 1.03M 2s
  5350K .......... .......... .......... .......... .......... 34% 4.10M 2s
  5400K .......... .......... .......... .......... .......... 34% 3.18M 2s
  5450K .......... .......... .......... .......... .......... 35% 2.85M 2s
  5500K .......... .......... .......... .......... .......... 35% 6.42M 2s
  5550K .......... .......... .......... .......... .......... 35% 7.33M 2s
  5600K .......... .......... .......... .......... .......... 36% 2.43M 2s
  5650K .......... .......... .......... .......... .......... 36% 5.32M 2s
  5700K .......... .......... .......... .......... .......... 36% 4.51M 2s
  5750K .......... .......... .......... .......... .......... 37% 11.3M 2s
  5800K .......... .......... .......... .......... .......... 37% 4.48M 2s
  5850K .......... .......... .......... .......... .......... 37% 4.05M 2s
  5900K .......... .......... .......... .......... .......... 38% 2.26M 2s
  5950K .......... .......... .......... .......... .......... 38% 4.43M 2s
  6000K .......... .......... .......... .......... .......... 38% 2.65M 2s
  6050K .......... .......... .......... .......... .......... 39% 10.8M 2s
  6100K .......... .......... .......... .......... .......... 39% 7.42M 2s
  6150K .......... .......... .......... .......... .......... 39% 4.11M 2s
  6200K .......... .......... .......... .......... .......... 39% 8.81M 2s
  6250K .......... .......... .......... .......... .......... 40% 5.90M 2s
  6300K .......... .......... .......... .......... .......... 40% 3.33M 2s
  6350K .......... .......... .......... .......... .......... 40% 5.32M 2s
  6400K .......... .......... .......... .......... .......... 41% 3.00M 2s
  6450K .......... .......... .......... .......... .......... 41% 5.74M 2s
  6500K .......... .......... .......... .......... .......... 41% 4.80M 2s
  6550K .......... .......... .......... .......... .......... 42% 4.13M 2s
  6600K .......... .......... .......... .......... .......... 42% 1.71M 2s
  6650K .......... .......... .......... .......... .......... 42% 2.67M 2s
  6700K .......... .......... .......... .......... .......... 43% 3.24M 2s
  6750K .......... .......... .......... .......... .......... 43% 4.94M 2s
  6800K .......... .......... .......... .......... .......... 43% 2.71M 2s
  6850K .......... .......... .......... .......... .......... 44% 13.7M 2s
  6900K .......... .......... .......... .......... .......... 44% 3.22M 2s
  6950K .......... .......... .......... .......... .......... 44% 3.56M 2s
  7000K .......... .......... .......... .......... .......... 45% 8.66M 2s
  7050K .......... .......... .......... .......... .......... 45% 9.17M 2s
  7100K .......... .......... .......... .......... .......... 45% 4.77M 2s
  7150K .......... .......... .......... .......... .......... 46%  584K 2s
  7200K .......... .......... .......... .......... .......... 46% 1.51M 2s
  7250K .......... .......... .......... .......... .......... 46% 11.6M 2s
  7300K .......... .......... .......... .......... .......... 47% 13.8M 2s
  7350K .......... .......... .......... .......... .......... 47%  151M 2s
  7400K .......... .......... .......... .......... .......... 47% 10.3M 2s
  7450K .......... .......... .......... .......... .......... 47% 25.8M 2s
  7500K .......... .......... .......... .......... .......... 48% 11.0M 2s
  7550K .......... .......... .......... .......... .......... 48% 7.55M 2s
  7600K .......... .......... .......... .......... .......... 48% 6.25M 2s
  7650K .......... .......... .......... .......... .......... 49% 6.16M 2s
  7700K .......... .......... .......... .......... .......... 49% 4.36M 2s
  7750K .......... .......... .......... .......... .......... 49% 2.70M 2s
  7800K .......... .......... .......... .......... .......... 50% 1.95M 2s
  7850K .......... .......... .......... .......... .......... 50% 6.95M 2s
  7900K .......... .......... .......... .......... .......... 50% 4.35M 2s
  7950K .......... .......... .......... .......... .......... 51% 5.23M 2s
  8000K .......... .......... .......... .......... .......... 51% 2.39M 2s
  8050K .......... .......... .......... .......... .......... 51% 3.63M 2s
  8100K .......... .......... .......... .......... .......... 52% 4.76M 2s
  8150K .......... .......... .......... .......... .......... 52% 2.37M 2s
  8200K .......... .......... .......... .......... .......... 52% 7.91M 2s
  8250K .......... .......... .......... .......... .......... 53% 4.43M 2s
  8300K .......... .......... .......... .......... .......... 53% 3.87M 2s
  8350K .......... .......... .......... .......... .......... 53%  311K 2s
  8400K .......... .......... .......... .......... .......... 54%  642K 2s
  8450K .......... .......... .......... .......... .......... 54%  856K 2s
  8500K .......... .......... .......... .......... .......... 54%  581K 2s
  8550K .......... .......... .......... .......... .......... 55% 1.15M 2s
  8600K .......... .......... .......... .......... .......... 55% 3.73M 2s
  8650K .......... .......... .......... .......... .......... 55% 1.20M 2s
  8700K .......... .......... .......... .......... .......... 55% 2.70M 2s
  8750K .......... .......... .......... .......... .......... 56% 14.7M 2s
  8800K .......... .......... .......... .......... .......... 56% 13.8M 2s
  8850K .......... .......... .......... .......... .......... 56%  100M 2s
  8900K .......... .......... .......... .......... .......... 57% 4.39M 2s
  8950K .......... .......... .......... .......... .......... 57% 1.27M 2s
  9000K .......... .......... .......... .......... .......... 57% 5.97M 2s
  9050K .......... .......... .......... .......... .......... 58%  263M 2s
  9100K .......... .......... .......... .......... .......... 58% 4.30M 2s
  9150K .......... .......... .......... .......... .......... 58%  165M 2s
  9200K .......... .......... .......... .......... .......... 59% 18.8M 2s
  9250K .......... .......... .......... .......... .......... 59% 7.61M 2s
  9300K .......... .......... .......... .......... .......... 59% 5.49M 2s
  9350K .......... .......... .......... .......... .......... 60% 2.82M 2s
  9400K .......... .......... .......... .......... .......... 60% 5.20M 2s
  9450K .......... .......... .......... .......... .......... 60% 16.3M 2s
  9500K .......... .......... .......... .......... .......... 61% 8.41M 2s
  9550K .......... .......... .......... .......... .......... 61% 2.70M 2s
  9600K .......... .......... .......... .......... .......... 61% 7.31M 2s
  9650K .......... .......... .......... .......... .......... 62% 6.60M 2s
  9700K .......... .......... .......... .......... .......... 62% 4.52M 2s
  9750K .......... .......... .......... .......... .......... 62% 5.47M 2s
  9800K .......... .......... .......... .......... .......... 63% 7.72M 1s
  9850K .......... .......... .......... .......... .......... 63% 4.46M 1s
  9900K .......... .......... .......... .......... .......... 63% 12.7M 1s
  9950K .......... .......... .......... .......... .......... 63% 6.08M 1s
 10000K .......... .......... .......... .......... .......... 64% 4.93M 1s
 10050K .......... .......... .......... .......... .......... 64% 3.59M 1s
 10100K .......... .......... .......... .......... .......... 64% 9.43M 1s
 10150K .......... .......... .......... .......... .......... 65% 5.59M 1s
 10200K .......... .......... .......... .......... .......... 65% 6.52M 1s
 10250K .......... .......... .......... .......... .......... 65% 6.52M 1s
 10300K .......... .......... .......... .......... .......... 66% 7.06M 1s
 10350K .......... .......... .......... .......... .......... 66% 9.07M 1s
 10400K .......... .......... .......... .......... .......... 66% 2.95M 1s
 10450K .......... .......... .......... .......... .......... 67% 3.45M 1s
 10500K .......... .......... .......... .......... .......... 67% 3.69M 1s
 10550K .......... .......... .......... .......... .......... 67% 8.06M 1s
 10600K .......... .......... .......... .......... .......... 68% 7.17M 1s
 10650K .......... .......... .......... .......... .......... 68% 4.50M 1s
 10700K .......... .......... .......... .......... .......... 68% 6.46M 1s
 10750K .......... .......... .......... .......... .......... 69% 3.68M 1s
 10800K .......... .......... .......... .......... .......... 69% 5.65M 1s
 10850K .......... .......... .......... .......... .......... 69% 7.25M 1s
 10900K .......... .......... .......... .......... .......... 70% 3.97M 1s
 10950K .......... .......... .......... .......... .......... 70% 11.2M 1s
 11000K .......... .......... .......... .......... .......... 70% 8.22M 1s
 11050K .......... .......... .......... .......... .......... 71% 2.06M 1s
 11100K .......... .......... .......... .......... .......... 71% 5.14M 1s
 11150K .......... .......... .......... .......... .......... 71% 6.56M 1s
 11200K .......... .......... .......... .......... .......... 71% 2.21M 1s
 11250K .......... .......... .......... .......... .......... 72% 11.3M 1s
 11300K .......... .......... .......... .......... .......... 72% 4.61M 1s
 11350K .......... .......... .......... .......... .......... 72% 4.13M 1s
 11400K .......... .......... .......... .......... .......... 73% 12.6M 1s
 11450K .......... .......... .......... .......... .......... 73% 2.68M 1s
 11500K .......... .......... .......... .......... .......... 73% 3.11M 1s
 11550K .......... .......... .......... .......... .......... 74% 4.39M 1s
 11600K .......... .......... .......... .......... .......... 74% 6.83M 1s
 11650K .......... .......... .......... .......... .......... 74% 3.34M 1s
 11700K .......... .......... .......... .......... .......... 75% 5.70M 1s
 11750K .......... .......... .......... .......... .......... 75% 5.72M 1s
 11800K .......... .......... .......... .......... .......... 75% 3.57M 1s
 11850K .......... .......... .......... .......... .......... 76% 5.79M 1s
 11900K .......... .......... .......... .......... .......... 76% 6.63M 1s
 11950K .......... .......... .......... .......... .......... 76% 3.93M 1s
 12000K .......... .......... .......... .......... .......... 77% 3.44M 1s
 12050K .......... .......... .......... .......... .......... 77% 7.18M 1s
 12100K .......... .......... .......... .......... .......... 77% 2.72M 1s
 12150K .......... .......... .......... .......... .......... 78% 8.62M 1s
 12200K .......... .......... .......... .......... .......... 78% 3.45M 1s
 12250K .......... .......... .......... .......... .......... 78% 5.12M 1s
 12300K .......... .......... .......... .......... .......... 79% 7.81M 1s
 12350K .......... .......... .......... .......... .......... 79% 3.31M 1s
 12400K .......... .......... .......... .......... .......... 79% 6.66M 1s
 12450K .......... .......... .......... .......... .......... 79% 3.77M 1s
 12500K .......... .......... .......... .......... .......... 80% 4.12M 1s
 12550K .......... .......... .......... .......... .......... 80% 6.65M 1s
 12600K .......... .......... .......... .......... .......... 80% 4.75M 1s
 12650K .......... .......... .......... .......... .......... 81% 14.3M 1s
 12700K .......... .......... .......... .......... .......... 81% 7.14M 1s
 12750K .......... .......... .......... .......... .......... 81% 4.43M 1s
 12800K .......... .......... .......... .......... .......... 82% 3.43M 1s
 12850K .......... .......... .......... .......... .......... 82% 5.19M 1s
 12900K .......... .......... .......... .......... .......... 82% 16.5M 1s
 12950K .......... .......... .......... .......... .......... 83% 5.59M 1s
 13000K .......... .......... .......... .......... .......... 83% 4.17M 1s
 13050K .......... .......... .......... .......... .......... 83% 6.25M 1s
 13100K .......... .......... .......... .......... .......... 84% 8.65M 1s
 13150K .......... .......... .......... .......... .......... 84% 11.5M 1s
 13200K .......... .......... .......... .......... .......... 84% 6.43M 1s
 13250K .......... .......... .......... .......... .......... 85% 6.25M 1s
 13300K .......... .......... .......... .......... .......... 85% 11.2M 1s
 13350K .......... .......... .......... .......... .......... 85% 6.40M 1s
 13400K .......... .......... .......... .......... .......... 86% 4.00M 1s
 13450K .......... .......... .......... .......... .......... 86% 5.46M 1s
 13500K .......... .......... .......... .......... .......... 86% 15.3M 0s
 13550K .......... .......... .......... .......... .......... 87% 6.11M 0s
 13600K .......... .......... .......... .......... .......... 87% 6.31M 0s
 13650K .......... .......... .......... .......... .......... 87% 3.10M 0s
 13700K .......... .......... .......... .......... .......... 87% 6.58M 0s
 13750K .......... .......... .......... .......... .......... 88% 4.11M 0s
 13800K .......... .......... .......... .......... .......... 88% 3.45M 0s
 13850K .......... .......... .......... .......... .......... 88% 3.16M 0s
 13900K .......... .......... .......... .......... .......... 89% 3.50M 0s
 13950K .......... .......... .......... .......... .......... 89% 14.7M 0s
 14000K .......... .......... .......... .......... .......... 89% 4.09M 0s
 14050K .......... .......... .......... .......... .......... 90% 3.50M 0s
 14100K .......... .......... .......... .......... .......... 90% 4.40M 0s
 14150K .......... .......... .......... .......... .......... 90% 8.01M 0s
 14200K .......... .......... .......... .......... .......... 91% 4.25M 0s
 14250K .......... .......... .......... .......... .......... 91% 2.09M 0s
 14300K .......... .......... .......... .......... .......... 91% 5.35M 0s
 14350K .......... .......... .......... .......... .......... 92% 3.87M 0s
 14400K .......... .......... .......... .......... .......... 92% 5.75M 0s
 14450K .......... .......... .......... .......... .......... 92% 4.70M 0s
 14500K .......... .......... .......... .......... .......... 93% 2.79M 0s
 14550K .......... .......... .......... .......... .......... 93%  827K 0s
 14600K .......... .......... .......... .......... .......... 93%  391K 0s
 14650K .......... .......... .......... .......... .......... 94% 2.25M 0s
 14700K .......... .......... .......... .......... .......... 94% 8.24M 0s
 14750K .......... .......... .......... .......... .......... 94% 2.93M 0s
 14800K .......... .......... .......... .......... .......... 95% 4.98M 0s
 14850K .......... .......... .......... .......... .......... 95% 3.76M 0s
 14900K .......... .......... .......... .......... .......... 95% 4.65M 0s
 14950K .......... .......... .......... .......... .......... 95% 5.88M 0s
 15000K .......... .......... .......... .......... .......... 96% 2.49M 0s
 15050K .......... .......... .......... .......... .......... 96% 3.06M 0s
 15100K .......... .......... .......... .......... .......... 96% 5.33M 0s
 15150K .......... .......... .......... .......... .......... 97% 1.40M 0s
 15200K .......... .......... .......... .......... .......... 97% 6.14M 0s
 15250K .......... .......... .......... .......... .......... 97% 3.85M 0s
 15300K .......... .......... .......... .......... .......... 98% 6.10M 0s
 15350K .......... .......... .......... .......... .......... 98% 3.77M 0s
 15400K .......... .......... .......... .......... .......... 98% 7.82M 0s
 15450K .......... .......... .......... .......... .......... 99% 2.36M 0s
 15500K .......... .......... .......... .......... .......... 99% 1.94M 0s
 15550K .......... .......... .......... .......... .......... 99% 3.68M 0s
 15600K .......... .......... .....                           100% 1.90M=4.0s

2026-03-12 17:23:21 (3.86 MB/s) - ‘/home/kky/cde2310_ws/build/multirobot_map_merge/2012-01-28-11-12-01.pgm’ saved [16000058/16000058]

