[0.011s] Invoking command in '/home/kky/cde2310_ws/build/multirobot_map_merge': CMAKE_PREFIX_PATH=${CMAKE_PREFIX_PATH}:/home/kky/colcon_ws/install/py_pubsub:/home/kky/colcon_ws/install/cde2310_e2:/home/kky/colcon_ws/install/auto_nav:/home/kky/turtlebot3_ws/install/turtlebot3_teleop:/home/kky/turtlebot3_ws/install/turtlebot3_example:/opt/ros/humble /usr/bin/cmake /home/kky/cde2310_ws/src/m-explore-ros2-main/map_merge -DCMAKE_INSTALL_PREFIX=/home/kky/cde2310_ws/install/multirobot_map_merge
[0.062s] -- The C compiler identification is GNU 11.4.0
[0.112s] -- The CXX compiler identification is GNU 11.4.0
[0.118s] -- Detecting C compiler ABI info
[0.183s] -- Detecting C compiler ABI info - done
[0.188s] -- Check for working C compiler: /usr/bin/cc - skipped
[0.189s] -- Detecting C compile features
[0.189s] -- Detecting C compile features - done
[0.191s] -- Detecting CXX compiler ABI info
[0.269s] -- Detecting CXX compiler ABI info - done
[0.274s] -- Check for working CXX compiler: /usr/bin/c++ - skipped
[0.275s] -- Detecting CXX compile features
[0.275s] -- Detecting CXX compile features - done
[0.279s] -- Found ament_cmake: 1.3.12 (/opt/ros/humble/share/ament_cmake/cmake)
[0.400s] -- Found Python3: /usr/bin/python3 (found version "3.10.12") found components: Interpreter 
[0.499s] -- Found rclcpp: 16.0.17 (/opt/ros/humble/share/rclcpp/cmake)
[0.551s] -- Found rosidl_generator_c: 3.1.8 (/opt/ros/humble/share/rosidl_generator_c/cmake)
[0.559s] -- Found rosidl_adapter: 3.1.8 (/opt/ros/humble/share/rosidl_adapter/cmake)
[0.569s] -- Found rosidl_generator_cpp: 3.1.8 (/opt/ros/humble/share/rosidl_generator_cpp/cmake)
[0.582s] -- Using all available rosidl_typesupport_c: rosidl_typesupport_fastrtps_c;rosidl_typesupport_introspection_c
[0.600s] -- Using all available rosidl_typesupport_cpp: rosidl_typesupport_fastrtps_cpp;rosidl_typesupport_introspection_cpp
[0.651s] -- Found rmw_implementation_cmake: 6.1.2 (/opt/ros/humble/share/rmw_implementation_cmake/cmake)
[0.655s] -- Found rmw_fastrtps_cpp: 6.2.9 (/opt/ros/humble/share/rmw_fastrtps_cpp/cmake)
[0.763s] -- Found OpenSSL: /usr/lib/x86_64-linux-gnu/libcrypto.so (found version "3.0.2")  
[0.792s] -- Found FastRTPS: /opt/ros/humble/include  
[0.839s] -- Using RMW implementation 'rmw_fastrtps_cpp' as default
[0.852s] -- Looking for pthread.h
[0.925s] -- Looking for pthread.h - found
[0.925s] -- Performing Test CMAKE_HAVE_LIBC_PTHREAD
[0.997s] -- Performing Test CMAKE_HAVE_LIBC_PTHREAD - Success
[0.998s] -- Found Threads: TRUE  
[1.045s] -- Found geometry_msgs: 4.9.0 (/opt/ros/humble/share/geometry_msgs/cmake)
[1.056s] -- Found image_geometry: 3.2.1 (/opt/ros/humble/share/image_geometry/cmake)
[1.083s] -- Found map_msgs: 2.1.0 (/opt/ros/humble/share/map_msgs/cmake)
[1.117s] -- Found tf2_geometry_msgs: 0.25.18 (/opt/ros/humble/share/tf2_geometry_msgs/cmake)
[1.138s] -- Found eigen3_cmake_module: 0.1.1 (/opt/ros/humble/share/eigen3_cmake_module/cmake)
[1.139s] -- Found Eigen3: TRUE (found version "3.4.0") 
[1.139s] -- Ensuring Eigen3 include directory is part of orocos-kdl CMake target
[1.256s] -- Found Boost: /usr/lib/x86_64-linux-gnu/cmake/Boost-1.74.0/BoostConfig.cmake (found version "1.74.0") found components: thread 
[1.260s] -- Found OpenCV: /usr (found version "4.5.4") 
[1.274s] -- Found ament_lint_auto: 0.12.14 (/opt/ros/humble/share/ament_lint_auto/cmake)
[1.376s] -- Found ament_cmake_gtest: 1.3.12 (/opt/ros/humble/share/ament_cmake_gtest/cmake)
[1.382s] --2026-03-12 17:23:11--  https://raw.githubusercontent.com/hrnr/m-explore-extra/master/map_merge/hector_maps/map00.pgm
[1.427s] Resolving raw.githubusercontent.com (raw.githubusercontent.com)... 185.199.111.133, 185.199.108.133, 185.199.109.133, ...
[1.451s] Connecting to raw.githubusercontent.com (raw.githubusercontent.com)|185.199.111.133|:443... connected.
[1.626s] HTTP request sent, awaiting response... 200 OK
[1.626s] Length: 4194362 (4.0M) [application/octet-stream]
[1.626s] Saving to: ‘/home/kky/cde2310_ws/build/multirobot_map_merge/map00.pgm’
[1.626s] 
[1.661s]      0K .......... .......... .......... .......... ..........  1% 1.38M 3s
[1.678s]     50K .......... .......... .......... .......... ..........  2% 2.92M 2s
[1.699s]    100K .......... .......... .......... .......... ..........  3% 2.36M 2s
[1.714s]    150K .......... .......... .......... .......... ..........  4% 3.25M 2s
[1.722s]    200K .......... .......... .......... .......... ..........  6% 5.66M 1s
[1.734s]    250K .......... .......... .......... .......... ..........  7% 4.34M 1s
[1.743s]    300K .......... .......... .......... .......... ..........  8% 5.54M 1s
[1.762s]    350K .......... .......... .......... .......... ..........  9% 5.53M 1s
[1.770s]    400K .......... .......... .......... .......... .......... 10% 2.63M 1s
[1.775s]    450K .......... .......... .......... .......... .......... 12% 8.92M 1s
[1.787s]    500K .......... .......... .......... .......... .......... 13% 4.23M 1s
[1.799s]    550K .......... .......... .......... .......... .......... 14% 4.11M 1s
[1.807s]    600K .......... .......... .......... .......... .......... 15% 5.91M 1s
[1.821s]    650K .......... .......... .......... .......... .......... 17% 3.42M 1s
[1.836s]    700K .......... .......... .......... .......... .......... 18% 3.33M 1s
[1.851s]    750K .......... .......... .......... .......... .......... 19% 3.28M 1s
[1.863s]    800K .......... .......... .......... .......... .......... 20% 3.89M 1s
[1.878s]    850K .......... .......... .......... .......... .......... 21% 3.42M 1s
[1.895s]    900K .......... .......... .......... .......... .......... 23% 2.77M 1s
[1.903s]    950K .......... .......... .......... .......... .......... 24% 6.53M 1s
[1.915s]   1000K .......... .......... .......... .......... .......... 25% 3.87M 1s
[1.934s]   1050K .......... .......... .......... .......... .......... 26% 2.60M 1s
[1.942s]   1100K .......... .......... .......... .......... .......... 28% 6.04M 1s
[1.966s]   1150K .......... .......... .......... .......... .......... 29% 2.66M 1s
[1.973s]   1200K .......... .......... .......... .......... .......... 30% 3.94M 1s
[1.995s]   1250K .......... .......... .......... .......... .......... 31% 2.27M 1s
[1.996s]   1300K .......... .......... .......... .......... .......... 32% 34.0M 1s
[2.007s]   1350K .......... .......... .......... .......... .......... 34% 4.65M 1s
[2.015s]   1400K .......... .......... .......... .......... .......... 35% 6.11M 1s
[2.037s]   1450K .......... .......... .......... .......... .......... 36% 2.19M 1s
[2.051s]   1500K .......... .......... .......... .......... .......... 37% 3.60M 1s
[2.061s]   1550K .......... .......... .......... .......... .......... 39% 4.70M 1s
[2.074s]   1600K .......... .......... .......... .......... .......... 40% 3.78M 1s
[2.089s]   1650K .......... .......... .......... .......... .......... 41% 3.30M 1s
[2.130s]   1700K .......... .......... .......... .......... .......... 42% 1.19M 1s
[2.153s]   1750K .......... .......... .......... .......... .......... 43% 2.06M 1s
[2.175s]   1800K .......... .......... .......... .......... .......... 45% 2.29M 1s
[2.196s]   1850K .......... .......... .......... .......... .......... 46% 2.25M 1s
[2.213s]   1900K .......... .......... .......... .......... .......... 47% 2.98M 1s
[2.263s]   1950K .......... .......... .......... .......... .......... 48%  988K 1s
[2.376s]   2000K .......... .......... .......... .......... .......... 50%  444K 1s
[2.394s]   2050K .......... .......... .......... .......... .......... 51% 2.69M 1s
[2.695s]   2100K .......... .......... .......... .......... .......... 52%  166K 1s
[2.727s]   2150K .......... .......... .......... .......... .......... 53% 1.48M 1s
[2.747s]   2200K .......... .......... .......... .......... .......... 54% 2.56M 1s
[2.775s]   2250K .......... .......... .......... .......... .......... 56% 1.73M 1s
[2.782s]   2300K .......... .......... .......... .......... .......... 57% 6.53M 1s
[2.856s]   2350K .......... .......... .......... .......... .......... 58%  675K 1s
[2.873s]   2400K .......... .......... .......... .......... .......... 59% 3.04M 1s
[2.896s]   2450K .......... .......... .......... .......... .......... 61% 2.02M 1s
[2.930s]   2500K .......... .......... .......... .......... .......... 62% 1.44M 1s
[2.945s]   2550K .......... .......... .......... .......... .......... 63% 3.23M 1s
[2.964s]   2600K .......... .......... .......... .......... .......... 64% 2.56M 1s
[3.008s]   2650K .......... .......... .......... .......... .......... 65% 1.12M 1s
[3.065s]   2700K .......... .......... .......... .......... .......... 67%  873K 1s
[3.087s]   2750K .......... .......... .......... .......... .......... 68% 2.26M 1s
[3.105s]   2800K .......... .......... .......... .......... .......... 69% 2.64M 1s
[3.110s]   2850K .......... .......... .......... .......... .......... 70% 9.55M 1s
[3.121s]   2900K .......... .......... .......... .......... .......... 72% 4.43M 1s
[3.129s]   2950K .......... .......... .......... .......... .......... 73% 6.43M 1s
[3.142s]   3000K .......... .......... .......... .......... .......... 74% 3.88M 1s
[3.146s]   3050K .......... .......... .......... .......... .......... 75% 10.4M 0s
[3.157s]   3100K .......... .......... .......... .......... .......... 76% 4.32M 0s
[3.174s]   3150K .......... .......... .......... .......... .......... 78% 2.92M 0s
[3.175s]   3200K .......... .......... .......... .......... .......... 79% 56.1M 0s
[3.198s]   3250K .......... .......... .......... .......... .......... 80% 2.15M 0s
[3.199s]   3300K .......... .......... .......... .......... .......... 81% 54.1M 0s
[3.202s]   3350K .......... .......... .......... .......... .......... 83% 13.7M 0s
[3.210s]   3400K .......... .......... .......... .......... .......... 84% 6.48M 0s
[3.223s]   3450K .......... .......... .......... .......... .......... 85% 3.81M 0s
[3.231s]   3500K .......... .......... .......... .......... .......... 86% 5.78M 0s
[3.247s]   3550K .......... .......... .......... .......... .......... 87% 3.18M 0s
[3.266s]   3600K .......... .......... .......... .......... .......... 89% 2.56M 0s
[3.296s]   3650K .......... .......... .......... .......... .......... 90% 1.60M 0s
[3.331s]   3700K .......... .......... .......... .......... .......... 91% 1.38M 0s
[3.352s]   3750K .......... .......... .......... .......... .......... 92% 2.37M 0s
[3.369s]   3800K .......... .......... .......... .......... .......... 93% 2.95M 0s
[3.390s]   3850K .......... .......... .......... .......... .......... 95% 2.24M 0s
[3.405s]   3900K .......... .......... .......... .......... .......... 96% 3.31M 0s
[3.434s]   3950K .......... .......... .......... .......... .......... 97% 1.71M 0s
[3.556s]   4000K .......... .......... .......... .......... .......... 98%  408K 0s
[3.571s]   4050K .......... .......... .......... .......... ......    100% 2.98M=1.9s
[3.571s] 
[3.572s] 2026-03-12 17:23:13 (2.06 MB/s) - ‘/home/kky/cde2310_ws/build/multirobot_map_merge/map00.pgm’ saved [4194362/4194362]
[3.572s] 
[3.573s] Checking MD5 sum of /home/kky/cde2310_ws/build/multirobot_map_merge/map00.pgm
[3.581s] /home/kky/cde2310_ws/build/multirobot_map_merge/map00.pgm: OK
[3.586s] --2026-03-12 17:23:13--  https://raw.githubusercontent.com/hrnr/m-explore-extra/master/map_merge/hector_maps/map05.pgm
[3.590s] Resolving raw.githubusercontent.com (raw.githubusercontent.com)... 185.199.109.133, 185.199.110.133, 185.199.108.133, ...
[3.612s] Connecting to raw.githubusercontent.com (raw.githubusercontent.com)|185.199.109.133|:443... connected.
[3.746s] HTTP request sent, awaiting response... 200 OK
[3.746s] Length: 4194362 (4.0M) [application/octet-stream]
[3.746s] Saving to: ‘/home/kky/cde2310_ws/build/multirobot_map_merge/map05.pgm’
[3.746s] 
[3.799s]      0K .......... .......... .......... .......... ..........  1%  955K 4s
[3.847s]     50K .......... .......... .......... .......... ..........  2% 1.02M 4s
[3.856s]    100K .......... .......... .......... .......... ..........  3% 5.21M 3s
[3.886s]    150K .......... .......... .......... .......... ..........  4% 1.60M 3s
[3.913s]    200K .......... .......... .......... .......... ..........  6% 1.83M 3s
[3.920s]    250K .......... .......... .......... .......... ..........  7% 6.64M 2s
[3.931s]    300K .......... .......... .......... .......... ..........  8% 4.68M 2s
[3.969s]    350K .......... .......... .......... .......... ..........  9% 1.29M 2s
[3.970s]    400K .......... .......... .......... .......... .......... 10% 30.7M 2s
[4.008s]    450K .......... .......... .......... .......... .......... 12% 1.32M 2s
[4.022s]    500K .......... .......... .......... .......... .......... 13% 3.36M 2s
[4.036s]    550K .......... .......... .......... .......... .......... 14% 3.86M 2s
[4.046s]    600K .......... .......... .......... .......... .......... 15% 4.41M 2s
[4.068s]    650K .......... .......... .......... .......... .......... 17% 2.20M 2s
[4.073s]    700K .......... .......... .......... .......... .......... 18% 9.63M 1s
[4.084s]    750K .......... .......... .......... .......... .......... 19% 4.43M 1s
[4.103s]    800K .......... .......... .......... .......... .......... 20% 3.28M 1s
[4.111s]    850K .......... .......... .......... .......... .......... 21% 4.08M 1s
[4.121s]    900K .......... .......... .......... .......... .......... 23% 4.99M 1s
[4.139s]    950K .......... .......... .......... .......... .......... 24% 2.67M 1s
[4.155s]   1000K .......... .......... .......... .......... .......... 25% 3.04M 1s
[4.168s]   1050K .......... .......... .......... .......... .......... 26% 3.60M 1s
[4.174s]   1100K .......... .......... .......... .......... .......... 28% 9.47M 1s
[4.187s]   1150K .......... .......... .......... .......... .......... 29% 3.71M 1s
[4.207s]   1200K .......... .......... .......... .......... .......... 30% 2.43M 1s
[4.219s]   1250K .......... .......... .......... .......... .......... 31% 4.06M 1s
[4.227s]   1300K .......... .......... .......... .......... .......... 32% 6.11M 1s
[4.239s]   1350K .......... .......... .......... .......... .......... 34% 4.09M 1s
[4.243s]   1400K .......... .......... .......... .......... .......... 35% 11.2M 1s
[4.253s]   1450K .......... .......... .......... .......... .......... 36% 5.12M 1s
[4.270s]   1500K .......... .......... .......... .......... .......... 37% 3.61M 1s
[4.278s]   1550K .......... .......... .......... .......... .......... 39% 4.08M 1s
[4.367s]   1600K .......... .......... .......... .......... .......... 40%  563K 1s
[4.382s]   1650K .......... .......... .......... .......... .......... 41% 3.26M 1s
[4.404s]   1700K .......... .......... .......... .......... .......... 42% 2.24M 1s
[4.409s]   1750K .......... .......... .......... .......... .......... 43% 10.0M 1s
[4.423s]   1800K .......... .......... .......... .......... .......... 45% 3.43M 1s
[4.426s]   1850K .......... .......... .......... .......... .......... 46% 15.2M 1s
[4.449s]   1900K .......... .......... .......... .......... .......... 47% 2.55M 1s
[4.459s]   1950K .......... .......... .......... .......... .......... 48% 3.55M 1s
[4.479s]   2000K .......... .......... .......... .......... .......... 50% 2.52M 1s
[4.480s]   2050K .......... .......... .......... .......... .......... 51% 27.7M 1s
[4.481s]   2100K .......... .......... .......... .......... .......... 52% 68.8M 1s
[4.503s]   2150K .......... .......... .......... .......... .......... 53% 2.24M 1s
[4.508s]   2200K .......... .......... .......... .......... .......... 54% 9.85M 1s
[4.520s]   2250K .......... .......... .......... .......... .......... 56% 4.03M 1s
[4.523s]   2300K .......... .......... .......... .......... .......... 57% 13.8M 1s
[4.531s]   2350K .......... .......... .......... .......... .......... 58% 6.32M 1s
[4.541s]   2400K .......... .......... .......... .......... .......... 59% 4.91M 1s
[4.556s]   2450K .......... .......... .......... .......... .......... 61% 3.27M 1s
[4.565s]   2500K .......... .......... .......... .......... .......... 62% 5.57M 0s
[4.573s]   2550K .......... .......... .......... .......... .......... 63% 6.39M 0s
[4.585s]   2600K .......... .......... .......... .......... .......... 64% 3.97M 0s
[4.590s]   2650K .......... .......... .......... .......... .......... 65% 10.3M 0s
[4.597s]   2700K .......... .......... .......... .......... .......... 67% 6.21M 0s
[4.621s]   2750K .......... .......... .......... .......... .......... 68% 2.04M 0s
[4.623s]   2800K .......... .......... .......... .......... .......... 69% 32.0M 0s
[4.633s]   2850K .......... .......... .......... .......... .......... 70% 4.84M 0s
[4.637s]   2900K .......... .......... .......... .......... .......... 72% 11.7M 0s
[4.638s]   2950K .......... .......... .......... .......... .......... 73% 38.2M 0s
[4.669s]   3000K .......... .......... .......... .......... .......... 74% 1.58M 0s
[4.676s]   3050K .......... .......... .......... .......... .......... 75% 7.25M 0s
[4.694s]   3100K .......... .......... .......... .......... .......... 76% 2.76M 0s
[4.700s]   3150K .......... .......... .......... .......... .......... 78% 7.90M 0s
[4.712s]   3200K .......... .......... .......... .......... .......... 79% 4.01M 0s
[4.717s]   3250K .......... .......... .......... .......... .......... 80% 10.5M 0s
[4.720s]   3300K .......... .......... .......... .......... .......... 81% 13.1M 0s
[4.728s]   3350K .......... .......... .......... .......... .......... 83% 6.68M 0s
[4.743s]   3400K .......... .......... .......... .......... .......... 84% 3.12M 0s
[4.746s]   3450K .......... .......... .......... .......... .......... 85% 18.9M 0s
[4.758s]   3500K .......... .......... .......... .......... .......... 86% 3.94M 0s
[4.771s]   3550K .......... .......... .......... .......... .......... 87% 3.75M 0s
[4.776s]   3600K .......... .......... .......... .......... .......... 89% 9.52M 0s
[4.788s]   3650K .......... .......... .......... .......... .......... 90% 4.24M 0s
[4.792s]   3700K .......... .......... .......... .......... .......... 91% 12.0M 0s
[4.801s]   3750K .......... .......... .......... .......... .......... 92% 5.73M 0s
[4.812s]   3800K .......... .......... .......... .......... .......... 93% 30.6M 0s
[4.816s]   3850K .......... .......... .......... .......... .......... 95% 3.51M 0s
[4.823s]   3900K .......... .......... .......... .......... .......... 96% 7.31M 0s
[4.828s]   3950K .......... .......... .......... .......... .......... 97% 9.61M 0s
[4.839s]   4000K .......... .......... .......... .......... .......... 98% 4.31M 0s
[4.844s]   4050K .......... .......... .......... .......... ......    100% 10.4M=1.1s
[4.844s] 
[4.844s] 2026-03-12 17:23:14 (3.65 MB/s) - ‘/home/kky/cde2310_ws/build/multirobot_map_merge/map05.pgm’ saved [4194362/4194362]
[4.844s] 
[4.845s] Checking MD5 sum of /home/kky/cde2310_ws/build/multirobot_map_merge/map05.pgm
[4.852s] /home/kky/cde2310_ws/build/multirobot_map_merge/map05.pgm: OK
[4.858s] --2026-03-12 17:23:14--  https://raw.githubusercontent.com/hrnr/m-explore-extra/master/map_merge/gmapping_maps/2011-08-09-12-22-52.pgm
[4.860s] Resolving raw.githubusercontent.com (raw.githubusercontent.com)... 185.199.109.133, 185.199.110.133, 185.199.111.133, ...
[4.885s] Connecting to raw.githubusercontent.com (raw.githubusercontent.com)|185.199.109.133|:443... connected.
[5.011s] HTTP request sent, awaiting response... 200 OK
[5.011s] Length: 16000058 (15M) [application/octet-stream]
[5.011s] Saving to: ‘/home/kky/cde2310_ws/build/multirobot_map_merge/2011-08-09-12-22-52.pgm’
[5.011s] 
[5.056s]      0K .......... .......... .......... .......... ..........  0% 1.08M 14s
[5.069s]     50K .......... .......... .......... .......... ..........  0% 3.67M 9s
[5.086s]    100K .......... .......... .......... .......... ..........  0% 2.98M 8s
[5.099s]    150K .......... .......... .......... .......... ..........  1% 3.65M 7s
[5.109s]    200K .......... .......... .......... .......... ..........  1% 4.73M 6s
[5.112s]    250K .......... .......... .......... .......... ..........  1% 17.7M 5s
[5.123s]    300K .......... .......... .......... .......... ..........  2% 4.75M 5s
[5.135s]    350K .......... .......... .......... .......... ..........  2% 3.79M 5s
[5.143s]    400K .......... .......... .......... .......... ..........  2% 6.31M 4s
[5.152s]    450K .......... .......... .......... .......... ..........  3% 5.33M 4s
[5.156s]    500K .......... .......... .......... .......... ..........  3% 13.1M 4s
[5.167s]    550K .......... .......... .......... .......... ..........  3% 6.28M 4s
[5.179s]    600K .......... .......... .......... .......... ..........  4% 3.16M 4s
[5.190s]    650K .......... .......... .......... .......... ..........  4% 4.68M 4s
[5.213s]    700K .......... .......... .......... .......... ..........  4% 2.05M 4s
[5.214s]    750K .......... .......... .......... .......... ..........  5%  127M 4s
[5.219s]    800K .......... .......... .......... .......... ..........  5% 9.73M 4s
[5.223s]    850K .......... .......... .......... .......... ..........  5% 10.5M 3s
[5.226s]    900K .......... .......... .......... .......... ..........  6% 15.1M 3s
[5.239s]    950K .......... .......... .......... .......... ..........  6% 4.15M 3s
[5.245s]   1000K .......... .......... .......... .......... ..........  6% 7.17M 3s
[5.255s]   1050K .......... .......... .......... .......... ..........  7% 4.90M 3s
[5.261s]   1100K .......... .......... .......... .......... ..........  7% 8.05M 3s
[5.278s]   1150K .......... .......... .......... .......... ..........  7% 2.90M 3s
[5.282s]   1200K .......... .......... .......... .......... ..........  7% 11.0M 3s
[5.286s]   1250K .......... .......... .......... .......... ..........  8% 12.5M 3s
[5.295s]   1300K .......... .......... .......... .......... ..........  8% 5.52M 3s
[5.302s]   1350K .......... .......... .......... .......... ..........  8% 6.87M 3s
[5.325s]   1400K .......... .......... .......... .......... ..........  9% 2.15M 3s
[5.336s]   1450K .......... .......... .......... .......... ..........  9% 4.65M 3s
[5.340s]   1500K .......... .......... .......... .......... ..........  9% 11.5M 3s
[5.351s]   1550K .......... .......... .......... .......... .......... 10% 4.47M 3s
[5.361s]   1600K .......... .......... .......... .......... .......... 10% 4.71M 3s
[5.369s]   1650K .......... .......... .......... .......... .......... 10% 6.52M 3s
[5.372s]   1700K .......... .......... .......... .......... .......... 11% 11.9M 3s
[5.393s]   1750K .......... .......... .......... .......... .......... 11% 2.42M 3s
[5.400s]   1800K .......... .......... .......... .......... .......... 11% 7.03M 3s
[5.407s]   1850K .......... .......... .......... .......... .......... 12% 6.36M 3s
[5.421s]   1900K .......... .......... .......... .......... .......... 12% 3.59M 3s
[5.421s]   1950K .......... .......... .......... .......... .......... 12%  127M 3s
[5.425s]   2000K .......... .......... .......... .......... .......... 13% 13.9M 3s
[5.432s]   2050K .......... .......... .......... .......... .......... 13% 7.03M 3s
[5.448s]   2100K .......... .......... .......... .......... .......... 13% 3.03M 3s
[5.458s]   2150K .......... .......... .......... .......... .......... 14% 4.93M 3s
[5.459s]   2200K .......... .......... .......... .......... .......... 14% 36.0M 3s
[5.472s]   2250K .......... .......... .......... .......... .......... 14% 3.78M 3s
[5.477s]   2300K .......... .......... .......... .......... .......... 15% 9.11M 3s
[5.504s]   2350K .......... .......... .......... .......... .......... 15% 1.86M 3s
[5.505s]   2400K .......... .......... .......... .......... .......... 15% 32.4M 3s
[5.510s]   2450K .......... .......... .......... .......... .......... 15% 9.61M 3s
[5.511s]   2500K .......... .......... .......... .......... .......... 16% 40.6M 3s
[5.528s]   2550K .......... .......... .......... .......... .......... 16% 2.88M 3s
[5.533s]   2600K .......... .......... .......... .......... .......... 16% 11.0M 3s
[5.536s]   2650K .......... .......... .......... .......... .......... 17% 15.0M 3s
[5.546s]   2700K .......... .......... .......... .......... .......... 17% 4.77M 3s
[5.555s]   2750K .......... .......... .......... .......... .......... 17% 5.41M 2s
[5.576s]   2800K .......... .......... .......... .......... .......... 18% 2.40M 3s
[5.612s]   2850K .......... .......... .......... .......... .......... 18% 1.33M 3s
[5.614s]   2900K .......... .......... .......... .......... .......... 18% 28.3M 3s
[5.627s]   2950K .......... .......... .......... .......... .......... 19% 3.82M 3s
[5.640s]   3000K .......... .......... .......... .......... .......... 19% 3.76M 3s
[5.646s]   3050K .......... .......... .......... .......... .......... 19% 7.97M 3s
[5.656s]   3100K .......... .......... .......... .......... .......... 20% 4.95M 3s
[5.662s]   3150K .......... .......... .......... .......... .......... 20% 7.91M 3s
[5.670s]   3200K .......... .......... .......... .......... .......... 20% 5.88M 3s
[5.680s]   3250K .......... .......... .......... .......... .......... 21% 5.28M 2s
[5.683s]   3300K .......... .......... .......... .......... .......... 21% 13.9M 2s
[5.694s]   3350K .......... .......... .......... .......... .......... 21% 4.59M 2s
[5.703s]   3400K .......... .......... .......... .......... .......... 22% 5.48M 2s
[5.713s]   3450K .......... .......... .......... .......... .......... 22% 4.59M 2s
[5.730s]   3500K .......... .......... .......... .......... .......... 22% 2.95M 2s
[5.731s]   3550K .......... .......... .......... .......... .......... 23% 34.4M 2s
[5.740s]   3600K .......... .......... .......... .......... .......... 23% 5.75M 2s
[5.747s]   3650K .......... .......... .......... .......... .......... 23% 6.54M 2s
[5.760s]   3700K .......... .......... .......... .......... .......... 23% 3.88M 2s
[5.762s]   3750K .......... .......... .......... .......... .......... 24% 25.5M 2s
[5.767s]   3800K .......... .......... .......... .......... .......... 24% 8.79M 2s
[5.778s]   3850K .......... .......... .......... .......... .......... 24% 4.49M 2s
[5.787s]   3900K .......... .......... .......... .......... .......... 25% 5.38M 2s
[5.801s]   3950K .......... .......... .......... .......... .......... 25% 3.61M 2s
[5.806s]   4000K .......... .......... .......... .......... .......... 25% 9.60M 2s
[5.815s]   4050K .......... .......... .......... .......... .......... 26% 5.39M 2s
[5.826s]   4100K .......... .......... .......... .......... .......... 26% 10.5M 2s
[5.834s]   4150K .......... .......... .......... .......... .......... 26% 3.46M 2s
[5.843s]   4200K .......... .......... .......... .......... .......... 27% 5.41M 2s
[5.859s]   4250K .......... .......... .......... .......... .......... 27% 2.92M 2s
[5.863s]   4300K .......... .......... .......... .......... .......... 27% 12.3M 2s
[5.865s]   4350K .......... .......... .......... .......... .......... 28% 25.4M 2s
[5.872s]   4400K .......... .......... .......... .......... .......... 28% 7.41M 2s
[5.877s]   4450K .......... .......... .......... .......... .......... 28% 9.82M 2s
[5.892s]   4500K .......... .......... .......... .......... .......... 29% 3.32M 2s
[5.894s]   4550K .......... .......... .......... .......... .......... 29% 18.7M 2s
[5.900s]   4600K .......... .......... .......... .......... .......... 29% 9.02M 2s
[5.909s]   4650K .......... .......... .......... .......... .......... 30% 5.36M 2s
[5.916s]   4700K .......... .......... .......... .......... .......... 30% 6.56M 2s
[5.927s]   4750K .......... .......... .......... .......... .......... 30% 4.50M 2s
[5.928s]   4800K .......... .......... .......... .......... .......... 31% 58.8M 2s
[5.933s]   4850K .......... .......... .......... .......... .......... 31% 9.13M 2s
[5.948s]   4900K .......... .......... .......... .......... .......... 31% 4.18M 2s
[5.952s]   4950K .......... .......... .......... .......... .......... 31% 6.96M 2s
[5.953s]   5000K .......... .......... .......... .......... .......... 32% 38.7M 2s
[5.968s]   5050K .......... .......... .......... .......... .......... 32% 3.27M 2s
[5.974s]   5100K .......... .......... .......... .......... .......... 32% 8.54M 2s
[5.974s]   5150K .......... .......... .......... .......... .......... 33%  122M 2s
[5.991s]   5200K .......... .......... .......... .......... .......... 33% 2.93M 2s
[5.998s]   5250K .......... .......... .......... .......... .......... 33% 6.73M 2s
[6.007s]   5300K .......... .......... .......... .......... .......... 34% 6.37M 2s
[6.014s]   5350K .......... .......... .......... .......... .......... 34% 5.65M 2s
[6.029s]   5400K .......... .......... .......... .......... .......... 34% 3.43M 2s
[6.035s]   5450K .......... .......... .......... .......... .......... 35% 7.82M 2s
[6.042s]   5500K .......... .......... .......... .......... .......... 35% 6.51M 2s
[6.050s]   5550K .......... .......... .......... .......... .......... 35% 6.35M 2s
[6.057s]   5600K .......... .......... .......... .......... .......... 36% 6.77M 2s
[6.065s]   5650K .......... .......... .......... .......... .......... 36% 6.27M 2s
[6.079s]   5700K .......... .......... .......... .......... .......... 36% 3.52M 2s
[6.087s]   5750K .......... .......... .......... .......... .......... 37% 6.10M 2s
[6.091s]   5800K .......... .......... .......... .......... .......... 37% 10.7M 2s
[6.100s]   5850K .......... .......... .......... .......... .......... 37% 5.51M 2s
[6.109s]   5900K .......... .......... .......... .......... .......... 38% 5.54M 2s
[6.118s]   5950K .......... .......... .......... .......... .......... 38% 5.74M 2s
[6.125s]   6000K .......... .......... .......... .......... .......... 38% 6.72M 2s
[6.138s]   6050K .......... .......... .......... .......... .......... 39% 3.75M 2s
[6.144s]   6100K .......... .......... .......... .......... .......... 39% 18.1M 2s
[6.151s]   6150K .......... .......... .......... .......... .......... 39% 4.90M 2s
[6.155s]   6200K .......... .......... .......... .......... .......... 39% 12.0M 2s
[6.160s]   6250K .......... .......... .......... .......... .......... 40% 9.46M 2s
[6.166s]   6300K .......... .......... .......... .......... .......... 40% 7.81M 2s
[6.174s]   6350K .......... .......... .......... .......... .......... 40% 6.34M 2s
[6.187s]   6400K .......... .......... .......... .......... .......... 41% 3.74M 2s
[6.192s]   6450K .......... .......... .......... .......... .......... 41% 10.4M 2s
[6.195s]   6500K .......... .......... .......... .......... .......... 41% 12.4M 2s
[6.203s]   6550K .......... .......... .......... .......... .......... 42% 6.23M 2s
[6.207s]   6600K .......... .......... .......... .......... .......... 42% 11.8M 2s
[6.221s]   6650K .......... .......... .......... .......... .......... 42% 3.66M 2s
[6.228s]   6700K .......... .......... .......... .......... .......... 43% 6.42M 2s
[6.233s]   6750K .......... .......... .......... .......... .......... 43% 10.5M 2s
[6.240s]   6800K .......... .......... .......... .......... .......... 43% 6.63M 2s
[6.243s]   6850K .......... .......... .......... .......... .......... 44% 20.6M 2s
[6.256s]   6900K .......... .......... .......... .......... .......... 44% 5.66M 2s
[6.259s]   6950K .......... .......... .......... .......... .......... 44% 6.52M 2s
[6.269s]   7000K .......... .......... .......... .......... .......... 45% 4.82M 2s
[6.279s]   7050K .......... .......... .......... .......... .......... 45% 5.05M 2s
[6.284s]   7100K .......... .......... .......... .......... .......... 45% 8.82M 2s
[6.289s]   7150K .......... .......... .......... .......... .......... 46% 10.9M 1s
[6.299s]   7200K .......... .......... .......... .......... .......... 46% 4.77M 1s
[6.308s]   7250K .......... .......... .......... .......... .......... 46% 5.41M 1s
[6.314s]   7300K .......... .......... .......... .......... .......... 47% 7.90M 1s
[6.319s]   7350K .......... .......... .......... .......... .......... 47% 10.8M 1s
[6.326s]   7400K .......... .......... .......... .......... .......... 47% 6.30M 1s
[6.341s]   7450K .......... .......... .......... .......... .......... 47% 3.27M 1s
[6.381s]   7500K .......... .......... .......... .......... .......... 48% 1.23M 1s
[6.391s]   7550K .......... .......... .......... .......... .......... 48% 4.72M 1s
[6.398s]   7600K .......... .......... .......... .......... .......... 48% 6.93M 1s
[6.406s]   7650K .......... .......... .......... .......... .......... 49% 6.25M 1s
[6.423s]   7700K .......... .......... .......... .......... .......... 49% 2.90M 1s
[6.432s]   7750K .......... .......... .......... .......... .......... 49% 5.61M 1s
[6.439s]   7800K .......... .......... .......... .......... .......... 50% 6.70M 1s
[6.450s]   7850K .......... .......... .......... .......... .......... 50% 4.38M 1s
[6.466s]   7900K .......... .......... .......... .......... .......... 50% 3.13M 1s
[6.478s]   7950K .......... .......... .......... .......... .......... 51% 3.80M 1s
[6.488s]   8000K .......... .......... .......... .......... .......... 51% 5.03M 1s
[6.498s]   8050K .......... .......... .......... .......... .......... 51% 4.88M 1s
[6.516s]   8100K .......... .......... .......... .......... .......... 52% 2.75M 1s
[6.521s]   8150K .......... .......... .......... .......... .......... 52% 9.78M 1s
[6.528s]   8200K .......... .......... .......... .......... .......... 52% 7.06M 1s
[6.542s]   8250K .......... .......... .......... .......... .......... 53% 3.44M 1s
[6.547s]   8300K .......... .......... .......... .......... .......... 53% 11.1M 1s
[6.558s]   8350K .......... .......... .......... .......... .......... 53% 4.29M 1s
[6.562s]   8400K .......... .......... .......... .......... .......... 54% 11.0M 1s
[6.574s]   8450K .......... .......... .......... .......... .......... 54% 4.25M 1s
[6.576s]   8500K .......... .......... .......... .......... .......... 54% 19.7M 1s
[6.589s]   8550K .......... .......... .......... .......... .......... 55% 3.80M 1s
[6.597s]   8600K .......... .......... .......... .......... .......... 55% 6.43M 1s
[6.600s]   8650K .......... .......... .......... .......... .......... 55% 13.1M 1s
[6.609s]   8700K .......... .......... .......... .......... .......... 55% 5.79M 1s
[6.623s]   8750K .......... .......... .......... .......... .......... 56% 3.81M 1s
[6.635s]   8800K .......... .......... .......... .......... .......... 56% 3.64M 1s
[6.639s]   8850K .......... .......... .......... .......... .......... 56% 13.8M 1s
[6.644s]   8900K .......... .......... .......... .......... .......... 57% 9.78M 1s
[6.657s]   8950K .......... .......... .......... .......... .......... 57% 3.74M 1s
[6.660s]   9000K .......... .......... .......... .......... .......... 57% 13.9M 1s
[6.672s]   9050K .......... .......... .......... .......... .......... 58% 4.26M 1s
[6.686s]   9100K .......... .......... .......... .......... .......... 58% 3.40M 1s
[6.690s]   9150K .......... .......... .......... .......... .......... 58% 11.5M 1s
[6.702s]   9200K .......... .......... .......... .......... .......... 59% 4.07M 1s
[6.725s]   9250K .......... .......... .......... .......... .......... 59% 2.16M 1s
[6.727s]   9300K .......... .......... .......... .......... .......... 59% 25.1M 1s
[6.751s]   9350K .......... .......... .......... .......... .......... 60% 2.03M 1s
[6.757s]   9400K .......... .......... .......... .......... .......... 60% 8.19M 1s
[6.790s]   9450K .......... .......... .......... .......... .......... 60% 1.47M 1s
[6.790s]   9500K .......... .......... .......... .......... .......... 61%  308M 1s
[6.805s]   9550K .......... .......... .......... .......... .......... 61% 3.40M 1s
[6.806s]   9600K .......... .......... .......... .......... .......... 61% 26.6M 1s
[6.809s]   9650K .......... .......... .......... .......... .......... 62% 15.1M 1s
[6.812s]   9700K .......... .......... .......... .......... .......... 62% 23.5M 1s
[6.815s]   9750K .......... .......... .......... .......... .......... 62% 13.4M 1s
[6.817s]   9800K .......... .......... .......... .......... .......... 63% 24.2M 1s
[6.818s]   9850K .......... .......... .......... .......... .......... 63% 44.8M 1s
[6.821s]   9900K .......... .......... .......... .......... .......... 63% 17.0M 1s
[6.834s]   9950K .......... .......... .......... .......... .......... 63% 3.92M 1s
[6.854s]  10000K .......... .......... .......... .......... .......... 64% 2.39M 1s
[6.855s]  10050K .......... .......... .......... .......... .......... 64% 40.2M 1s
[6.867s]  10100K .......... .......... .......... .......... .......... 64% 4.24M 1s
[6.881s]  10150K .......... .......... .......... .......... .......... 65% 3.46M 1s
[6.887s]  10200K .......... .......... .......... .......... .......... 65% 8.59M 1s
[6.894s]  10250K .......... .......... .......... .......... .......... 65% 6.63M 1s
[6.905s]  10300K .......... .......... .......... .......... .......... 66% 4.68M 1s
[6.916s]  10350K .......... .......... .......... .......... .......... 66% 4.42M 1s
[6.924s]  10400K .......... .......... .......... .......... .......... 66% 6.02M 1s
[6.935s]  10450K .......... .......... .......... .......... .......... 67% 4.27M 1s
[6.951s]  10500K .......... .......... .......... .......... .......... 67% 2.99M 1s
[7.020s]  10550K .......... .......... .......... .......... .......... 67%  733K 1s
[7.023s]  10600K .......... .......... .......... .......... .......... 68% 42.1M 1s
[7.026s]  10650K .......... .......... .......... .......... .......... 68% 10.2M 1s
[7.027s]  10700K .......... .......... .......... .......... .......... 68% 25.9M 1s
[7.029s]  10750K .......... .......... .......... .......... .......... 69% 41.2M 1s
[7.036s]  10800K .......... .......... .......... .......... .......... 69% 6.77M 1s
[7.037s]  10850K .......... .......... .......... .......... .......... 69% 43.2M 1s
[7.041s]  10900K .......... .......... .......... .......... .......... 70% 11.1M 1s
[7.044s]  10950K .......... .......... .......... .......... .......... 70% 17.5M 1s
[7.058s]  11000K .......... .......... .......... .......... .......... 70% 3.48M 1s
[7.071s]  11050K .......... .......... .......... .......... .......... 71% 3.78M 1s
[7.078s]  11100K .......... .......... .......... .......... .......... 71% 7.39M 1s
[7.095s]  11150K .......... .......... .......... .......... .......... 71% 2.89M 1s
[7.103s]  11200K .......... .......... .......... .......... .......... 71% 6.16M 1s
[7.110s]  11250K .......... .......... .......... .......... .......... 72% 6.52M 1s
[7.119s]  11300K .......... .......... .......... .......... .......... 72% 5.52M 1s
[7.128s]  11350K .......... .......... .......... .......... .......... 72% 5.57M 1s
[7.149s]  11400K .......... .......... .......... .......... .......... 73% 2.26M 1s
[7.155s]  11450K .......... .......... .......... .......... .......... 73% 8.93M 1s
[7.162s]  11500K .......... .......... .......... .......... .......... 73% 6.76M 1s
[7.171s]  11550K .......... .......... .......... .......... .......... 74% 5.66M 1s
[7.178s]  11600K .......... .......... .......... .......... .......... 74% 6.82M 1s
[7.185s]  11650K .......... .......... .......... .......... .......... 74% 6.89M 1s
[7.197s]  11700K .......... .......... .......... .......... .......... 75% 4.02M 1s
[7.205s]  11750K .......... .......... .......... .......... .......... 75% 6.40M 1s
[7.214s]  11800K .......... .......... .......... .......... .......... 75% 5.02M 1s
[7.223s]  11850K .......... .......... .......... .......... .......... 76% 6.03M 1s
[7.230s]  11900K .......... .......... .......... .......... .......... 76% 6.39M 1s
[7.243s]  11950K .......... .......... .......... .......... .......... 76% 3.72M 1s
[7.249s]  12000K .......... .......... .......... .......... .......... 77% 8.25M 1s
[7.263s]  12050K .......... .......... .......... .......... .......... 77% 3.52M 1s
[7.276s]  12100K .......... .......... .......... .......... .......... 77% 3.83M 1s
[7.286s]  12150K .......... .......... .......... .......... .......... 78% 4.63M 1s
[7.294s]  12200K .......... .......... .......... .......... .......... 78% 6.83M 1s
[7.299s]  12250K .......... .......... .......... .......... .......... 78% 8.45M 1s
[7.314s]  12300K .......... .......... .......... .......... .......... 79% 3.44M 1s
[7.320s]  12350K .......... .......... .......... .......... .......... 79% 7.86M 1s
[7.328s]  12400K .......... .......... .......... .......... .......... 79% 5.59M 1s
[7.342s]  12450K .......... .......... .......... .......... .......... 79% 3.51M 1s
[7.351s]  12500K .......... .......... .......... .......... .......... 80% 5.58M 1s
[7.362s]  12550K .......... .......... .......... .......... .......... 80% 4.65M 1s
[7.363s]  12600K .......... .......... .......... .......... .......... 80% 35.8M 1s
[7.370s]  12650K .......... .......... .......... .......... .......... 81% 7.47M 1s
[7.375s]  12700K .......... .......... .......... .......... .......... 81% 8.65M 1s
[7.391s]  12750K .......... .......... .......... .......... .......... 81% 3.16M 1s
[7.396s]  12800K .......... .......... .......... .......... .......... 82% 8.90M 1s
[7.404s]  12850K .......... .......... .......... .......... .......... 82% 6.38M 1s
[7.419s]  12900K .......... .......... .......... .......... .......... 82% 3.12M 0s
[7.427s]  12950K .......... .......... .......... .......... .......... 83% 6.24M 0s
[7.445s]  13000K .......... .......... .......... .......... .......... 83% 2.77M 0s
[7.451s]  13050K .......... .......... .......... .......... .......... 83% 8.36M 0s
[7.463s]  13100K .......... .......... .......... .......... .......... 84% 3.91M 0s
[7.482s]  13150K .......... .......... .......... .......... .......... 84% 6.97M 0s
[7.485s]  13200K .......... .......... .......... .......... .......... 84% 3.37M 0s
[7.492s]  13250K .......... .......... .......... .......... .......... 85% 6.33M 0s
[7.499s]  13300K .......... .......... .......... .......... .......... 85% 7.69M 0s
[7.518s]  13350K .......... .......... .......... .......... .......... 85% 2.50M 0s
[7.531s]  13400K .......... .......... .......... .......... .......... 86% 4.00M 0s
[7.535s]  13450K .......... .......... .......... .......... .......... 86% 10.0M 0s
[7.550s]  13500K .......... .......... .......... .......... .......... 86% 3.26M 0s
[7.566s]  13550K .......... .......... .......... .......... .......... 87% 4.80M 0s
[7.573s]  13600K .......... .......... .......... .......... .......... 87% 4.10M 0s
[7.575s]  13650K .......... .......... .......... .......... .......... 87% 20.0M 0s
[7.583s]  13700K .......... .......... .......... .......... .......... 87% 5.88M 0s
[7.591s]  13750K .......... .......... .......... .......... .......... 88% 6.65M 0s
[7.622s]  13800K .......... .......... .......... .......... .......... 88% 1.57M 0s
[7.625s]  13850K .......... .......... .......... .......... .......... 88% 15.4M 0s
[7.632s]  13900K .......... .......... .......... .......... .......... 89% 6.84M 0s
[7.638s]  13950K .......... .......... .......... .......... .......... 89% 7.94M 0s
[7.651s]  14000K .......... .......... .......... .......... .......... 89% 3.69M 0s
[7.662s]  14050K .......... .......... .......... .......... .......... 90% 4.64M 0s
[7.675s]  14100K .......... .......... .......... .......... .......... 90% 3.61M 0s
[7.684s]  14150K .......... .......... .......... .......... .......... 90% 5.52M 0s
[7.696s]  14200K .......... .......... .......... .......... .......... 91% 4.18M 0s
[7.707s]  14250K .......... .......... .......... .......... .......... 91% 4.26M 0s
[7.715s]  14300K .......... .......... .......... .......... .......... 91% 6.20M 0s
[7.724s]  14350K .......... .......... .......... .......... .......... 92% 7.86M 0s
[7.734s]  14400K .......... .......... .......... .......... .......... 92% 3.86M 0s
[7.754s]  14450K .......... .......... .......... .......... .......... 92% 2.41M 0s
[7.771s]  14500K .......... .......... .......... .......... .......... 93% 2.99M 0s
[7.818s]  14550K .......... .......... .......... .......... .......... 93% 1.04M 0s
[7.877s]  14600K .......... .......... .......... .......... .......... 93%  835K 0s
[7.887s]  14650K .......... .......... .......... .......... .......... 94% 4.94M 0s
[7.888s]  14700K .......... .......... .......... .......... .......... 94% 34.6M 0s
[7.906s]  14750K .......... .......... .......... .......... .......... 94% 3.17M 0s
[7.916s]  14800K .......... .......... .......... .......... .......... 95% 4.06M 0s
[7.927s]  14850K .......... .......... .......... .......... .......... 95% 4.59M 0s
[7.933s]  14900K .......... .......... .......... .......... .......... 95% 7.41M 0s
[7.944s]  14950K .......... .......... .......... .......... .......... 95% 4.46M 0s
[7.952s]  15000K .......... .......... .......... .......... .......... 96% 6.53M 0s
[7.957s]  15050K .......... .......... .......... .......... .......... 96% 9.51M 0s
[7.963s]  15100K .......... .......... .......... .......... .......... 96% 7.34M 0s
[7.980s]  15150K .......... .......... .......... .......... .......... 97% 3.92M 0s
[7.986s]  15200K .......... .......... .......... .......... .......... 97% 4.91M 0s
[7.990s]  15250K .......... .......... .......... .......... .......... 97% 11.7M 0s
[7.999s]  15300K .......... .......... .......... .......... .......... 98% 5.64M 0s
[8.014s]  15350K .......... .......... .......... .......... .......... 98% 3.22M 0s
[8.021s]  15400K .......... .......... .......... .......... .......... 98% 6.77M 0s
[8.035s]  15450K .......... .......... .......... .......... .......... 99% 4.14M 0s
[8.039s]  15500K .......... .......... .......... .......... .......... 99% 7.72M 0s
[8.047s]  15550K .......... .......... .......... .......... .......... 99% 6.75M 0s
[8.047s]  15600K .......... .......... .....                           100%  108M=3.0s
[8.047s] 
[8.047s] 2026-03-12 17:23:17 (5.03 MB/s) - ‘/home/kky/cde2310_ws/build/multirobot_map_merge/2011-08-09-12-22-52.pgm’ saved [16000058/16000058]
[8.047s] 
[8.048s] Checking MD5 sum of /home/kky/cde2310_ws/build/multirobot_map_merge/2011-08-09-12-22-52.pgm
[8.071s] /home/kky/cde2310_ws/build/multirobot_map_merge/2011-08-09-12-22-52.pgm: OK
[8.079s] --2026-03-12 17:23:17--  https://raw.githubusercontent.com/hrnr/m-explore-extra/master/map_merge/gmapping_maps/2012-01-28-11-12-01.pgm
[8.081s] Resolving raw.githubusercontent.com (raw.githubusercontent.com)... 185.199.110.133, 185.199.108.133, 185.199.111.133, ...
[8.107s] Connecting to raw.githubusercontent.com (raw.githubusercontent.com)|185.199.110.133|:443... connected.
[8.226s] HTTP request sent, awaiting response... 200 OK
[8.226s] Length: 16000058 (15M) [application/octet-stream]
[8.226s] Saving to: ‘/home/kky/cde2310_ws/build/multirobot_map_merge/2012-01-28-11-12-01.pgm’
[8.227s] 
[8.254s]      0K .......... .......... .......... .......... ..........  0% 1.79M 8s
[8.271s]     50K .......... .......... .......... .......... ..........  0% 2.84M 7s
[8.284s]    100K .......... .......... .......... .......... ..........  0% 3.60M 6s
[8.298s]    150K .......... .......... .......... .......... ..........  1% 3.56M 6s
[8.320s]    200K .......... .......... .......... .......... ..........  1% 2.18M 6s
[8.323s]    250K .......... .......... .......... .......... ..........  1% 18.8M 5s
[8.338s]    300K .......... .......... .......... .......... ..........  2% 3.31M 5s
[8.352s]    350K .......... .......... .......... .......... ..........  2% 3.46M 5s
[8.359s]    400K .......... .......... .......... .......... ..........  2% 6.53M 4s
[8.370s]    450K .......... .......... .......... .......... ..........  3% 4.58M 4s
[8.379s]    500K .......... .......... .......... .......... ..........  3% 5.43M 4s
[8.390s]    550K .......... .......... .......... .......... ..........  3% 4.31M 4s
[8.398s]    600K .......... .......... .......... .......... ..........  4% 6.05M 4s
[8.400s]    650K .......... .......... .......... .......... ..........  4% 31.6M 4s
[8.409s]    700K .......... .......... .......... .......... ..........  4% 10.3M 4s
[8.420s]    750K .......... .......... .......... .......... ..........  5% 3.27M 4s
[8.439s]    800K .......... .......... .......... .......... ..........  5% 2.52M 4s
[8.453s]    850K .......... .......... .......... .......... ..........  5% 3.47M 4s
[8.471s]    900K .......... .......... .......... .......... ..........  6% 2.71M 4s
[8.486s]    950K .......... .......... .......... .......... ..........  6% 3.25M 4s
[8.493s]   1000K .......... .......... .......... .......... ..........  6% 7.15M 4s
[8.505s]   1050K .......... .......... .......... .......... ..........  7% 3.90M 4s
[8.521s]   1100K .......... .......... .......... .......... ..........  7% 5.31M 4s
[8.538s]   1150K .......... .......... .......... .......... ..........  7% 2.09M 4s
[8.550s]   1200K .......... .......... .......... .......... ..........  7% 4.20M 4s
[8.558s]   1250K .......... .......... .......... .......... ..........  8% 5.75M 4s
[8.569s]   1300K .......... .......... .......... .......... ..........  8% 4.33M 4s
[8.583s]   1350K .......... .......... .......... .......... ..........  8% 3.54M 4s
[8.594s]   1400K .......... .......... .......... .......... ..........  9% 4.36M 4s
[8.604s]   1450K .......... .......... .......... .......... ..........  9% 4.81M 4s
[8.611s]   1500K .......... .......... .......... .......... ..........  9% 24.6M 3s
[8.618s]   1550K .......... .......... .......... .......... .......... 10% 4.35M 3s
[8.629s]   1600K .......... .......... .......... .......... .......... 10% 4.45M 3s
[8.636s]   1650K .......... .......... .......... .......... .......... 10% 7.13M 3s
[8.639s]   1700K .......... .......... .......... .......... .......... 11% 13.5M 3s
[8.648s]   1750K .......... .......... .......... .......... .......... 11% 5.39M 3s
[8.663s]   1800K .......... .......... .......... .......... .......... 11% 3.33M 3s
[8.666s]   1850K .......... .......... .......... .......... .......... 12% 13.5M 3s
[8.686s]   1900K .......... .......... .......... .......... .......... 12% 6.30M 3s
[8.693s]   1950K .......... .......... .......... .......... .......... 12% 2.65M 3s
[8.700s]   2000K .......... .......... .......... .......... .......... 13% 6.26M 3s
[8.706s]   2050K .......... .......... .......... .......... .......... 13% 8.45M 3s
[8.719s]   2100K .......... .......... .......... .......... .......... 13% 3.79M 3s
[8.723s]   2150K .......... .......... .......... .......... .......... 14% 12.1M 3s
[8.731s]   2200K .......... .......... .......... .......... .......... 14% 5.83M 3s
[8.745s]   2250K .......... .......... .......... .......... .......... 14% 3.73M 3s
[8.750s]   2300K .......... .......... .......... .......... .......... 15% 8.52M 3s
[8.758s]   2350K .......... .......... .......... .......... .......... 15% 6.46M 3s
[8.765s]   2400K .......... .......... .......... .......... .......... 15% 7.21M 3s
[8.772s]   2450K .......... .......... .......... .......... .......... 15% 6.35M 3s
[8.783s]   2500K .......... .......... .......... .......... .......... 16% 4.40M 3s
[8.799s]   2550K .......... .......... .......... .......... .......... 16% 3.05M 3s
[8.800s]   2600K .......... .......... .......... .......... .......... 16% 43.4M 3s
[8.812s]   2650K .......... .......... .......... .......... .......... 17% 4.21M 3s
[8.819s]   2700K .......... .......... .......... .......... .......... 17% 7.16M 3s
[8.823s]   2750K .......... .......... .......... .......... .......... 17% 11.6M 3s
[8.831s]   2800K .......... .......... .......... .......... .......... 18% 6.59M 3s
[8.835s]   2850K .......... .......... .......... .......... .......... 18% 12.2M 3s
[8.847s]   2900K .......... .......... .......... .......... .......... 18% 3.86M 3s
[8.853s]   2950K .......... .......... .......... .......... .......... 19% 8.06M 3s
[8.861s]   3000K .......... .......... .......... .......... .......... 19% 6.04M 3s
[8.872s]   3050K .......... .......... .......... .......... .......... 19% 4.76M 3s
[8.877s]   3100K .......... .......... .......... .......... .......... 20% 10.0M 3s
[8.882s]   3150K .......... .......... .......... .......... .......... 20% 8.57M 3s
[8.904s]   3200K .......... .......... .......... .......... .......... 20% 2.22M 3s
[8.906s]   3250K .......... .......... .......... .......... .......... 21% 32.3M 3s
[8.911s]   3300K .......... .......... .......... .......... .......... 21% 8.50M 3s
[8.919s]   3350K .......... .......... .......... .......... .......... 21% 6.73M 2s
[8.923s]   3400K .......... .......... .......... .......... .......... 22% 12.9M 2s
[8.930s]   3450K .......... .......... .......... .......... .......... 22% 6.26M 2s
[8.938s]   3500K .......... .......... .......... .......... .......... 22% 6.37M 2s
[8.946s]   3550K .......... .......... .......... .......... .......... 23% 5.83M 2s
[8.956s]   3600K .......... .......... .......... .......... .......... 23% 5.37M 2s
[8.960s]   3650K .......... .......... .......... .......... .......... 23% 12.1M 2s
[8.970s]   3700K .......... .......... .......... .......... .......... 23% 4.81M 2s
[8.977s]   3750K .......... .......... .......... .......... .......... 24% 6.65M 2s
[8.982s]   3800K .......... .......... .......... .......... .......... 24% 9.84M 2s
[8.992s]   3850K .......... .......... .......... .......... .......... 24% 4.94M 2s
[9.001s]   3900K .......... .......... .......... .......... .......... 25% 5.19M 2s
[9.007s]   3950K .......... .......... .......... .......... .......... 25% 8.73M 2s
[9.019s]   4000K .......... .......... .......... .......... .......... 25% 4.17M 2s
[9.022s]   4050K .......... .......... .......... .......... .......... 26% 13.1M 2s
[9.035s]   4100K .......... .......... .......... .......... .......... 26% 3.84M 2s
[9.039s]   4150K .......... .......... .......... .......... .......... 26% 12.1M 2s
[9.052s]   4200K .......... .......... .......... .......... .......... 27% 3.69M 2s
[9.056s]   4250K .......... .......... .......... .......... .......... 27% 11.6M 2s
[9.066s]   4300K .......... .......... .......... .......... .......... 27% 5.23M 2s
[9.086s]   4350K .......... .......... .......... .......... .......... 28% 2.47M 2s
[9.087s]   4400K .......... .......... .......... .......... .......... 28% 37.4M 2s
[9.092s]   4450K .......... .......... .......... .......... .......... 28% 9.53M 2s
[9.101s]   4500K .......... .......... .......... .......... .......... 29% 5.58M 2s
[9.109s]   4550K .......... .......... .......... .......... .......... 29% 6.27M 2s
[9.110s]   4600K .......... .......... .......... .......... .......... 29% 26.7M 2s
[9.129s]   4650K .......... .......... .......... .......... .......... 30% 2.63M 2s
[9.134s]   4700K .......... .......... .......... .......... .......... 30% 10.6M 2s
[9.157s]   4750K .......... .......... .......... .......... .......... 30% 2.11M 2s
[9.165s]   4800K .......... .......... .......... .......... .......... 31% 6.03M 2s
[9.172s]   4850K .......... .......... .......... .......... .......... 31% 6.99M 2s
[9.188s]   4900K .......... .......... .......... .......... .......... 31% 3.04M 2s
[9.195s]   4950K .......... .......... .......... .......... .......... 31% 6.48M 2s
[9.209s]   5000K .......... .......... .......... .......... .......... 32% 3.54M 2s
[9.224s]   5050K .......... .......... .......... .......... .......... 32% 3.42M 2s
[9.241s]   5100K .......... .......... .......... .......... .......... 32% 2.80M 2s
[9.245s]   5150K .......... .......... .......... .......... .......... 33% 11.2M 2s
[9.254s]   5200K .......... .......... .......... .......... .......... 33% 5.33M 2s
[9.262s]   5250K .......... .......... .......... .......... .......... 33% 6.20M 2s
[9.310s]   5300K .......... .......... .......... .......... .......... 34% 1.03M 2s
[9.322s]   5350K .......... .......... .......... .......... .......... 34% 4.10M 2s
[9.337s]   5400K .......... .......... .......... .......... .......... 34% 3.18M 2s
[9.354s]   5450K .......... .......... .......... .......... .......... 35% 2.85M 2s
[9.362s]   5500K .......... .......... .......... .......... .......... 35% 6.42M 2s
[9.369s]   5550K .......... .......... .......... .......... .......... 35% 7.33M 2s
[9.389s]   5600K .......... .......... .......... .......... .......... 36% 2.43M 2s
[9.398s]   5650K .......... .......... .......... .......... .......... 36% 5.32M 2s
[9.409s]   5700K .......... .......... .......... .......... .......... 36% 4.51M 2s
[9.413s]   5750K .......... .......... .......... .......... .......... 37% 11.3M 2s
[9.424s]   5800K .......... .......... .......... .......... .......... 37% 4.48M 2s
[9.436s]   5850K .......... .......... .......... .......... .......... 37% 4.05M 2s
[9.458s]   5900K .......... .......... .......... .......... .......... 38% 2.26M 2s
[9.469s]   5950K .......... .......... .......... .......... .......... 38% 4.43M 2s
[9.487s]   6000K .......... .......... .......... .......... .......... 38% 2.65M 2s
[9.491s]   6050K .......... .......... .......... .......... .......... 39% 10.8M 2s
[9.498s]   6100K .......... .......... .......... .......... .......... 39% 7.42M 2s
[9.510s]   6150K .......... .......... .......... .......... .......... 39% 4.11M 2s
[9.515s]   6200K .......... .......... .......... .......... .......... 39% 8.81M 2s
[9.524s]   6250K .......... .......... .......... .......... .......... 40% 5.90M 2s
[9.538s]   6300K .......... .......... .......... .......... .......... 40% 3.33M 2s
[9.548s]   6350K .......... .......... .......... .......... .......... 40% 5.32M 2s
[9.564s]   6400K .......... .......... .......... .......... .......... 41% 3.00M 2s
[9.572s]   6450K .......... .......... .......... .......... .......... 41% 5.74M 2s
[9.582s]   6500K .......... .......... .......... .......... .......... 41% 4.80M 2s
[9.594s]   6550K .......... .......... .......... .......... .......... 42% 4.13M 2s
[9.623s]   6600K .......... .......... .......... .......... .......... 42% 1.71M 2s
[9.641s]   6650K .......... .......... .......... .......... .......... 42% 2.67M 2s
[9.656s]   6700K .......... .......... .......... .......... .......... 43% 3.24M 2s
[9.666s]   6750K .......... .......... .......... .......... .......... 43% 4.94M 2s
[9.684s]   6800K .......... .......... .......... .......... .......... 43% 2.71M 2s
[9.695s]   6850K .......... .......... .......... .......... .......... 44% 13.7M 2s
[9.703s]   6900K .......... .......... .......... .......... .......... 44% 3.22M 2s
[9.717s]   6950K .......... .......... .......... .......... .......... 44% 3.56M 2s
[9.722s]   7000K .......... .......... .......... .......... .......... 45% 8.66M 2s
[9.728s]   7050K .......... .......... .......... .......... .......... 45% 9.17M 2s
[9.738s]   7100K .......... .......... .......... .......... .......... 45% 4.77M 2s
[9.824s]   7150K .......... .......... .......... .......... .......... 46%  584K 2s
[9.856s]   7200K .......... .......... .......... .......... .......... 46% 1.51M 2s
[9.860s]   7250K .......... .......... .......... .......... .......... 46% 11.6M 2s
[9.864s]   7300K .......... .......... .......... .......... .......... 47% 13.8M 2s
[9.864s]   7350K .......... .......... .......... .......... .......... 47%  151M 2s
[9.869s]   7400K .......... .......... .......... .......... .......... 47% 10.3M 2s
[9.871s]   7450K .......... .......... .......... .......... .......... 47% 25.8M 2s
[9.875s]   7500K .......... .......... .......... .......... .......... 48% 11.0M 2s
[9.881s]   7550K .......... .......... .......... .......... .......... 48% 7.55M 2s
[9.889s]   7600K .......... .......... .......... .......... .......... 48% 6.25M 2s
[9.901s]   7650K .......... .......... .......... .......... .......... 49% 6.16M 2s
[9.908s]   7700K .......... .......... .......... .......... .......... 49% 4.36M 2s
[9.927s]   7750K .......... .......... .......... .......... .......... 49% 2.70M 2s
[9.952s]   7800K .......... .......... .......... .......... .......... 50% 1.95M 2s
[9.959s]   7850K .......... .......... .......... .......... .......... 50% 6.95M 2s
[9.970s]   7900K .......... .......... .......... .......... .......... 50% 4.35M 2s
[9.979s]   7950K .......... .......... .......... .......... .......... 51% 5.23M 2s
[10.000s]   8000K .......... .......... .......... .......... .......... 51% 2.39M 2s
[10.013s]   8050K .......... .......... .......... .......... .......... 51% 3.63M 2s
[10.023s]   8100K .......... .......... .......... .......... .......... 52% 4.76M 2s
[10.044s]   8150K .......... .......... .......... .......... .......... 52% 2.37M 2s
[10.050s]   8200K .......... .......... .......... .......... .......... 52% 7.91M 2s
[10.061s]   8250K .......... .......... .......... .......... .......... 53% 4.43M 2s
[10.074s]   8300K .......... .......... .......... .......... .......... 53% 3.87M 2s
[10.235s]   8350K .......... .......... .......... .......... .......... 53%  311K 2s
[10.315s]   8400K .......... .......... .......... .......... .......... 54%  642K 2s
[10.371s]   8450K .......... .......... .......... .......... .......... 54%  856K 2s
[10.457s]   8500K .......... .......... .......... .......... .......... 54%  581K 2s
[10.499s]   8550K .......... .......... .......... .......... .......... 55% 1.15M 2s
[10.512s]   8600K .......... .......... .......... .......... .......... 55% 3.73M 2s
[10.553s]   8650K .......... .......... .......... .......... .......... 55% 1.20M 2s
[10.571s]   8700K .......... .......... .......... .......... .......... 55% 2.70M 2s
[10.574s]   8750K .......... .......... .......... .......... .......... 56% 14.7M 2s
[10.578s]   8800K .......... .......... .......... .......... .......... 56% 13.8M 2s
[10.578s]   8850K .......... .......... .......... .......... .......... 56%  100M 2s
[10.590s]   8900K .......... .......... .......... .......... .......... 57% 4.39M 2s
[10.628s]   8950K .......... .......... .......... .......... .......... 57% 1.27M 2s
[10.636s]   9000K .......... .......... .......... .......... .......... 57% 5.97M 2s
[10.636s]   9050K .......... .......... .......... .......... .......... 58%  263M 2s
[10.648s]   9100K .......... .......... .......... .......... .......... 58% 4.30M 2s
[10.650s]   9150K .......... .......... .......... .......... .......... 58%  165M 2s
[10.650s]   9200K .......... .......... .......... .......... .......... 59% 18.8M 2s
[10.657s]   9250K .......... .......... .......... .......... .......... 59% 7.61M 2s
[10.666s]   9300K .......... .......... .......... .......... .......... 59% 5.49M 2s
[10.683s]   9350K .......... .......... .......... .......... .......... 60% 2.82M 2s
[10.693s]   9400K .......... .......... .......... .......... .......... 60% 5.20M 2s
[10.695s]   9450K .......... .......... .......... .......... .......... 60% 16.3M 2s
[10.701s]   9500K .......... .......... .......... .......... .......... 61% 8.41M 2s
[10.723s]   9550K .......... .......... .......... .......... .......... 61% 2.70M 2s
[10.726s]   9600K .......... .......... .......... .......... .......... 61% 7.31M 2s
[10.733s]   9650K .......... .......... .......... .......... .......... 62% 6.60M 2s
[10.744s]   9700K .......... .......... .......... .......... .......... 62% 4.52M 2s
[10.753s]   9750K .......... .......... .......... .......... .......... 62% 5.47M 2s
[10.759s]   9800K .......... .......... .......... .......... .......... 63% 7.72M 1s
[10.771s]   9850K .......... .......... .......... .......... .......... 63% 4.46M 1s
[10.774s]   9900K .......... .......... .......... .......... .......... 63% 12.7M 1s
[10.785s]   9950K .......... .......... .......... .......... .......... 63% 6.08M 1s
[10.792s]  10000K .......... .......... .......... .......... .......... 64% 4.93M 1s
[10.806s]  10050K .......... .......... .......... .......... .......... 64% 3.59M 1s
[10.811s]  10100K .......... .......... .......... .......... .......... 64% 9.43M 1s
[10.820s]  10150K .......... .......... .......... .......... .......... 65% 5.59M 1s
[10.827s]  10200K .......... .......... .......... .......... .......... 65% 6.52M 1s
[10.835s]  10250K .......... .......... .......... .......... .......... 65% 6.52M 1s
[10.842s]  10300K .......... .......... .......... .......... .......... 66% 7.06M 1s
[10.862s]  10350K .......... .......... .......... .......... .......... 66% 9.07M 1s
[10.864s]  10400K .......... .......... .......... .......... .......... 66% 2.95M 1s
[10.878s]  10450K .......... .......... .......... .......... .......... 67% 3.45M 1s
[10.891s]  10500K .......... .......... .......... .......... .......... 67% 3.69M 1s
[10.897s]  10550K .......... .......... .......... .......... .......... 67% 8.06M 1s
[10.904s]  10600K .......... .......... .......... .......... .......... 68% 7.17M 1s
[10.915s]  10650K .......... .......... .......... .......... .......... 68% 4.50M 1s
[10.922s]  10700K .......... .......... .......... .......... .......... 68% 6.46M 1s
[10.936s]  10750K .......... .......... .......... .......... .......... 69% 3.68M 1s
[10.944s]  10800K .......... .......... .......... .......... .......... 69% 5.65M 1s
[10.951s]  10850K .......... .......... .......... .......... .......... 69% 7.25M 1s
[10.963s]  10900K .......... .......... .......... .......... .......... 70% 3.97M 1s
[10.968s]  10950K .......... .......... .......... .......... .......... 70% 11.2M 1s
[10.974s]  11000K .......... .......... .......... .......... .......... 70% 8.22M 1s
[10.997s]  11050K .......... .......... .......... .......... .......... 71% 2.06M 1s
[11.007s]  11100K .......... .......... .......... .......... .......... 71% 5.14M 1s
[11.022s]  11150K .......... .......... .......... .......... .......... 71% 6.56M 1s
[11.036s]  11200K .......... .......... .......... .......... .......... 71% 2.21M 1s
[11.041s]  11250K .......... .......... .......... .......... .......... 72% 11.3M 1s
[11.051s]  11300K .......... .......... .......... .......... .......... 72% 4.61M 1s
[11.063s]  11350K .......... .......... .......... .......... .......... 72% 4.13M 1s
[11.067s]  11400K .......... .......... .......... .......... .......... 73% 12.6M 1s
[11.085s]  11450K .......... .......... .......... .......... .......... 73% 2.68M 1s
[11.101s]  11500K .......... .......... .......... .......... .......... 73% 3.11M 1s
[11.112s]  11550K .......... .......... .......... .......... .......... 74% 4.39M 1s
[11.119s]  11600K .......... .......... .......... .......... .......... 74% 6.83M 1s
[11.134s]  11650K .......... .......... .......... .......... .......... 74% 3.34M 1s
[11.142s]  11700K .......... .......... .......... .......... .......... 75% 5.70M 1s
[11.151s]  11750K .......... .......... .......... .......... .......... 75% 5.72M 1s
[11.164s]  11800K .......... .......... .......... .......... .......... 75% 3.57M 1s
[11.173s]  11850K .......... .......... .......... .......... .......... 76% 5.79M 1s
[11.180s]  11900K .......... .......... .......... .......... .......... 76% 6.63M 1s
[11.193s]  11950K .......... .......... .......... .......... .......... 76% 3.93M 1s
[11.207s]  12000K .......... .......... .......... .......... .......... 77% 3.44M 1s
[11.214s]  12050K .......... .......... .......... .......... .......... 77% 7.18M 1s
[11.232s]  12100K .......... .......... .......... .......... .......... 77% 2.72M 1s
[11.237s]  12150K .......... .......... .......... .......... .......... 78% 8.62M 1s
[11.251s]  12200K .......... .......... .......... .......... .......... 78% 3.45M 1s
[11.261s]  12250K .......... .......... .......... .......... .......... 78% 5.12M 1s
[11.267s]  12300K .......... .......... .......... .......... .......... 79% 7.81M 1s
[11.282s]  12350K .......... .......... .......... .......... .......... 79% 3.31M 1s
[11.289s]  12400K .......... .......... .......... .......... .......... 79% 6.66M 1s
[11.302s]  12450K .......... .......... .......... .......... .......... 79% 3.77M 1s
[11.314s]  12500K .......... .......... .......... .......... .......... 80% 4.12M 1s
[11.321s]  12550K .......... .......... .......... .......... .......... 80% 6.65M 1s
[11.332s]  12600K .......... .......... .......... .......... .......... 80% 4.75M 1s
[11.335s]  12650K .......... .......... .......... .......... .......... 81% 14.3M 1s
[11.342s]  12700K .......... .......... .......... .......... .......... 81% 7.14M 1s
[11.353s]  12750K .......... .......... .......... .......... .......... 81% 4.43M 1s
[11.367s]  12800K .......... .......... .......... .......... .......... 82% 3.43M 1s
[11.377s]  12850K .......... .......... .......... .......... .......... 82% 5.19M 1s
[11.380s]  12900K .......... .......... .......... .......... .......... 82% 16.5M 1s
[11.388s]  12950K .......... .......... .......... .......... .......... 83% 5.59M 1s
[11.400s]  13000K .......... .......... .......... .......... .......... 83% 4.17M 1s
[11.408s]  13050K .......... .......... .......... .......... .......... 83% 6.25M 1s
[11.413s]  13100K .......... .......... .......... .......... .......... 84% 8.65M 1s
[11.418s]  13150K .......... .......... .......... .......... .......... 84% 11.5M 1s
[11.425s]  13200K .......... .......... .......... .......... .......... 84% 6.43M 1s
[11.433s]  13250K .......... .......... .......... .......... .......... 85% 6.25M 1s
[11.438s]  13300K .......... .......... .......... .......... .......... 85% 11.2M 1s
[11.445s]  13350K .......... .......... .......... .......... .......... 85% 6.40M 1s
[11.457s]  13400K .......... .......... .......... .......... .......... 86% 4.00M 1s
[11.466s]  13450K .......... .......... .......... .......... .......... 86% 5.46M 1s
[11.469s]  13500K .......... .......... .......... .......... .......... 86% 15.3M 0s
[11.478s]  13550K .......... .......... .......... .......... .......... 87% 6.11M 0s
[11.485s]  13600K .......... .......... .......... .......... .......... 87% 6.31M 0s
[11.501s]  13650K .......... .......... .......... .......... .......... 87% 3.10M 0s
[11.508s]  13700K .......... .......... .......... .......... .......... 87% 6.58M 0s
[11.520s]  13750K .......... .......... .......... .......... .......... 88% 4.11M 0s
[11.534s]  13800K .......... .......... .......... .......... .......... 88% 3.45M 0s
[11.550s]  13850K .......... .......... .......... .......... .......... 88% 3.16M 0s
[11.564s]  13900K .......... .......... .......... .......... .......... 89% 3.50M 0s
[11.567s]  13950K .......... .......... .......... .......... .......... 89% 14.7M 0s
[11.579s]  14000K .......... .......... .......... .......... .......... 89% 4.09M 0s
[11.593s]  14050K .......... .......... .......... .......... .......... 90% 3.50M 0s
[11.604s]  14100K .......... .......... .......... .......... .......... 90% 4.40M 0s
[11.610s]  14150K .......... .......... .......... .......... .......... 90% 8.01M 0s
[11.622s]  14200K .......... .......... .......... .......... .......... 91% 4.25M 0s
[11.645s]  14250K .......... .......... .......... .......... .......... 91% 2.09M 0s
[11.654s]  14300K .......... .......... .......... .......... .......... 91% 5.35M 0s
[11.667s]  14350K .......... .......... .......... .......... .......... 92% 3.87M 0s
[11.675s]  14400K .......... .......... .......... .......... .......... 92% 5.75M 0s
[11.686s]  14450K .......... .......... .......... .......... .......... 92% 4.70M 0s
[11.703s]  14500K .......... .......... .......... .......... .......... 93% 2.79M 0s
[11.764s]  14550K .......... .......... .......... .......... .......... 93%  827K 0s
[11.892s]  14600K .......... .......... .......... .......... .......... 93%  391K 0s
[11.913s]  14650K .......... .......... .......... .......... .......... 94% 2.25M 0s
[11.919s]  14700K .......... .......... .......... .......... .......... 94% 8.24M 0s
[11.936s]  14750K .......... .......... .......... .......... .......... 94% 2.93M 0s
[11.946s]  14800K .......... .......... .......... .......... .......... 95% 4.98M 0s
[11.959s]  14850K .......... .......... .......... .......... .......... 95% 3.76M 0s
[11.969s]  14900K .......... .......... .......... .......... .......... 95% 4.65M 0s
[11.977s]  14950K .......... .......... .......... .......... .......... 95% 5.88M 0s
[11.997s]  15000K .......... .......... .......... .......... .......... 96% 2.49M 0s
[12.013s]  15050K .......... .......... .......... .......... .......... 96% 3.06M 0s
[12.022s]  15100K .......... .......... .......... .......... .......... 96% 5.33M 0s
[12.057s]  15150K .......... .......... .......... .......... .......... 97% 1.40M 0s
[12.065s]  15200K .......... .......... .......... .......... .......... 97% 6.14M 0s
[12.077s]  15250K .......... .......... .......... .......... .......... 97% 3.85M 0s
[12.085s]  15300K .......... .......... .......... .......... .......... 98% 6.10M 0s
[12.099s]  15350K .......... .......... .......... .......... .......... 98% 3.77M 0s
[12.105s]  15400K .......... .......... .......... .......... .......... 98% 7.82M 0s
[12.125s]  15450K .......... .......... .......... .......... .......... 99% 2.36M 0s
[12.151s]  15500K .......... .......... .......... .......... .......... 99% 1.94M 0s
[12.164s]  15550K .......... .......... .......... .......... .......... 99% 3.68M 0s
[12.177s]  15600K .......... .......... .....                           100% 1.90M=4.0s
[12.177s] 
[12.177s] 2026-03-12 17:23:21 (3.86 MB/s) - ‘/home/kky/cde2310_ws/build/multirobot_map_merge/2012-01-28-11-12-01.pgm’ saved [16000058/16000058]
[12.177s] 
[12.178s] Checking MD5 sum of /home/kky/cde2310_ws/build/multirobot_map_merge/2012-01-28-11-12-01.pgm
[12.201s] /home/kky/cde2310_ws/build/multirobot_map_merge/2012-01-28-11-12-01.pgm: OK
[12.207s] -- Found gtest sources under '/opt/ros/humble/src/gtest_vendor': C++ tests using 'Google Test' will be built
[12.216s] -- Added test 'cppcheck' to perform static code analysis on C / C++ code
[12.216s] -- Configured cppcheck include dirs: /home/kky/cde2310_ws/src/m-explore-ros2-main/map_merge/include;$<BUILD_INTERFACE:/home/kky/cde2310_ws/src/m-explore-ros2-main/map_merge/include>
[12.217s] -- Configured cppcheck exclude dirs and/or files: 
[12.217s] -- Added test 'flake8' to check Python code syntax and style conventions
[12.218s] -- Added test 'lint_cmake' to check CMake code style
[12.219s] -- Added test 'pep257' to check Python code against some of the docstring style conventions in PEP 257
[12.221s] -- Added test 'uncrustify' to check C / C++ code style
[12.221s] -- Configured uncrustify additional arguments: 
[12.222s] -- Added test 'xmllint' to check XML markup files
[12.225s] -- Configuring done
[12.297s] -- Generating done
[12.306s] -- Build files have been written to: /home/kky/cde2310_ws/build/multirobot_map_merge
[12.318s] Invoked command in '/home/kky/cde2310_ws/build/multirobot_map_merge' returned '0': CMAKE_PREFIX_PATH=${CMAKE_PREFIX_PATH}:/home/kky/colcon_ws/install/py_pubsub:/home/kky/colcon_ws/install/cde2310_e2:/home/kky/colcon_ws/install/auto_nav:/home/kky/turtlebot3_ws/install/turtlebot3_teleop:/home/kky/turtlebot3_ws/install/turtlebot3_example:/opt/ros/humble /usr/bin/cmake /home/kky/cde2310_ws/src/m-explore-ros2-main/map_merge -DCMAKE_INSTALL_PREFIX=/home/kky/cde2310_ws/install/multirobot_map_merge
[12.319s] Invoking command in '/home/kky/cde2310_ws/build/multirobot_map_merge': CMAKE_PREFIX_PATH=${CMAKE_PREFIX_PATH}:/home/kky/colcon_ws/install/py_pubsub:/home/kky/colcon_ws/install/cde2310_e2:/home/kky/colcon_ws/install/auto_nav:/home/kky/turtlebot3_ws/install/turtlebot3_teleop:/home/kky/turtlebot3_ws/install/turtlebot3_example:/opt/ros/humble /usr/bin/cmake --build /home/kky/cde2310_ws/build/multirobot_map_merge -- -j16 -l16
[12.375s] [ 41%] [32mBuilding CXX object gtest/CMakeFiles/gtest_main.dir/src/gtest_main.cc.o[0m
[12.375s] [ 41%] [32mBuilding CXX object CMakeFiles/combine_grids.dir/src/combine_grids/grid_warper.cpp.o[0m
[12.375s] [ 41%] [32mBuilding CXX object CMakeFiles/combine_grids.dir/src/combine_grids/merging_pipeline.cpp.o[0m
[12.375s] [ 41%] [32mBuilding CXX object gtest/CMakeFiles/gtest.dir/src/gtest-all.cc.o[0m
[12.375s] [ 41%] [32mBuilding CXX object CMakeFiles/combine_grids.dir/src/combine_grids/grid_compositor.cpp.o[0m
[13.103s] [ 50%] [32m[1mLinking CXX static library libgtest_main.a[0m
[13.143s] [ 50%] Built target gtest_main
[14.784s] [ 58%] [32m[1mLinking CXX static library libgtest.a[0m
[14.849s] [ 58%] Built target gtest
[15.489s] [ 66%] [32m[1mLinking CXX static library libcombine_grids.a[0m
[15.538s] [ 66%] Built target combine_grids
[15.562s] [ 83%] [32mBuilding CXX object CMakeFiles/map_merge.dir/src/map_merge.cpp.o[0m
[15.562s] [ 83%] [32mBuilding CXX object CMakeFiles/test_merging_pipeline.dir/test/test_merging_pipeline.cpp.o[0m
[19.328s] [ 91%] [32m[1mLinking CXX executable test_merging_pipeline[0m
[19.846s] [ 91%] Built target test_merging_pipeline
[26.092s] [100%] [32m[1mLinking CXX executable map_merge[0m
[26.864s] [100%] Built target map_merge
[26.877s] Invoked command in '/home/kky/cde2310_ws/build/multirobot_map_merge' returned '0': CMAKE_PREFIX_PATH=${CMAKE_PREFIX_PATH}:/home/kky/colcon_ws/install/py_pubsub:/home/kky/colcon_ws/install/cde2310_e2:/home/kky/colcon_ws/install/auto_nav:/home/kky/turtlebot3_ws/install/turtlebot3_teleop:/home/kky/turtlebot3_ws/install/turtlebot3_example:/opt/ros/humble /usr/bin/cmake --build /home/kky/cde2310_ws/build/multirobot_map_merge -- -j16 -l16
[26.879s] Invoking command in '/home/kky/cde2310_ws/build/multirobot_map_merge': CMAKE_PREFIX_PATH=${CMAKE_PREFIX_PATH}:/home/kky/colcon_ws/install/py_pubsub:/home/kky/colcon_ws/install/cde2310_e2:/home/kky/colcon_ws/install/auto_nav:/home/kky/turtlebot3_ws/install/turtlebot3_teleop:/home/kky/turtlebot3_ws/install/turtlebot3_example:/opt/ros/humble /usr/bin/cmake --install /home/kky/cde2310_ws/build/multirobot_map_merge
[26.886s] -- Install configuration: ""
[26.887s] -- Installing: /home/kky/cde2310_ws/install/multirobot_map_merge/include/map_merge/
[26.887s] -- Installing: /home/kky/cde2310_ws/install/multirobot_map_merge/include/map_merge//ros1_names.hpp
[26.887s] -- Installing: /home/kky/cde2310_ws/install/multirobot_map_merge/include/map_merge//map_merge.h
[26.887s] -- Installing: /home/kky/cde2310_ws/install/multirobot_map_merge/share/multirobot_map_merge/launch
[26.887s] -- Installing: /home/kky/cde2310_ws/install/multirobot_map_merge/share/multirobot_map_merge/launch/tb3_simulation
[26.887s] -- Installing: /home/kky/cde2310_ws/install/multirobot_map_merge/share/multirobot_map_merge/launch/tb3_simulation/config
[26.887s] -- Installing: /home/kky/cde2310_ws/install/multirobot_map_merge/share/multirobot_map_merge/launch/tb3_simulation/config/nav2_multirobot_params_1.yaml
[26.888s] -- Installing: /home/kky/cde2310_ws/install/multirobot_map_merge/share/multirobot_map_merge/launch/tb3_simulation/config/nav2_multirobot_params_2.yaml
[26.888s] -- Installing: /home/kky/cde2310_ws/install/multirobot_map_merge/share/multirobot_map_merge/launch/tb3_simulation/slam_toolbox.py
[26.888s] -- Installing: /home/kky/cde2310_ws/install/multirobot_map_merge/share/multirobot_map_merge/launch/tb3_simulation/worlds
[26.888s] -- Installing: /home/kky/cde2310_ws/install/multirobot_map_merge/share/multirobot_map_merge/launch/tb3_simulation/worlds/world_only.model
[26.888s] -- Installing: /home/kky/cde2310_ws/install/multirobot_map_merge/share/multirobot_map_merge/launch/tb3_simulation/tb3_simulation_launch.py
[26.888s] -- Installing: /home/kky/cde2310_ws/install/multirobot_map_merge/share/multirobot_map_merge/launch/tb3_simulation/multi_tb3_simulation_launch.py
[26.888s] -- Installing: /home/kky/cde2310_ws/install/multirobot_map_merge/share/multirobot_map_merge/launch/tb3_simulation/bringup_launch.py
[26.888s] -- Installing: /home/kky/cde2310_ws/install/multirobot_map_merge/share/multirobot_map_merge/launch/map_merge.rviz
[26.888s] -- Installing: /home/kky/cde2310_ws/install/multirobot_map_merge/share/multirobot_map_merge/launch/from_map_server.launch.py
[26.890s] -- Installing: /home/kky/cde2310_ws/install/multirobot_map_merge/share/multirobot_map_merge/launch/map_merge.launch.py
[26.890s] -- Installing: /home/kky/cde2310_ws/install/multirobot_map_merge/share/multirobot_map_merge/config
[26.890s] -- Installing: /home/kky/cde2310_ws/install/multirobot_map_merge/share/multirobot_map_merge/config/params.yaml
[26.890s] -- Installing: /home/kky/cde2310_ws/install/multirobot_map_merge/lib/libcombine_grids.a
[26.890s] -- Installing: /home/kky/cde2310_ws/install/multirobot_map_merge/lib/multirobot_map_merge/map_merge
[26.895s] -- Set runtime path of "/home/kky/cde2310_ws/install/multirobot_map_merge/lib/multirobot_map_merge/map_merge" to ""
[26.895s] -- Installing: /home/kky/cde2310_ws/install/multirobot_map_merge/share/multirobot_map_merge/environment/library_path.sh
[26.896s] -- Installing: /home/kky/cde2310_ws/install/multirobot_map_merge/share/multirobot_map_merge/environment/library_path.dsv
[26.896s] -- Installing: /home/kky/cde2310_ws/install/multirobot_map_merge/share/ament_index/resource_index/package_run_dependencies/multirobot_map_merge
[26.896s] -- Installing: /home/kky/cde2310_ws/install/multirobot_map_merge/share/ament_index/resource_index/parent_prefix_path/multirobot_map_merge
[26.896s] -- Installing: /home/kky/cde2310_ws/install/multirobot_map_merge/share/multirobot_map_merge/environment/ament_prefix_path.sh
[26.896s] -- Installing: /home/kky/cde2310_ws/install/multirobot_map_merge/share/multirobot_map_merge/environment/ament_prefix_path.dsv
[26.896s] -- Installing: /home/kky/cde2310_ws/install/multirobot_map_merge/share/multirobot_map_merge/environment/path.sh
[26.897s] -- Installing: /home/kky/cde2310_ws/install/multirobot_map_merge/share/multirobot_map_merge/environment/path.dsv
[26.897s] -- Installing: /home/kky/cde2310_ws/install/multirobot_map_merge/share/multirobot_map_merge/local_setup.bash
[26.897s] -- Installing: /home/kky/cde2310_ws/install/multirobot_map_merge/share/multirobot_map_merge/local_setup.sh
[26.897s] -- Installing: /home/kky/cde2310_ws/install/multirobot_map_merge/share/multirobot_map_merge/local_setup.zsh
[26.897s] -- Installing: /home/kky/cde2310_ws/install/multirobot_map_merge/share/multirobot_map_merge/local_setup.dsv
[26.898s] -- Installing: /home/kky/cde2310_ws/install/multirobot_map_merge/share/multirobot_map_merge/package.dsv
[26.898s] -- Installing: /home/kky/cde2310_ws/install/multirobot_map_merge/share/ament_index/resource_index/packages/multirobot_map_merge
[26.898s] -- Installing: /home/kky/cde2310_ws/install/multirobot_map_merge/share/multirobot_map_merge/cmake/ament_cmake_export_include_directories-extras.cmake
[26.898s] -- Installing: /home/kky/cde2310_ws/install/multirobot_map_merge/share/multirobot_map_merge/cmake/ament_cmake_export_libraries-extras.cmake
[26.899s] -- Installing: /home/kky/cde2310_ws/install/multirobot_map_merge/share/multirobot_map_merge/cmake/multirobot_map_mergeConfig.cmake
[26.899s] -- Installing: /home/kky/cde2310_ws/install/multirobot_map_merge/share/multirobot_map_merge/cmake/multirobot_map_mergeConfig-version.cmake
[26.899s] -- Installing: /home/kky/cde2310_ws/install/multirobot_map_merge/share/multirobot_map_merge/package.xml
[26.902s] Invoked command in '/home/kky/cde2310_ws/build/multirobot_map_merge' returned '0': CMAKE_PREFIX_PATH=${CMAKE_PREFIX_PATH}:/home/kky/colcon_ws/install/py_pubsub:/home/kky/colcon_ws/install/cde2310_e2:/home/kky/colcon_ws/install/auto_nav:/home/kky/turtlebot3_ws/install/turtlebot3_teleop:/home/kky/turtlebot3_ws/install/turtlebot3_example:/opt/ros/humble /usr/bin/cmake --install /home/kky/cde2310_ws/build/multirobot_map_merge
