[0.082s] DEBUG:colcon:Command line arguments: ['/usr/bin/colcon', 'build']
[0.082s] DEBUG:colcon:Parsed command line arguments: Namespace(log_base=None, log_level=None, verb_name='build', build_base='build', install_base='install', merge_install=False, symlink_install=False, test_result_base=None, continue_on_error=False, executor='parallel', parallel_workers=16, event_handlers=None, ignore_user_meta=False, metas=['./colcon.meta'], base_paths=['.'], packages_ignore=None, packages_ignore_regex=None, paths=None, packages_up_to=None, packages_up_to_regex=None, packages_above=None, packages_above_and_dependencies=None, packages_above_depth=None, packages_select_by_dep=None, packages_skip_by_dep=None, packages_skip_up_to=None, packages_select_build_failed=False, packages_skip_build_finished=False, packages_select_test_failures=False, packages_skip_test_passed=False, packages_select=None, packages_skip=None, packages_select_regex=None, packages_skip_regex=None, packages_start=None, packages_end=None, allow_overriding=[], cmake_args=None, cmake_target=None, cmake_target_skip_unavailable=False, cmake_clean_cache=False, cmake_clean_first=False, cmake_force_configure=False, ament_cmake_args=None, catkin_cmake_args=None, catkin_skip_building_tests=False, verb_parser=<colcon_defaults.argument_parser.defaults.DefaultArgumentsDecorator object at 0x7d8c311356f0>, verb_extension=<colcon_core.verb.build.BuildVerb object at 0x7d8c3122ebc0>, main=<bound method BuildVerb.main of <colcon_core.verb.build.BuildVerb object at 0x7d8c3122ebc0>>)
[0.206s] Level 1:colcon.colcon_core.package_discovery:discover_packages(colcon_meta) check parameters
[0.206s] Level 1:colcon.colcon_core.package_discovery:discover_packages(recursive) check parameters
[0.206s] Level 1:colcon.colcon_core.package_discovery:discover_packages(ignore) check parameters
[0.206s] Level 1:colcon.colcon_core.package_discovery:discover_packages(path) check parameters
[0.206s] Level 1:colcon.colcon_core.package_discovery:discover_packages(colcon_meta) discover
[0.206s] Level 1:colcon.colcon_core.package_discovery:discover_packages(recursive) discover
[0.206s] INFO:colcon.colcon_core.package_discovery:Crawling recursively for packages in '/home/kky/cde2310_ws'
[0.206s] Level 1:colcon.colcon_core.package_identification:_identify(.) by extensions ['ignore', 'ignore_ament_install']
[0.206s] Level 1:colcon.colcon_core.package_identification:_identify(.) by extension 'ignore'
[0.206s] Level 1:colcon.colcon_core.package_identification:_identify(.) by extension 'ignore_ament_install'
[0.206s] Level 1:colcon.colcon_core.package_identification:_identify(.) by extensions ['colcon_pkg']
[0.206s] Level 1:colcon.colcon_core.package_identification:_identify(.) by extension 'colcon_pkg'
[0.206s] Level 1:colcon.colcon_core.package_identification:_identify(.) by extensions ['colcon_meta']
[0.206s] Level 1:colcon.colcon_core.package_identification:_identify(.) by extension 'colcon_meta'
[0.206s] Level 1:colcon.colcon_core.package_identification:_identify(.) by extensions ['ros']
[0.206s] Level 1:colcon.colcon_core.package_identification:_identify(.) by extension 'ros'
[0.242s] Level 1:colcon.colcon_core.package_identification:_identify(.) by extensions ['cmake', 'python']
[0.242s] Level 1:colcon.colcon_core.package_identification:_identify(.) by extension 'cmake'
[0.242s] Level 1:colcon.colcon_core.package_identification:_identify(.) by extension 'python'
[0.242s] Level 1:colcon.colcon_core.package_identification:_identify(.) by extensions ['python_setup_py']
[0.242s] Level 1:colcon.colcon_core.package_identification:_identify(.) by extension 'python_setup_py'
[0.242s] Level 1:colcon.colcon_core.package_identification:_identify(build) by extensions ['ignore', 'ignore_ament_install']
[0.242s] Level 1:colcon.colcon_core.package_identification:_identify(build) by extension 'ignore'
[0.242s] Level 1:colcon.colcon_core.package_identification:_identify(build) ignored
[0.242s] Level 1:colcon.colcon_core.package_identification:_identify(install) by extensions ['ignore', 'ignore_ament_install']
[0.242s] Level 1:colcon.colcon_core.package_identification:_identify(install) by extension 'ignore'
[0.242s] Level 1:colcon.colcon_core.package_identification:_identify(install) ignored
[0.242s] Level 1:colcon.colcon_core.package_identification:_identify(log) by extensions ['ignore', 'ignore_ament_install']
[0.242s] Level 1:colcon.colcon_core.package_identification:_identify(log) by extension 'ignore'
[0.243s] Level 1:colcon.colcon_core.package_identification:_identify(log) ignored
[0.243s] Level 1:colcon.colcon_core.package_identification:_identify(src) by extensions ['ignore', 'ignore_ament_install']
[0.243s] Level 1:colcon.colcon_core.package_identification:_identify(src) by extension 'ignore'
[0.243s] Level 1:colcon.colcon_core.package_identification:_identify(src) by extension 'ignore_ament_install'
[0.243s] Level 1:colcon.colcon_core.package_identification:_identify(src) by extensions ['colcon_pkg']
[0.243s] Level 1:colcon.colcon_core.package_identification:_identify(src) by extension 'colcon_pkg'
[0.243s] Level 1:colcon.colcon_core.package_identification:_identify(src) by extensions ['colcon_meta']
[0.243s] Level 1:colcon.colcon_core.package_identification:_identify(src) by extension 'colcon_meta'
[0.243s] Level 1:colcon.colcon_core.package_identification:_identify(src) by extensions ['ros']
[0.243s] Level 1:colcon.colcon_core.package_identification:_identify(src) by extension 'ros'
[0.243s] Level 1:colcon.colcon_core.package_identification:_identify(src) by extensions ['cmake', 'python']
[0.243s] Level 1:colcon.colcon_core.package_identification:_identify(src) by extension 'cmake'
[0.243s] Level 1:colcon.colcon_core.package_identification:_identify(src) by extension 'python'
[0.243s] Level 1:colcon.colcon_core.package_identification:_identify(src) by extensions ['python_setup_py']
[0.243s] Level 1:colcon.colcon_core.package_identification:_identify(src) by extension 'python_setup_py'
[0.243s] Level 1:colcon.colcon_core.package_identification:_identify(src/m-explore-ros2-main) by extensions ['ignore', 'ignore_ament_install']
[0.243s] Level 1:colcon.colcon_core.package_identification:_identify(src/m-explore-ros2-main) by extension 'ignore'
[0.243s] Level 1:colcon.colcon_core.package_identification:_identify(src/m-explore-ros2-main) by extension 'ignore_ament_install'
[0.243s] Level 1:colcon.colcon_core.package_identification:_identify(src/m-explore-ros2-main) by extensions ['colcon_pkg']
[0.243s] Level 1:colcon.colcon_core.package_identification:_identify(src/m-explore-ros2-main) by extension 'colcon_pkg'
[0.243s] Level 1:colcon.colcon_core.package_identification:_identify(src/m-explore-ros2-main) by extensions ['colcon_meta']
[0.243s] Level 1:colcon.colcon_core.package_identification:_identify(src/m-explore-ros2-main) by extension 'colcon_meta'
[0.243s] Level 1:colcon.colcon_core.package_identification:_identify(src/m-explore-ros2-main) by extensions ['ros']
[0.243s] Level 1:colcon.colcon_core.package_identification:_identify(src/m-explore-ros2-main) by extension 'ros'
[0.243s] Level 1:colcon.colcon_core.package_identification:_identify(src/m-explore-ros2-main) by extensions ['cmake', 'python']
[0.243s] Level 1:colcon.colcon_core.package_identification:_identify(src/m-explore-ros2-main) by extension 'cmake'
[0.243s] Level 1:colcon.colcon_core.package_identification:_identify(src/m-explore-ros2-main) by extension 'python'
[0.243s] Level 1:colcon.colcon_core.package_identification:_identify(src/m-explore-ros2-main) by extensions ['python_setup_py']
[0.243s] Level 1:colcon.colcon_core.package_identification:_identify(src/m-explore-ros2-main) by extension 'python_setup_py'
[0.244s] Level 1:colcon.colcon_core.package_identification:_identify(src/m-explore-ros2-main/explore) by extensions ['ignore', 'ignore_ament_install']
[0.244s] Level 1:colcon.colcon_core.package_identification:_identify(src/m-explore-ros2-main/explore) by extension 'ignore'
[0.244s] Level 1:colcon.colcon_core.package_identification:_identify(src/m-explore-ros2-main/explore) by extension 'ignore_ament_install'
[0.244s] Level 1:colcon.colcon_core.package_identification:_identify(src/m-explore-ros2-main/explore) by extensions ['colcon_pkg']
[0.244s] Level 1:colcon.colcon_core.package_identification:_identify(src/m-explore-ros2-main/explore) by extension 'colcon_pkg'
[0.244s] Level 1:colcon.colcon_core.package_identification:_identify(src/m-explore-ros2-main/explore) by extensions ['colcon_meta']
[0.244s] Level 1:colcon.colcon_core.package_identification:_identify(src/m-explore-ros2-main/explore) by extension 'colcon_meta'
[0.244s] Level 1:colcon.colcon_core.package_identification:_identify(src/m-explore-ros2-main/explore) by extensions ['ros']
[0.244s] Level 1:colcon.colcon_core.package_identification:_identify(src/m-explore-ros2-main/explore) by extension 'ros'
[0.246s] DEBUG:colcon.colcon_core.package_identification:Package 'src/m-explore-ros2-main/explore' with type 'ros.ament_cmake' and name 'explore_lite'
[0.246s] Level 1:colcon.colcon_core.package_identification:_identify(src/m-explore-ros2-main/explore_lite_msgs) by extensions ['ignore', 'ignore_ament_install']
[0.246s] Level 1:colcon.colcon_core.package_identification:_identify(src/m-explore-ros2-main/explore_lite_msgs) by extension 'ignore'
[0.246s] Level 1:colcon.colcon_core.package_identification:_identify(src/m-explore-ros2-main/explore_lite_msgs) by extension 'ignore_ament_install'
[0.246s] Level 1:colcon.colcon_core.package_identification:_identify(src/m-explore-ros2-main/explore_lite_msgs) by extensions ['colcon_pkg']
[0.246s] Level 1:colcon.colcon_core.package_identification:_identify(src/m-explore-ros2-main/explore_lite_msgs) by extension 'colcon_pkg'
[0.246s] Level 1:colcon.colcon_core.package_identification:_identify(src/m-explore-ros2-main/explore_lite_msgs) by extensions ['colcon_meta']
[0.246s] Level 1:colcon.colcon_core.package_identification:_identify(src/m-explore-ros2-main/explore_lite_msgs) by extension 'colcon_meta'
[0.246s] Level 1:colcon.colcon_core.package_identification:_identify(src/m-explore-ros2-main/explore_lite_msgs) by extensions ['ros']
[0.246s] Level 1:colcon.colcon_core.package_identification:_identify(src/m-explore-ros2-main/explore_lite_msgs) by extension 'ros'
[0.247s] DEBUG:colcon.colcon_core.package_identification:Package 'src/m-explore-ros2-main/explore_lite_msgs' with type 'ros.ament_cmake' and name 'explore_lite_msgs'
[0.247s] Level 1:colcon.colcon_core.package_identification:_identify(src/m-explore-ros2-main/map_merge) by extensions ['ignore', 'ignore_ament_install']
[0.247s] Level 1:colcon.colcon_core.package_identification:_identify(src/m-explore-ros2-main/map_merge) by extension 'ignore'
[0.247s] Level 1:colcon.colcon_core.package_identification:_identify(src/m-explore-ros2-main/map_merge) by extension 'ignore_ament_install'
[0.247s] Level 1:colcon.colcon_core.package_identification:_identify(src/m-explore-ros2-main/map_merge) by extensions ['colcon_pkg']
[0.247s] Level 1:colcon.colcon_core.package_identification:_identify(src/m-explore-ros2-main/map_merge) by extension 'colcon_pkg'
[0.247s] Level 1:colcon.colcon_core.package_identification:_identify(src/m-explore-ros2-main/map_merge) by extensions ['colcon_meta']
[0.247s] Level 1:colcon.colcon_core.package_identification:_identify(src/m-explore-ros2-main/map_merge) by extension 'colcon_meta'
[0.247s] Level 1:colcon.colcon_core.package_identification:_identify(src/m-explore-ros2-main/map_merge) by extensions ['ros']
[0.247s] Level 1:colcon.colcon_core.package_identification:_identify(src/m-explore-ros2-main/map_merge) by extension 'ros'
[0.248s] DEBUG:colcon.colcon_core.package_identification:Package 'src/m-explore-ros2-main/map_merge' with type 'ros.ament_cmake' and name 'multirobot_map_merge'
[0.248s] Level 1:colcon.colcon_core.package_discovery:discover_packages(recursive) using defaults
[0.248s] Level 1:colcon.colcon_core.package_discovery:discover_packages(ignore) discover
[0.248s] Level 1:colcon.colcon_core.package_discovery:discover_packages(ignore) using defaults
[0.248s] Level 1:colcon.colcon_core.package_discovery:discover_packages(path) discover
[0.248s] Level 1:colcon.colcon_core.package_discovery:discover_packages(path) using defaults
[0.265s] Level 1:colcon.colcon_core.package_discovery:discover_packages(prefix_path) check parameters
[0.266s] Level 1:colcon.colcon_core.package_discovery:discover_packages(prefix_path) discover
[0.268s] DEBUG:colcon.colcon_installed_package_information.package_discovery:Found 8 installed packages in /home/kky/colcon_ws/install
[0.268s] DEBUG:colcon.colcon_installed_package_information.package_discovery:Found 12 installed packages in /home/kky/turtlebot3_ws/install
[0.269s] DEBUG:colcon.colcon_installed_package_information.package_discovery:Found 336 installed packages in /opt/ros/humble
[0.271s] Level 1:colcon.colcon_core.package_discovery:discover_packages(prefix_path) using defaults
[0.300s] Level 5:colcon.colcon_core.verb:set package 'explore_lite_msgs' build argument 'cmake_args' from command line to 'None'
[0.300s] Level 5:colcon.colcon_core.verb:set package 'explore_lite_msgs' build argument 'cmake_target' from command line to 'None'
[0.300s] Level 5:colcon.colcon_core.verb:set package 'explore_lite_msgs' build argument 'cmake_target_skip_unavailable' from command line to 'False'
[0.300s] Level 5:colcon.colcon_core.verb:set package 'explore_lite_msgs' build argument 'cmake_clean_cache' from command line to 'False'
[0.300s] Level 5:colcon.colcon_core.verb:set package 'explore_lite_msgs' build argument 'cmake_clean_first' from command line to 'False'
[0.300s] Level 5:colcon.colcon_core.verb:set package 'explore_lite_msgs' build argument 'cmake_force_configure' from command line to 'False'
[0.300s] Level 5:colcon.colcon_core.verb:set package 'explore_lite_msgs' build argument 'ament_cmake_args' from command line to 'None'
[0.300s] Level 5:colcon.colcon_core.verb:set package 'explore_lite_msgs' build argument 'catkin_cmake_args' from command line to 'None'
[0.300s] Level 5:colcon.colcon_core.verb:set package 'explore_lite_msgs' build argument 'catkin_skip_building_tests' from command line to 'False'
[0.300s] DEBUG:colcon.colcon_core.verb:Building package 'explore_lite_msgs' with the following arguments: {'ament_cmake_args': None, 'build_base': '/home/kky/cde2310_ws/build/explore_lite_msgs', 'catkin_cmake_args': None, 'catkin_skip_building_tests': False, 'cmake_args': None, 'cmake_clean_cache': False, 'cmake_clean_first': False, 'cmake_force_configure': False, 'cmake_target': None, 'cmake_target_skip_unavailable': False, 'install_base': '/home/kky/cde2310_ws/install/explore_lite_msgs', 'merge_install': False, 'path': '/home/kky/cde2310_ws/src/m-explore-ros2-main/explore_lite_msgs', 'symlink_install': False, 'test_result_base': None}
[0.301s] Level 5:colcon.colcon_core.verb:set package 'multirobot_map_merge' build argument 'cmake_args' from command line to 'None'
[0.301s] Level 5:colcon.colcon_core.verb:set package 'multirobot_map_merge' build argument 'cmake_target' from command line to 'None'
[0.301s] Level 5:colcon.colcon_core.verb:set package 'multirobot_map_merge' build argument 'cmake_target_skip_unavailable' from command line to 'False'
[0.301s] Level 5:colcon.colcon_core.verb:set package 'multirobot_map_merge' build argument 'cmake_clean_cache' from command line to 'False'
[0.301s] Level 5:colcon.colcon_core.verb:set package 'multirobot_map_merge' build argument 'cmake_clean_first' from command line to 'False'
[0.301s] Level 5:colcon.colcon_core.verb:set package 'multirobot_map_merge' build argument 'cmake_force_configure' from command line to 'False'
[0.301s] Level 5:colcon.colcon_core.verb:set package 'multirobot_map_merge' build argument 'ament_cmake_args' from command line to 'None'
[0.301s] Level 5:colcon.colcon_core.verb:set package 'multirobot_map_merge' build argument 'catkin_cmake_args' from command line to 'None'
[0.301s] Level 5:colcon.colcon_core.verb:set package 'multirobot_map_merge' build argument 'catkin_skip_building_tests' from command line to 'False'
[0.301s] DEBUG:colcon.colcon_core.verb:Building package 'multirobot_map_merge' with the following arguments: {'ament_cmake_args': None, 'build_base': '/home/kky/cde2310_ws/build/multirobot_map_merge', 'catkin_cmake_args': None, 'catkin_skip_building_tests': False, 'cmake_args': None, 'cmake_clean_cache': False, 'cmake_clean_first': False, 'cmake_force_configure': False, 'cmake_target': None, 'cmake_target_skip_unavailable': False, 'install_base': '/home/kky/cde2310_ws/install/multirobot_map_merge', 'merge_install': False, 'path': '/home/kky/cde2310_ws/src/m-explore-ros2-main/map_merge', 'symlink_install': False, 'test_result_base': None}
[0.301s] Level 5:colcon.colcon_core.verb:set package 'explore_lite' build argument 'cmake_args' from command line to 'None'
[0.301s] Level 5:colcon.colcon_core.verb:set package 'explore_lite' build argument 'cmake_target' from command line to 'None'
[0.301s] Level 5:colcon.colcon_core.verb:set package 'explore_lite' build argument 'cmake_target_skip_unavailable' from command line to 'False'
[0.301s] Level 5:colcon.colcon_core.verb:set package 'explore_lite' build argument 'cmake_clean_cache' from command line to 'False'
[0.301s] Level 5:colcon.colcon_core.verb:set package 'explore_lite' build argument 'cmake_clean_first' from command line to 'False'
[0.301s] Level 5:colcon.colcon_core.verb:set package 'explore_lite' build argument 'cmake_force_configure' from command line to 'False'
[0.301s] Level 5:colcon.colcon_core.verb:set package 'explore_lite' build argument 'ament_cmake_args' from command line to 'None'
[0.301s] Level 5:colcon.colcon_core.verb:set package 'explore_lite' build argument 'catkin_cmake_args' from command line to 'None'
[0.301s] Level 5:colcon.colcon_core.verb:set package 'explore_lite' build argument 'catkin_skip_building_tests' from command line to 'False'
[0.301s] DEBUG:colcon.colcon_core.verb:Building package 'explore_lite' with the following arguments: {'ament_cmake_args': None, 'build_base': '/home/kky/cde2310_ws/build/explore_lite', 'catkin_cmake_args': None, 'catkin_skip_building_tests': False, 'cmake_args': None, 'cmake_clean_cache': False, 'cmake_clean_first': False, 'cmake_force_configure': False, 'cmake_target': None, 'cmake_target_skip_unavailable': False, 'install_base': '/home/kky/cde2310_ws/install/explore_lite', 'merge_install': False, 'path': '/home/kky/cde2310_ws/src/m-explore-ros2-main/explore', 'symlink_install': False, 'test_result_base': None}
[0.301s] INFO:colcon.colcon_core.executor:Executing jobs using 'parallel' executor
[0.302s] DEBUG:colcon.colcon_parallel_executor.executor.parallel:run_until_complete
[0.303s] INFO:colcon.colcon_ros.task.ament_cmake.build:Building ROS package in '/home/kky/cde2310_ws/src/m-explore-ros2-main/explore_lite_msgs' with build type 'ament_cmake'
[0.303s] INFO:colcon.colcon_cmake.task.cmake.build:Building CMake package in '/home/kky/cde2310_ws/src/m-explore-ros2-main/explore_lite_msgs'
[0.305s] INFO:colcon.colcon_core.plugin_system:Skipping extension 'colcon_core.shell.bat': Not used on non-Windows systems
[0.305s] INFO:colcon.colcon_core.shell:Skip shell extension 'powershell' for command environment: Not usable outside of PowerShell
[0.305s] DEBUG:colcon.colcon_core.shell:Skip shell extension 'dsv' for command environment
[0.309s] INFO:colcon.colcon_ros.task.ament_cmake.build:Building ROS package in '/home/kky/cde2310_ws/src/m-explore-ros2-main/map_merge' with build type 'ament_cmake'
[0.309s] INFO:colcon.colcon_cmake.task.cmake.build:Building CMake package in '/home/kky/cde2310_ws/src/m-explore-ros2-main/map_merge'
[0.309s] INFO:colcon.colcon_core.shell:Skip shell extension 'powershell' for command environment: Not usable outside of PowerShell
[0.309s] DEBUG:colcon.colcon_core.shell:Skip shell extension 'dsv' for command environment
[0.316s] DEBUG:colcon.colcon_core.event_handler.log_command:Invoking command in '/home/kky/cde2310_ws/build/explore_lite_msgs': CMAKE_PREFIX_PATH=${CMAKE_PREFIX_PATH}:/home/kky/colcon_ws/install/py_pubsub:/home/kky/colcon_ws/install/cde2310_e2:/home/kky/colcon_ws/install/auto_nav:/home/kky/turtlebot3_ws/install/turtlebot3_teleop:/home/kky/turtlebot3_ws/install/turtlebot3_example:/opt/ros/humble /usr/bin/cmake /home/kky/cde2310_ws/src/m-explore-ros2-main/explore_lite_msgs -DCMAKE_INSTALL_PREFIX=/home/kky/cde2310_ws/install/explore_lite_msgs
[0.320s] DEBUG:colcon.colcon_core.event_handler.log_command:Invoking command in '/home/kky/cde2310_ws/build/multirobot_map_merge': CMAKE_PREFIX_PATH=${CMAKE_PREFIX_PATH}:/home/kky/colcon_ws/install/py_pubsub:/home/kky/colcon_ws/install/cde2310_e2:/home/kky/colcon_ws/install/auto_nav:/home/kky/turtlebot3_ws/install/turtlebot3_teleop:/home/kky/turtlebot3_ws/install/turtlebot3_example:/opt/ros/humble /usr/bin/cmake /home/kky/cde2310_ws/src/m-explore-ros2-main/map_merge -DCMAKE_INSTALL_PREFIX=/home/kky/cde2310_ws/install/multirobot_map_merge
[1.590s] DEBUG:colcon.colcon_core.event_handler.log_command:Invoked command in '/home/kky/cde2310_ws/build/explore_lite_msgs' returned '0': CMAKE_PREFIX_PATH=${CMAKE_PREFIX_PATH}:/home/kky/colcon_ws/install/py_pubsub:/home/kky/colcon_ws/install/cde2310_e2:/home/kky/colcon_ws/install/auto_nav:/home/kky/turtlebot3_ws/install/turtlebot3_teleop:/home/kky/turtlebot3_ws/install/turtlebot3_example:/opt/ros/humble /usr/bin/cmake /home/kky/cde2310_ws/src/m-explore-ros2-main/explore_lite_msgs -DCMAKE_INSTALL_PREFIX=/home/kky/cde2310_ws/install/explore_lite_msgs
[1.592s] DEBUG:colcon.colcon_core.event_handler.log_command:Invoking command in '/home/kky/cde2310_ws/build/explore_lite_msgs': CMAKE_PREFIX_PATH=${CMAKE_PREFIX_PATH}:/home/kky/colcon_ws/install/py_pubsub:/home/kky/colcon_ws/install/cde2310_e2:/home/kky/colcon_ws/install/auto_nav:/home/kky/turtlebot3_ws/install/turtlebot3_teleop:/home/kky/turtlebot3_ws/install/turtlebot3_example:/opt/ros/humble /usr/bin/cmake --build /home/kky/cde2310_ws/build/explore_lite_msgs -- -j16 -l16
[3.096s] DEBUG:colcon.colcon_core.event_handler.log_command:Invoked command in '/home/kky/cde2310_ws/build/explore_lite_msgs' returned '0': CMAKE_PREFIX_PATH=${CMAKE_PREFIX_PATH}:/home/kky/colcon_ws/install/py_pubsub:/home/kky/colcon_ws/install/cde2310_e2:/home/kky/colcon_ws/install/auto_nav:/home/kky/turtlebot3_ws/install/turtlebot3_teleop:/home/kky/turtlebot3_ws/install/turtlebot3_example:/opt/ros/humble /usr/bin/cmake --build /home/kky/cde2310_ws/build/explore_lite_msgs -- -j16 -l16
[3.108s] DEBUG:colcon.colcon_core.event_handler.log_command:Invoking command in '/home/kky/cde2310_ws/build/explore_lite_msgs': CMAKE_PREFIX_PATH=${CMAKE_PREFIX_PATH}:/home/kky/colcon_ws/install/py_pubsub:/home/kky/colcon_ws/install/cde2310_e2:/home/kky/colcon_ws/install/auto_nav:/home/kky/turtlebot3_ws/install/turtlebot3_teleop:/home/kky/turtlebot3_ws/install/turtlebot3_example:/opt/ros/humble /usr/bin/cmake --install /home/kky/cde2310_ws/build/explore_lite_msgs
[3.166s] Level 1:colcon.colcon_core.environment:create_environment_scripts_only(explore_lite_msgs)
[3.166s] DEBUG:colcon.colcon_core.event_handler.log_command:Invoked command in '/home/kky/cde2310_ws/build/explore_lite_msgs' returned '0': CMAKE_PREFIX_PATH=${CMAKE_PREFIX_PATH}:/home/kky/colcon_ws/install/py_pubsub:/home/kky/colcon_ws/install/cde2310_e2:/home/kky/colcon_ws/install/auto_nav:/home/kky/turtlebot3_ws/install/turtlebot3_teleop:/home/kky/turtlebot3_ws/install/turtlebot3_example:/opt/ros/humble /usr/bin/cmake --install /home/kky/cde2310_ws/build/explore_lite_msgs
[3.169s] Level 1:colcon.colcon_core.environment:checking '/home/kky/cde2310_ws/install/explore_lite_msgs' for CMake module files
[3.169s] Level 1:colcon.colcon_core.environment:checking '/home/kky/cde2310_ws/install/explore_lite_msgs' for CMake config files
[3.169s] Level 1:colcon.colcon_core.shell:create_environment_hook('explore_lite_msgs', 'cmake_prefix_path')
[3.169s] INFO:colcon.colcon_core.shell:Creating environment hook '/home/kky/cde2310_ws/install/explore_lite_msgs/share/explore_lite_msgs/hook/cmake_prefix_path.ps1'
[3.170s] INFO:colcon.colcon_core.shell:Creating environment descriptor '/home/kky/cde2310_ws/install/explore_lite_msgs/share/explore_lite_msgs/hook/cmake_prefix_path.dsv'
[3.170s] INFO:colcon.colcon_core.shell:Creating environment hook '/home/kky/cde2310_ws/install/explore_lite_msgs/share/explore_lite_msgs/hook/cmake_prefix_path.sh'
[3.171s] Level 1:colcon.colcon_core.environment:checking '/home/kky/cde2310_ws/install/explore_lite_msgs/lib'
[3.171s] Level 1:colcon.colcon_core.shell:create_environment_hook('explore_lite_msgs', 'ld_library_path_lib')
[3.171s] INFO:colcon.colcon_core.shell:Creating environment hook '/home/kky/cde2310_ws/install/explore_lite_msgs/share/explore_lite_msgs/hook/ld_library_path_lib.ps1'
[3.171s] INFO:colcon.colcon_core.shell:Creating environment descriptor '/home/kky/cde2310_ws/install/explore_lite_msgs/share/explore_lite_msgs/hook/ld_library_path_lib.dsv'
[3.171s] INFO:colcon.colcon_core.shell:Creating environment hook '/home/kky/cde2310_ws/install/explore_lite_msgs/share/explore_lite_msgs/hook/ld_library_path_lib.sh'
[3.172s] Level 1:colcon.colcon_core.environment:checking '/home/kky/cde2310_ws/install/explore_lite_msgs/bin'
[3.172s] Level 1:colcon.colcon_core.environment:checking '/home/kky/cde2310_ws/install/explore_lite_msgs/lib/pkgconfig/explore_lite_msgs.pc'
[3.172s] Level 1:colcon.colcon_core.environment:checking '/home/kky/cde2310_ws/install/explore_lite_msgs/lib/python3.10/site-packages'
[3.172s] Level 1:colcon.colcon_core.environment:checking '/home/kky/cde2310_ws/install/explore_lite_msgs/bin'
[3.172s] INFO:colcon.colcon_core.shell:Creating package script '/home/kky/cde2310_ws/install/explore_lite_msgs/share/explore_lite_msgs/package.ps1'
[3.173s] INFO:colcon.colcon_core.shell:Creating package descriptor '/home/kky/cde2310_ws/install/explore_lite_msgs/share/explore_lite_msgs/package.dsv'
[3.174s] INFO:colcon.colcon_core.shell:Creating package script '/home/kky/cde2310_ws/install/explore_lite_msgs/share/explore_lite_msgs/package.sh'
[3.174s] INFO:colcon.colcon_core.shell:Creating package script '/home/kky/cde2310_ws/install/explore_lite_msgs/share/explore_lite_msgs/package.bash'
[3.175s] INFO:colcon.colcon_core.shell:Creating package script '/home/kky/cde2310_ws/install/explore_lite_msgs/share/explore_lite_msgs/package.zsh'
[3.175s] Level 1:colcon.colcon_core.environment:create_file_with_runtime_dependencies(/home/kky/cde2310_ws/install/explore_lite_msgs/share/colcon-core/packages/explore_lite_msgs)
[3.176s] Level 1:colcon.colcon_core.environment:create_environment_scripts_only(explore_lite_msgs)
[3.176s] Level 1:colcon.colcon_core.environment:checking '/home/kky/cde2310_ws/install/explore_lite_msgs' for CMake module files
[3.176s] Level 1:colcon.colcon_core.environment:checking '/home/kky/cde2310_ws/install/explore_lite_msgs' for CMake config files
[3.177s] Level 1:colcon.colcon_core.shell:create_environment_hook('explore_lite_msgs', 'cmake_prefix_path')
[3.177s] INFO:colcon.colcon_core.shell:Creating environment hook '/home/kky/cde2310_ws/install/explore_lite_msgs/share/explore_lite_msgs/hook/cmake_prefix_path.ps1'
[3.177s] INFO:colcon.colcon_core.shell:Creating environment descriptor '/home/kky/cde2310_ws/install/explore_lite_msgs/share/explore_lite_msgs/hook/cmake_prefix_path.dsv'
[3.177s] INFO:colcon.colcon_core.shell:Creating environment hook '/home/kky/cde2310_ws/install/explore_lite_msgs/share/explore_lite_msgs/hook/cmake_prefix_path.sh'
[3.178s] Level 1:colcon.colcon_core.environment:checking '/home/kky/cde2310_ws/install/explore_lite_msgs/lib'
[3.178s] Level 1:colcon.colcon_core.shell:create_environment_hook('explore_lite_msgs', 'ld_library_path_lib')
[3.178s] INFO:colcon.colcon_core.shell:Creating environment hook '/home/kky/cde2310_ws/install/explore_lite_msgs/share/explore_lite_msgs/hook/ld_library_path_lib.ps1'
[3.178s] INFO:colcon.colcon_core.shell:Creating environment descriptor '/home/kky/cde2310_ws/install/explore_lite_msgs/share/explore_lite_msgs/hook/ld_library_path_lib.dsv'
[3.178s] INFO:colcon.colcon_core.shell:Creating environment hook '/home/kky/cde2310_ws/install/explore_lite_msgs/share/explore_lite_msgs/hook/ld_library_path_lib.sh'
[3.179s] Level 1:colcon.colcon_core.environment:checking '/home/kky/cde2310_ws/install/explore_lite_msgs/bin'
[3.179s] Level 1:colcon.colcon_core.environment:checking '/home/kky/cde2310_ws/install/explore_lite_msgs/lib/pkgconfig/explore_lite_msgs.pc'
[3.179s] Level 1:colcon.colcon_core.environment:checking '/home/kky/cde2310_ws/install/explore_lite_msgs/lib/python3.10/site-packages'
[3.179s] Level 1:colcon.colcon_core.environment:checking '/home/kky/cde2310_ws/install/explore_lite_msgs/bin'
[3.179s] INFO:colcon.colcon_core.shell:Creating package script '/home/kky/cde2310_ws/install/explore_lite_msgs/share/explore_lite_msgs/package.ps1'
[3.179s] INFO:colcon.colcon_core.shell:Creating package descriptor '/home/kky/cde2310_ws/install/explore_lite_msgs/share/explore_lite_msgs/package.dsv'
[3.180s] INFO:colcon.colcon_core.shell:Creating package script '/home/kky/cde2310_ws/install/explore_lite_msgs/share/explore_lite_msgs/package.sh'
[3.180s] INFO:colcon.colcon_core.shell:Creating package script '/home/kky/cde2310_ws/install/explore_lite_msgs/share/explore_lite_msgs/package.bash'
[3.180s] INFO:colcon.colcon_core.shell:Creating package script '/home/kky/cde2310_ws/install/explore_lite_msgs/share/explore_lite_msgs/package.zsh'
[3.181s] Level 1:colcon.colcon_core.environment:create_file_with_runtime_dependencies(/home/kky/cde2310_ws/install/explore_lite_msgs/share/colcon-core/packages/explore_lite_msgs)
[3.181s] INFO:colcon.colcon_ros.task.ament_cmake.build:Building ROS package in '/home/kky/cde2310_ws/src/m-explore-ros2-main/explore' with build type 'ament_cmake'
[3.181s] INFO:colcon.colcon_cmake.task.cmake.build:Building CMake package in '/home/kky/cde2310_ws/src/m-explore-ros2-main/explore'
[3.181s] INFO:colcon.colcon_core.shell:Skip shell extension 'powershell' for command environment: Not usable outside of PowerShell
[3.181s] DEBUG:colcon.colcon_core.shell:Skip shell extension 'dsv' for command environment
[3.194s] DEBUG:colcon.colcon_core.event_handler.log_command:Invoking command in '/home/kky/cde2310_ws/build/explore_lite': AMENT_PREFIX_PATH=/home/kky/cde2310_ws/install/explore_lite_msgs:${AMENT_PREFIX_PATH} CMAKE_PREFIX_PATH=/home/kky/cde2310_ws/install/explore_lite_msgs:/home/kky/colcon_ws/install/turtlebot3_simulations:/home/kky/colcon_ws/install/turtlebot3_gazebo:/home/kky/colcon_ws/install/turtlebot3_fake_node:/home/kky/colcon_ws/install/multirobot_map_merge:/home/kky/colcon_ws/install/explore_lite:/home/kky/turtlebot3_ws/install/turtlebot3:/home/kky/turtlebot3_ws/install/turtlebot3_bringup:/home/kky/turtlebot3_ws/install/turtlebot3_node:/home/kky/turtlebot3_ws/install/turtlebot3_navigation2:/home/kky/turtlebot3_ws/install/turtlebot3_msgs:/home/kky/turtlebot3_ws/install/turtlebot3_description:/home/kky/turtlebot3_ws/install/turtlebot3_cartographer:/home/kky/turtlebot3_ws/install/dynamixel_sdk_examples:/home/kky/turtlebot3_ws/install/dynamixel_sdk_custom_interfaces:/home/kky/turtlebot3_ws/install/dynamixel_sdk:/home/kky/colcon_ws/install/py_pubsub:/home/kky/colcon_ws/install/cde2310_e2:/home/kky/colcon_ws/install/auto_nav:/home/kky/turtlebot3_ws/install/turtlebot3_teleop:/home/kky/turtlebot3_ws/install/turtlebot3_example:/opt/ros/humble LD_LIBRARY_PATH=/home/kky/cde2310_ws/install/explore_lite_msgs/lib:/home/kky/colcon_ws/install/multirobot_map_merge/lib:/home/kky/turtlebot3_ws/install/turtlebot3_msgs/lib:/home/kky/turtlebot3_ws/install/dynamixel_sdk_custom_interfaces/lib:/home/kky/turtlebot3_ws/install/dynamixel_sdk/lib:/usr/lib/x86_64-linux-gnu/gazebo-11/plugins:/opt/ros/humble/opt/rviz_ogre_vendor/lib:/opt/ros/humble/lib/x86_64-linux-gnu:/opt/ros/humble/lib:/usr/lib/x86_64-linux-gnu/gazebo-11/plugins:/usr/lib/x86_64-linux-gnu/gazebo-11/plugins:/usr/lib/x86_64-linux-gnu/gazebo-11/plugins PYTHONPATH=/home/kky/cde2310_ws/install/explore_lite_msgs/local/lib/python3.10/dist-packages:${PYTHONPATH} /usr/bin/cmake /home/kky/cde2310_ws/src/m-explore-ros2-main/explore -DCMAKE_INSTALL_PREFIX=/home/kky/cde2310_ws/install/explore_lite
[4.756s] DEBUG:colcon.colcon_core.event_handler.log_command:Invoked command in '/home/kky/cde2310_ws/build/explore_lite' returned '0': AMENT_PREFIX_PATH=/home/kky/cde2310_ws/install/explore_lite_msgs:${AMENT_PREFIX_PATH} CMAKE_PREFIX_PATH=/home/kky/cde2310_ws/install/explore_lite_msgs:/home/kky/colcon_ws/install/turtlebot3_simulations:/home/kky/colcon_ws/install/turtlebot3_gazebo:/home/kky/colcon_ws/install/turtlebot3_fake_node:/home/kky/colcon_ws/install/multirobot_map_merge:/home/kky/colcon_ws/install/explore_lite:/home/kky/turtlebot3_ws/install/turtlebot3:/home/kky/turtlebot3_ws/install/turtlebot3_bringup:/home/kky/turtlebot3_ws/install/turtlebot3_node:/home/kky/turtlebot3_ws/install/turtlebot3_navigation2:/home/kky/turtlebot3_ws/install/turtlebot3_msgs:/home/kky/turtlebot3_ws/install/turtlebot3_description:/home/kky/turtlebot3_ws/install/turtlebot3_cartographer:/home/kky/turtlebot3_ws/install/dynamixel_sdk_examples:/home/kky/turtlebot3_ws/install/dynamixel_sdk_custom_interfaces:/home/kky/turtlebot3_ws/install/dynamixel_sdk:/home/kky/colcon_ws/install/py_pubsub:/home/kky/colcon_ws/install/cde2310_e2:/home/kky/colcon_ws/install/auto_nav:/home/kky/turtlebot3_ws/install/turtlebot3_teleop:/home/kky/turtlebot3_ws/install/turtlebot3_example:/opt/ros/humble LD_LIBRARY_PATH=/home/kky/cde2310_ws/install/explore_lite_msgs/lib:/home/kky/colcon_ws/install/multirobot_map_merge/lib:/home/kky/turtlebot3_ws/install/turtlebot3_msgs/lib:/home/kky/turtlebot3_ws/install/dynamixel_sdk_custom_interfaces/lib:/home/kky/turtlebot3_ws/install/dynamixel_sdk/lib:/usr/lib/x86_64-linux-gnu/gazebo-11/plugins:/opt/ros/humble/opt/rviz_ogre_vendor/lib:/opt/ros/humble/lib/x86_64-linux-gnu:/opt/ros/humble/lib:/usr/lib/x86_64-linux-gnu/gazebo-11/plugins:/usr/lib/x86_64-linux-gnu/gazebo-11/plugins:/usr/lib/x86_64-linux-gnu/gazebo-11/plugins PYTHONPATH=/home/kky/cde2310_ws/install/explore_lite_msgs/local/lib/python3.10/dist-packages:${PYTHONPATH} /usr/bin/cmake /home/kky/cde2310_ws/src/m-explore-ros2-main/explore -DCMAKE_INSTALL_PREFIX=/home/kky/cde2310_ws/install/explore_lite
[4.757s] DEBUG:colcon.colcon_core.event_handler.log_command:Invoking command in '/home/kky/cde2310_ws/build/explore_lite': AMENT_PREFIX_PATH=/home/kky/cde2310_ws/install/explore_lite_msgs:${AMENT_PREFIX_PATH} CMAKE_PREFIX_PATH=/home/kky/cde2310_ws/install/explore_lite_msgs:/home/kky/colcon_ws/install/turtlebot3_simulations:/home/kky/colcon_ws/install/turtlebot3_gazebo:/home/kky/colcon_ws/install/turtlebot3_fake_node:/home/kky/colcon_ws/install/multirobot_map_merge:/home/kky/colcon_ws/install/explore_lite:/home/kky/turtlebot3_ws/install/turtlebot3:/home/kky/turtlebot3_ws/install/turtlebot3_bringup:/home/kky/turtlebot3_ws/install/turtlebot3_node:/home/kky/turtlebot3_ws/install/turtlebot3_navigation2:/home/kky/turtlebot3_ws/install/turtlebot3_msgs:/home/kky/turtlebot3_ws/install/turtlebot3_description:/home/kky/turtlebot3_ws/install/turtlebot3_cartographer:/home/kky/turtlebot3_ws/install/dynamixel_sdk_examples:/home/kky/turtlebot3_ws/install/dynamixel_sdk_custom_interfaces:/home/kky/turtlebot3_ws/install/dynamixel_sdk:/home/kky/colcon_ws/install/py_pubsub:/home/kky/colcon_ws/install/cde2310_e2:/home/kky/colcon_ws/install/auto_nav:/home/kky/turtlebot3_ws/install/turtlebot3_teleop:/home/kky/turtlebot3_ws/install/turtlebot3_example:/opt/ros/humble LD_LIBRARY_PATH=/home/kky/cde2310_ws/install/explore_lite_msgs/lib:/home/kky/colcon_ws/install/multirobot_map_merge/lib:/home/kky/turtlebot3_ws/install/turtlebot3_msgs/lib:/home/kky/turtlebot3_ws/install/dynamixel_sdk_custom_interfaces/lib:/home/kky/turtlebot3_ws/install/dynamixel_sdk/lib:/usr/lib/x86_64-linux-gnu/gazebo-11/plugins:/opt/ros/humble/opt/rviz_ogre_vendor/lib:/opt/ros/humble/lib/x86_64-linux-gnu:/opt/ros/humble/lib:/usr/lib/x86_64-linux-gnu/gazebo-11/plugins:/usr/lib/x86_64-linux-gnu/gazebo-11/plugins:/usr/lib/x86_64-linux-gnu/gazebo-11/plugins PYTHONPATH=/home/kky/cde2310_ws/install/explore_lite_msgs/local/lib/python3.10/dist-packages:${PYTHONPATH} /usr/bin/cmake --build /home/kky/cde2310_ws/build/explore_lite -- -j16 -l16
[12.628s] DEBUG:colcon.colcon_core.event_handler.log_command:Invoked command in '/home/kky/cde2310_ws/build/multirobot_map_merge' returned '0': CMAKE_PREFIX_PATH=${CMAKE_PREFIX_PATH}:/home/kky/colcon_ws/install/py_pubsub:/home/kky/colcon_ws/install/cde2310_e2:/home/kky/colcon_ws/install/auto_nav:/home/kky/turtlebot3_ws/install/turtlebot3_teleop:/home/kky/turtlebot3_ws/install/turtlebot3_example:/opt/ros/humble /usr/bin/cmake /home/kky/cde2310_ws/src/m-explore-ros2-main/map_merge -DCMAKE_INSTALL_PREFIX=/home/kky/cde2310_ws/install/multirobot_map_merge
[12.629s] DEBUG:colcon.colcon_core.event_handler.log_command:Invoking command in '/home/kky/cde2310_ws/build/multirobot_map_merge': CMAKE_PREFIX_PATH=${CMAKE_PREFIX_PATH}:/home/kky/colcon_ws/install/py_pubsub:/home/kky/colcon_ws/install/cde2310_e2:/home/kky/colcon_ws/install/auto_nav:/home/kky/turtlebot3_ws/install/turtlebot3_teleop:/home/kky/turtlebot3_ws/install/turtlebot3_example:/opt/ros/humble /usr/bin/cmake --build /home/kky/cde2310_ws/build/multirobot_map_merge -- -j16 -l16
[15.874s] DEBUG:colcon.colcon_core.event_handler.log_command:Invoked command in '/home/kky/cde2310_ws/build/explore_lite' returned '0': AMENT_PREFIX_PATH=/home/kky/cde2310_ws/install/explore_lite_msgs:${AMENT_PREFIX_PATH} CMAKE_PREFIX_PATH=/home/kky/cde2310_ws/install/explore_lite_msgs:/home/kky/colcon_ws/install/turtlebot3_simulations:/home/kky/colcon_ws/install/turtlebot3_gazebo:/home/kky/colcon_ws/install/turtlebot3_fake_node:/home/kky/colcon_ws/install/multirobot_map_merge:/home/kky/colcon_ws/install/explore_lite:/home/kky/turtlebot3_ws/install/turtlebot3:/home/kky/turtlebot3_ws/install/turtlebot3_bringup:/home/kky/turtlebot3_ws/install/turtlebot3_node:/home/kky/turtlebot3_ws/install/turtlebot3_navigation2:/home/kky/turtlebot3_ws/install/turtlebot3_msgs:/home/kky/turtlebot3_ws/install/turtlebot3_description:/home/kky/turtlebot3_ws/install/turtlebot3_cartographer:/home/kky/turtlebot3_ws/install/dynamixel_sdk_examples:/home/kky/turtlebot3_ws/install/dynamixel_sdk_custom_interfaces:/home/kky/turtlebot3_ws/install/dynamixel_sdk:/home/kky/colcon_ws/install/py_pubsub:/home/kky/colcon_ws/install/cde2310_e2:/home/kky/colcon_ws/install/auto_nav:/home/kky/turtlebot3_ws/install/turtlebot3_teleop:/home/kky/turtlebot3_ws/install/turtlebot3_example:/opt/ros/humble LD_LIBRARY_PATH=/home/kky/cde2310_ws/install/explore_lite_msgs/lib:/home/kky/colcon_ws/install/multirobot_map_merge/lib:/home/kky/turtlebot3_ws/install/turtlebot3_msgs/lib:/home/kky/turtlebot3_ws/install/dynamixel_sdk_custom_interfaces/lib:/home/kky/turtlebot3_ws/install/dynamixel_sdk/lib:/usr/lib/x86_64-linux-gnu/gazebo-11/plugins:/opt/ros/humble/opt/rviz_ogre_vendor/lib:/opt/ros/humble/lib/x86_64-linux-gnu:/opt/ros/humble/lib:/usr/lib/x86_64-linux-gnu/gazebo-11/plugins:/usr/lib/x86_64-linux-gnu/gazebo-11/plugins:/usr/lib/x86_64-linux-gnu/gazebo-11/plugins PYTHONPATH=/home/kky/cde2310_ws/install/explore_lite_msgs/local/lib/python3.10/dist-packages:${PYTHONPATH} /usr/bin/cmake --build /home/kky/cde2310_ws/build/explore_lite -- -j16 -l16
[15.876s] DEBUG:colcon.colcon_core.event_handler.log_command:Invoking command in '/home/kky/cde2310_ws/build/explore_lite': AMENT_PREFIX_PATH=/home/kky/cde2310_ws/install/explore_lite_msgs:${AMENT_PREFIX_PATH} CMAKE_PREFIX_PATH=/home/kky/cde2310_ws/install/explore_lite_msgs:/home/kky/colcon_ws/install/turtlebot3_simulations:/home/kky/colcon_ws/install/turtlebot3_gazebo:/home/kky/colcon_ws/install/turtlebot3_fake_node:/home/kky/colcon_ws/install/multirobot_map_merge:/home/kky/colcon_ws/install/explore_lite:/home/kky/turtlebot3_ws/install/turtlebot3:/home/kky/turtlebot3_ws/install/turtlebot3_bringup:/home/kky/turtlebot3_ws/install/turtlebot3_node:/home/kky/turtlebot3_ws/install/turtlebot3_navigation2:/home/kky/turtlebot3_ws/install/turtlebot3_msgs:/home/kky/turtlebot3_ws/install/turtlebot3_description:/home/kky/turtlebot3_ws/install/turtlebot3_cartographer:/home/kky/turtlebot3_ws/install/dynamixel_sdk_examples:/home/kky/turtlebot3_ws/install/dynamixel_sdk_custom_interfaces:/home/kky/turtlebot3_ws/install/dynamixel_sdk:/home/kky/colcon_ws/install/py_pubsub:/home/kky/colcon_ws/install/cde2310_e2:/home/kky/colcon_ws/install/auto_nav:/home/kky/turtlebot3_ws/install/turtlebot3_teleop:/home/kky/turtlebot3_ws/install/turtlebot3_example:/opt/ros/humble LD_LIBRARY_PATH=/home/kky/cde2310_ws/install/explore_lite_msgs/lib:/home/kky/colcon_ws/install/multirobot_map_merge/lib:/home/kky/turtlebot3_ws/install/turtlebot3_msgs/lib:/home/kky/turtlebot3_ws/install/dynamixel_sdk_custom_interfaces/lib:/home/kky/turtlebot3_ws/install/dynamixel_sdk/lib:/usr/lib/x86_64-linux-gnu/gazebo-11/plugins:/opt/ros/humble/opt/rviz_ogre_vendor/lib:/opt/ros/humble/lib/x86_64-linux-gnu:/opt/ros/humble/lib:/usr/lib/x86_64-linux-gnu/gazebo-11/plugins:/usr/lib/x86_64-linux-gnu/gazebo-11/plugins:/usr/lib/x86_64-linux-gnu/gazebo-11/plugins PYTHONPATH=/home/kky/cde2310_ws/install/explore_lite_msgs/local/lib/python3.10/dist-packages:${PYTHONPATH} /usr/bin/cmake --install /home/kky/cde2310_ws/build/explore_lite
[15.895s] Level 1:colcon.colcon_core.environment:create_environment_scripts_only(explore_lite)
[15.896s] Level 1:colcon.colcon_core.environment:checking '/home/kky/cde2310_ws/install/explore_lite' for CMake module files
[15.896s] DEBUG:colcon.colcon_core.event_handler.log_command:Invoked command in '/home/kky/cde2310_ws/build/explore_lite' returned '0': AMENT_PREFIX_PATH=/home/kky/cde2310_ws/install/explore_lite_msgs:${AMENT_PREFIX_PATH} CMAKE_PREFIX_PATH=/home/kky/cde2310_ws/install/explore_lite_msgs:/home/kky/colcon_ws/install/turtlebot3_simulations:/home/kky/colcon_ws/install/turtlebot3_gazebo:/home/kky/colcon_ws/install/turtlebot3_fake_node:/home/kky/colcon_ws/install/multirobot_map_merge:/home/kky/colcon_ws/install/explore_lite:/home/kky/turtlebot3_ws/install/turtlebot3:/home/kky/turtlebot3_ws/install/turtlebot3_bringup:/home/kky/turtlebot3_ws/install/turtlebot3_node:/home/kky/turtlebot3_ws/install/turtlebot3_navigation2:/home/kky/turtlebot3_ws/install/turtlebot3_msgs:/home/kky/turtlebot3_ws/install/turtlebot3_description:/home/kky/turtlebot3_ws/install/turtlebot3_cartographer:/home/kky/turtlebot3_ws/install/dynamixel_sdk_examples:/home/kky/turtlebot3_ws/install/dynamixel_sdk_custom_interfaces:/home/kky/turtlebot3_ws/install/dynamixel_sdk:/home/kky/colcon_ws/install/py_pubsub:/home/kky/colcon_ws/install/cde2310_e2:/home/kky/colcon_ws/install/auto_nav:/home/kky/turtlebot3_ws/install/turtlebot3_teleop:/home/kky/turtlebot3_ws/install/turtlebot3_example:/opt/ros/humble LD_LIBRARY_PATH=/home/kky/cde2310_ws/install/explore_lite_msgs/lib:/home/kky/colcon_ws/install/multirobot_map_merge/lib:/home/kky/turtlebot3_ws/install/turtlebot3_msgs/lib:/home/kky/turtlebot3_ws/install/dynamixel_sdk_custom_interfaces/lib:/home/kky/turtlebot3_ws/install/dynamixel_sdk/lib:/usr/lib/x86_64-linux-gnu/gazebo-11/plugins:/opt/ros/humble/opt/rviz_ogre_vendor/lib:/opt/ros/humble/lib/x86_64-linux-gnu:/opt/ros/humble/lib:/usr/lib/x86_64-linux-gnu/gazebo-11/plugins:/usr/lib/x86_64-linux-gnu/gazebo-11/plugins:/usr/lib/x86_64-linux-gnu/gazebo-11/plugins PYTHONPATH=/home/kky/cde2310_ws/install/explore_lite_msgs/local/lib/python3.10/dist-packages:${PYTHONPATH} /usr/bin/cmake --install /home/kky/cde2310_ws/build/explore_lite
[15.897s] Level 1:colcon.colcon_core.environment:checking '/home/kky/cde2310_ws/install/explore_lite' for CMake config files
[15.897s] Level 1:colcon.colcon_core.shell:create_environment_hook('explore_lite', 'cmake_prefix_path')
[15.897s] INFO:colcon.colcon_core.shell:Creating environment hook '/home/kky/cde2310_ws/install/explore_lite/share/explore_lite/hook/cmake_prefix_path.ps1'
[15.898s] INFO:colcon.colcon_core.shell:Creating environment descriptor '/home/kky/cde2310_ws/install/explore_lite/share/explore_lite/hook/cmake_prefix_path.dsv'
[15.898s] INFO:colcon.colcon_core.shell:Creating environment hook '/home/kky/cde2310_ws/install/explore_lite/share/explore_lite/hook/cmake_prefix_path.sh'
[15.898s] Level 1:colcon.colcon_core.environment:checking '/home/kky/cde2310_ws/install/explore_lite/lib'
[15.898s] Level 1:colcon.colcon_core.environment:checking '/home/kky/cde2310_ws/install/explore_lite/bin'
[15.898s] Level 1:colcon.colcon_core.environment:checking '/home/kky/cde2310_ws/install/explore_lite/lib/pkgconfig/explore_lite.pc'
[15.899s] Level 1:colcon.colcon_core.environment:checking '/home/kky/cde2310_ws/install/explore_lite/lib/python3.10/site-packages'
[15.899s] Level 1:colcon.colcon_core.environment:checking '/home/kky/cde2310_ws/install/explore_lite/bin'
[15.899s] INFO:colcon.colcon_core.shell:Creating package script '/home/kky/cde2310_ws/install/explore_lite/share/explore_lite/package.ps1'
[15.899s] INFO:colcon.colcon_core.shell:Creating package descriptor '/home/kky/cde2310_ws/install/explore_lite/share/explore_lite/package.dsv'
[15.900s] INFO:colcon.colcon_core.shell:Creating package script '/home/kky/cde2310_ws/install/explore_lite/share/explore_lite/package.sh'
[15.900s] INFO:colcon.colcon_core.shell:Creating package script '/home/kky/cde2310_ws/install/explore_lite/share/explore_lite/package.bash'
[15.900s] INFO:colcon.colcon_core.shell:Creating package script '/home/kky/cde2310_ws/install/explore_lite/share/explore_lite/package.zsh'
[15.900s] Level 1:colcon.colcon_core.environment:create_file_with_runtime_dependencies(/home/kky/cde2310_ws/install/explore_lite/share/colcon-core/packages/explore_lite)
[15.901s] Level 1:colcon.colcon_core.environment:create_environment_scripts_only(explore_lite)
[15.901s] Level 1:colcon.colcon_core.environment:checking '/home/kky/cde2310_ws/install/explore_lite' for CMake module files
[15.901s] Level 1:colcon.colcon_core.environment:checking '/home/kky/cde2310_ws/install/explore_lite' for CMake config files
[15.901s] Level 1:colcon.colcon_core.shell:create_environment_hook('explore_lite', 'cmake_prefix_path')
[15.902s] INFO:colcon.colcon_core.shell:Creating environment hook '/home/kky/cde2310_ws/install/explore_lite/share/explore_lite/hook/cmake_prefix_path.ps1'
[15.902s] INFO:colcon.colcon_core.shell:Creating environment descriptor '/home/kky/cde2310_ws/install/explore_lite/share/explore_lite/hook/cmake_prefix_path.dsv'
[15.902s] INFO:colcon.colcon_core.shell:Creating environment hook '/home/kky/cde2310_ws/install/explore_lite/share/explore_lite/hook/cmake_prefix_path.sh'
[15.902s] Level 1:colcon.colcon_core.environment:checking '/home/kky/cde2310_ws/install/explore_lite/lib'
[15.903s] Level 1:colcon.colcon_core.environment:checking '/home/kky/cde2310_ws/install/explore_lite/bin'
[15.903s] Level 1:colcon.colcon_core.environment:checking '/home/kky/cde2310_ws/install/explore_lite/lib/pkgconfig/explore_lite.pc'
[15.903s] Level 1:colcon.colcon_core.environment:checking '/home/kky/cde2310_ws/install/explore_lite/lib/python3.10/site-packages'
[15.903s] Level 1:colcon.colcon_core.environment:checking '/home/kky/cde2310_ws/install/explore_lite/bin'
[15.903s] INFO:colcon.colcon_core.shell:Creating package script '/home/kky/cde2310_ws/install/explore_lite/share/explore_lite/package.ps1'
[15.904s] INFO:colcon.colcon_core.shell:Creating package descriptor '/home/kky/cde2310_ws/install/explore_lite/share/explore_lite/package.dsv'
[15.904s] INFO:colcon.colcon_core.shell:Creating package script '/home/kky/cde2310_ws/install/explore_lite/share/explore_lite/package.sh'
[15.904s] INFO:colcon.colcon_core.shell:Creating package script '/home/kky/cde2310_ws/install/explore_lite/share/explore_lite/package.bash'
[15.905s] INFO:colcon.colcon_core.shell:Creating package script '/home/kky/cde2310_ws/install/explore_lite/share/explore_lite/package.zsh'
[15.905s] Level 1:colcon.colcon_core.environment:create_file_with_runtime_dependencies(/home/kky/cde2310_ws/install/explore_lite/share/colcon-core/packages/explore_lite)
[27.186s] DEBUG:colcon.colcon_core.event_handler.log_command:Invoked command in '/home/kky/cde2310_ws/build/multirobot_map_merge' returned '0': CMAKE_PREFIX_PATH=${CMAKE_PREFIX_PATH}:/home/kky/colcon_ws/install/py_pubsub:/home/kky/colcon_ws/install/cde2310_e2:/home/kky/colcon_ws/install/auto_nav:/home/kky/turtlebot3_ws/install/turtlebot3_teleop:/home/kky/turtlebot3_ws/install/turtlebot3_example:/opt/ros/humble /usr/bin/cmake --build /home/kky/cde2310_ws/build/multirobot_map_merge -- -j16 -l16
[27.188s] DEBUG:colcon.colcon_core.event_handler.log_command:Invoking command in '/home/kky/cde2310_ws/build/multirobot_map_merge': CMAKE_PREFIX_PATH=${CMAKE_PREFIX_PATH}:/home/kky/colcon_ws/install/py_pubsub:/home/kky/colcon_ws/install/cde2310_e2:/home/kky/colcon_ws/install/auto_nav:/home/kky/turtlebot3_ws/install/turtlebot3_teleop:/home/kky/turtlebot3_ws/install/turtlebot3_example:/opt/ros/humble /usr/bin/cmake --install /home/kky/cde2310_ws/build/multirobot_map_merge
[27.210s] Level 1:colcon.colcon_core.environment:create_environment_scripts_only(multirobot_map_merge)
[27.210s] Level 1:colcon.colcon_core.environment:checking '/home/kky/cde2310_ws/install/multirobot_map_merge' for CMake module files
[27.210s] DEBUG:colcon.colcon_core.event_handler.log_command:Invoked command in '/home/kky/cde2310_ws/build/multirobot_map_merge' returned '0': CMAKE_PREFIX_PATH=${CMAKE_PREFIX_PATH}:/home/kky/colcon_ws/install/py_pubsub:/home/kky/colcon_ws/install/cde2310_e2:/home/kky/colcon_ws/install/auto_nav:/home/kky/turtlebot3_ws/install/turtlebot3_teleop:/home/kky/turtlebot3_ws/install/turtlebot3_example:/opt/ros/humble /usr/bin/cmake --install /home/kky/cde2310_ws/build/multirobot_map_merge
[27.211s] Level 1:colcon.colcon_core.environment:checking '/home/kky/cde2310_ws/install/multirobot_map_merge' for CMake config files
[27.211s] Level 1:colcon.colcon_core.shell:create_environment_hook('multirobot_map_merge', 'cmake_prefix_path')
[27.211s] INFO:colcon.colcon_core.shell:Creating environment hook '/home/kky/cde2310_ws/install/multirobot_map_merge/share/multirobot_map_merge/hook/cmake_prefix_path.ps1'
[27.212s] INFO:colcon.colcon_core.shell:Creating environment descriptor '/home/kky/cde2310_ws/install/multirobot_map_merge/share/multirobot_map_merge/hook/cmake_prefix_path.dsv'
[27.212s] INFO:colcon.colcon_core.shell:Creating environment hook '/home/kky/cde2310_ws/install/multirobot_map_merge/share/multirobot_map_merge/hook/cmake_prefix_path.sh'
[27.212s] Level 1:colcon.colcon_core.environment:checking '/home/kky/cde2310_ws/install/multirobot_map_merge/lib'
[27.213s] Level 1:colcon.colcon_core.environment:checking '/home/kky/cde2310_ws/install/multirobot_map_merge/bin'
[27.213s] Level 1:colcon.colcon_core.environment:checking '/home/kky/cde2310_ws/install/multirobot_map_merge/lib/pkgconfig/multirobot_map_merge.pc'
[27.213s] Level 1:colcon.colcon_core.environment:checking '/home/kky/cde2310_ws/install/multirobot_map_merge/lib/python3.10/site-packages'
[27.213s] Level 1:colcon.colcon_core.environment:checking '/home/kky/cde2310_ws/install/multirobot_map_merge/bin'
[27.213s] INFO:colcon.colcon_core.shell:Creating package script '/home/kky/cde2310_ws/install/multirobot_map_merge/share/multirobot_map_merge/package.ps1'
[27.213s] INFO:colcon.colcon_core.shell:Creating package descriptor '/home/kky/cde2310_ws/install/multirobot_map_merge/share/multirobot_map_merge/package.dsv'
[27.214s] INFO:colcon.colcon_core.shell:Creating package script '/home/kky/cde2310_ws/install/multirobot_map_merge/share/multirobot_map_merge/package.sh'
[27.214s] INFO:colcon.colcon_core.shell:Creating package script '/home/kky/cde2310_ws/install/multirobot_map_merge/share/multirobot_map_merge/package.bash'
[27.214s] INFO:colcon.colcon_core.shell:Creating package script '/home/kky/cde2310_ws/install/multirobot_map_merge/share/multirobot_map_merge/package.zsh'
[27.214s] Level 1:colcon.colcon_core.environment:create_file_with_runtime_dependencies(/home/kky/cde2310_ws/install/multirobot_map_merge/share/colcon-core/packages/multirobot_map_merge)
[27.215s] Level 1:colcon.colcon_core.environment:create_environment_scripts_only(multirobot_map_merge)
[27.215s] Level 1:colcon.colcon_core.environment:checking '/home/kky/cde2310_ws/install/multirobot_map_merge' for CMake module files
[27.215s] Level 1:colcon.colcon_core.environment:checking '/home/kky/cde2310_ws/install/multirobot_map_merge' for CMake config files
[27.216s] Level 1:colcon.colcon_core.shell:create_environment_hook('multirobot_map_merge', 'cmake_prefix_path')
[27.216s] INFO:colcon.colcon_core.shell:Creating environment hook '/home/kky/cde2310_ws/install/multirobot_map_merge/share/multirobot_map_merge/hook/cmake_prefix_path.ps1'
[27.216s] INFO:colcon.colcon_core.shell:Creating environment descriptor '/home/kky/cde2310_ws/install/multirobot_map_merge/share/multirobot_map_merge/hook/cmake_prefix_path.dsv'
[27.216s] INFO:colcon.colcon_core.shell:Creating environment hook '/home/kky/cde2310_ws/install/multirobot_map_merge/share/multirobot_map_merge/hook/cmake_prefix_path.sh'
[27.217s] Level 1:colcon.colcon_core.environment:checking '/home/kky/cde2310_ws/install/multirobot_map_merge/lib'
[27.217s] Level 1:colcon.colcon_core.environment:checking '/home/kky/cde2310_ws/install/multirobot_map_merge/bin'
[27.217s] Level 1:colcon.colcon_core.environment:checking '/home/kky/cde2310_ws/install/multirobot_map_merge/lib/pkgconfig/multirobot_map_merge.pc'
[27.217s] Level 1:colcon.colcon_core.environment:checking '/home/kky/cde2310_ws/install/multirobot_map_merge/lib/python3.10/site-packages'
[27.217s] Level 1:colcon.colcon_core.environment:checking '/home/kky/cde2310_ws/install/multirobot_map_merge/bin'
[27.217s] INFO:colcon.colcon_core.shell:Creating package script '/home/kky/cde2310_ws/install/multirobot_map_merge/share/multirobot_map_merge/package.ps1'
[27.218s] INFO:colcon.colcon_core.shell:Creating package descriptor '/home/kky/cde2310_ws/install/multirobot_map_merge/share/multirobot_map_merge/package.dsv'
[27.218s] INFO:colcon.colcon_core.shell:Creating package script '/home/kky/cde2310_ws/install/multirobot_map_merge/share/multirobot_map_merge/package.sh'
[27.218s] INFO:colcon.colcon_core.shell:Creating package script '/home/kky/cde2310_ws/install/multirobot_map_merge/share/multirobot_map_merge/package.bash'
[27.218s] INFO:colcon.colcon_core.shell:Creating package script '/home/kky/cde2310_ws/install/multirobot_map_merge/share/multirobot_map_merge/package.zsh'
[27.219s] Level 1:colcon.colcon_core.environment:create_file_with_runtime_dependencies(/home/kky/cde2310_ws/install/multirobot_map_merge/share/colcon-core/packages/multirobot_map_merge)
[27.219s] DEBUG:colcon.colcon_parallel_executor.executor.parallel:closing loop
[27.219s] DEBUG:colcon.colcon_parallel_executor.executor.parallel:loop closed
[27.219s] DEBUG:colcon.colcon_parallel_executor.executor.parallel:run_until_complete finished with '0'
[27.220s] DEBUG:colcon.colcon_core.event_reactor:joining thread
[27.225s] INFO:colcon.colcon_core.plugin_system:Skipping extension 'colcon_notification.desktop_notification.terminal_notifier': Not used on non-Darwin systems
[27.225s] INFO:colcon.colcon_core.plugin_system:Skipping extension 'colcon_notification.desktop_notification.win32': Not used on non-Windows systems
[27.225s] INFO:colcon.colcon_notification.desktop_notification:Sending desktop notification using 'notify2'
[27.235s] DEBUG:colcon.colcon_core.event_reactor:joined thread
[27.235s] INFO:colcon.colcon_core.shell:Creating prefix script '/home/kky/cde2310_ws/install/local_setup.ps1'
[27.236s] INFO:colcon.colcon_core.shell:Creating prefix util module '/home/kky/cde2310_ws/install/_local_setup_util_ps1.py'
[27.238s] INFO:colcon.colcon_core.shell:Creating prefix chain script '/home/kky/cde2310_ws/install/setup.ps1'
[27.239s] INFO:colcon.colcon_core.shell:Creating prefix script '/home/kky/cde2310_ws/install/local_setup.sh'
[27.239s] INFO:colcon.colcon_core.shell:Creating prefix util module '/home/kky/cde2310_ws/install/_local_setup_util_sh.py'
[27.240s] INFO:colcon.colcon_core.shell:Creating prefix chain script '/home/kky/cde2310_ws/install/setup.sh'
[27.241s] INFO:colcon.colcon_core.shell:Creating prefix script '/home/kky/cde2310_ws/install/local_setup.bash'
[27.241s] INFO:colcon.colcon_core.shell:Creating prefix chain script '/home/kky/cde2310_ws/install/setup.bash'
[27.243s] INFO:colcon.colcon_core.shell:Creating prefix script '/home/kky/cde2310_ws/install/local_setup.zsh'
[27.243s] INFO:colcon.colcon_core.shell:Creating prefix chain script '/home/kky/cde2310_ws/install/setup.zsh'
